{"C:\\Users\\Rich\\Programming\\Dev\\widgit_store\\backend\\app.js": {"path":"C:\\Users\\Rich\\Programming\\Dev\\widgit_store\\backend\\app.js","statementMap":{"0":{"start":{"line":3,"column":16},"end":{"line":3,"column":34}},"1":{"start":{"line":4,"column":12},"end":{"line":4,"column":21}},"2":{"start":{"line":5,"column":13},"end":{"line":5,"column":28}},"3":{"start":{"line":6,"column":0},"end":{"line":6,"column":24}},"4":{"start":{"line":7,"column":0},"end":{"line":7,"column":16}},"5":{"start":{"line":11,"column":15},"end":{"line":11,"column":32}},"6":{"start":{"line":12,"column":0},"end":{"line":12,"column":24}},"7":{"start":{"line":14,"column":20},"end":{"line":14,"column":45}},"8":{"start":{"line":15,"column":25},"end":{"line":15,"column":57}},"9":{"start":{"line":16,"column":22},"end":{"line":16,"column":50}},"10":{"start":{"line":17,"column":20},"end":{"line":17,"column":46}},"11":{"start":{"line":18,"column":19},"end":{"line":18,"column":43}},"12":{"start":{"line":20,"column":0},"end":{"line":20,"column":31}},"13":{"start":{"line":21,"column":0},"end":{"line":21,"column":43}},"14":{"start":{"line":22,"column":0},"end":{"line":22,"column":36}},"15":{"start":{"line":23,"column":0},"end":{"line":23,"column":32}},"16":{"start":{"line":24,"column":0},"end":{"line":24,"column":25}},"17":{"start":{"line":28,"column":0},"end":{"line":34,"column":3}},"18":{"start":{"line":29,"column":14},"end":{"line":29,"column":36}},"19":{"start":{"line":30,"column":2},"end":{"line":30,"column":19}},"20":{"start":{"line":33,"column":2},"end":{"line":33,"column":19}},"21":{"start":{"line":38,"column":0},"end":{"line":47,"column":3}},"22":{"start":{"line":39,"column":2},"end":{"line":39,"column":75}},"23":{"start":{"line":39,"column":52},"end":{"line":39,"column":75}},"24":{"start":{"line":41,"column":2},"end":{"line":41,"column":32}},"25":{"start":{"line":43,"column":2},"end":{"line":46,"column":5}},"26":{"start":{"line":49,"column":0},"end":{"line":49,"column":21}}},"fnMap":{"0":{"name":"(anonymous_0)","decl":{"start":{"line":28,"column":8},"end":{"line":28,"column":9}},"loc":{"start":{"line":28,"column":34},"end":{"line":34,"column":1}},"line":28},"1":{"name":"(anonymous_1)","decl":{"start":{"line":38,"column":8},"end":{"line":38,"column":9}},"loc":{"start":{"line":38,"column":39},"end":{"line":47,"column":1}},"line":38}},"branchMap":{"0":{"loc":{"start":{"line":39,"column":2},"end":{"line":39,"column":75}},"type":"if","locations":[{"start":{"line":39,"column":2},"end":{"line":39,"column":75}},{"start":{"line":39,"column":2},"end":{"line":39,"column":75}}],"line":39},"1":{"loc":{"start":{"line":39,"column":6},"end":{"line":39,"column":50}},"type":"binary-expr","locations":[{"start":{"line":39,"column":6},"end":{"line":39,"column":37}},{"start":{"line":39,"column":41},"end":{"line":39,"column":50}}],"line":39},"2":{"loc":{"start":{"line":41,"column":13},"end":{"line":41,"column":30}},"type":"binary-expr","locations":[{"start":{"line":41,"column":13},"end":{"line":41,"column":23}},{"start":{"line":41,"column":27},"end":{"line":41,"column":30}}],"line":41}},"s":{"0":4,"1":4,"2":4,"3":4,"4":4,"5":4,"6":4,"7":4,"8":4,"9":4,"10":4,"11":4,"12":4,"13":4,"14":4,"15":4,"16":4,"17":4,"18":0,"19":0,"20":0,"21":4,"22":31,"23":0,"24":31,"25":31,"26":4},"f":{"0":0,"1":31},"b":{"0":[0,31],"1":[31,0],"2":[31,0]},"_coverageSchema":"1a1c01bbd47fc00a2c39e90264f33305004495a9","hash":"544cf51774affd51fc8e416d9f0a02d280ef6d19"}
,"C:\\Users\\Rich\\Programming\\Dev\\widgit_store\\backend\\config.js": {"path":"C:\\Users\\Rich\\Programming\\Dev\\widgit_store\\backend\\config.js","statementMap":{"0":{"start":{"line":3,"column":0},"end":{"line":3,"column":27}},"1":{"start":{"line":5,"column":15},"end":{"line":5,"column":47}},"2":{"start":{"line":7,"column":13},"end":{"line":7,"column":38}},"3":{"start":{"line":9,"column":27},"end":{"line":9,"column":67}},"4":{"start":{"line":16,"column":25},"end":{"line":16,"column":46}},"5":{"start":{"line":26,"column":0},"end":{"line":30,"column":1}},"6":{"start":{"line":27,"column":2},"end":{"line":27,"column":31}},"7":{"start":{"line":29,"column":2},"end":{"line":29,"column":54}},"8":{"start":{"line":32,"column":0},"end":{"line":32,"column":38}},"9":{"start":{"line":34,"column":0},"end":{"line":40,"column":2}}},"fnMap":{},"branchMap":{"0":{"loc":{"start":{"line":5,"column":15},"end":{"line":5,"column":47}},"type":"binary-expr","locations":[{"start":{"line":5,"column":15},"end":{"line":5,"column":37}},{"start":{"line":5,"column":41},"end":{"line":5,"column":47}}],"line":5},"1":{"loc":{"start":{"line":7,"column":13},"end":{"line":7,"column":38}},"type":"binary-expr","locations":[{"start":{"line":7,"column":13},"end":{"line":7,"column":30}},{"start":{"line":7,"column":34},"end":{"line":7,"column":38}}],"line":7},"2":{"loc":{"start":{"line":9,"column":27},"end":{"line":9,"column":67}},"type":"cond-expr","locations":[{"start":{"line":9,"column":61},"end":{"line":9,"column":62}},{"start":{"line":9,"column":65},"end":{"line":9,"column":67}}],"line":9},"3":{"loc":{"start":{"line":26,"column":0},"end":{"line":30,"column":1}},"type":"if","locations":[{"start":{"line":26,"column":0},"end":{"line":30,"column":1}},{"start":{"line":26,"column":0},"end":{"line":30,"column":1}}],"line":26},"4":{"loc":{"start":{"line":29,"column":11},"end":{"line":29,"column":53}},"type":"binary-expr","locations":[{"start":{"line":29,"column":11},"end":{"line":29,"column":35}},{"start":{"line":29,"column":39},"end":{"line":29,"column":53}}],"line":29}},"s":{"0":5,"1":5,"2":5,"3":5,"4":5,"5":5,"6":5,"7":0,"8":5,"9":5},"f":{},"b":{"0":[5,0],"1":[5,0],"2":[5,0],"3":[5,0],"4":[0,0]},"_coverageSchema":"1a1c01bbd47fc00a2c39e90264f33305004495a9","hash":"e623c40bd55e98a42caaab5056b2df470aecaa81"}
,"C:\\Users\\Rich\\Programming\\Dev\\widgit_store\\backend\\db.js": {"path":"C:\\Users\\Rich\\Programming\\Dev\\widgit_store\\backend\\db.js","statementMap":{"0":{"start":{"line":3,"column":19},"end":{"line":3,"column":32}},"1":{"start":{"line":4,"column":19},"end":{"line":4,"column":38}},"2":{"start":{"line":6,"column":15},"end":{"line":8,"column":2}},"3":{"start":{"line":10,"column":0},"end":{"line":10,"column":17}},"4":{"start":{"line":12,"column":0},"end":{"line":12,"column":24}}},"fnMap":{},"branchMap":{},"s":{"0":4,"1":4,"2":4,"3":4,"4":4},"f":{},"b":{},"_coverageSchema":"1a1c01bbd47fc00a2c39e90264f33305004495a9","hash":"ddb8bdd3fc7848a882454218a6ef2e4bebfacc31"}
,"C:\\Users\\Rich\\Programming\\Dev\\widgit_store\\backend\\helpers\\createToken.js": {"path":"C:\\Users\\Rich\\Programming\\Dev\\widgit_store\\backend\\helpers\\createToken.js","statementMap":{"0":{"start":{"line":1,"column":12},"end":{"line":1,"column":35}},"1":{"start":{"line":2,"column":19},"end":{"line":2,"column":39}},"2":{"start":{"line":7,"column":16},"end":{"line":11,"column":3}},"3":{"start":{"line":13,"column":2},"end":{"line":13,"column":35}},"4":{"start":{"line":16,"column":0},"end":{"line":16,"column":29}}},"fnMap":{"0":{"name":"createToken","decl":{"start":{"line":6,"column":9},"end":{"line":6,"column":20}},"loc":{"start":{"line":6,"column":27},"end":{"line":14,"column":1}},"line":6}},"branchMap":{},"s":{"0":4,"1":4,"2":61,"3":61,"4":4},"f":{"0":61},"b":{},"_coverageSchema":"1a1c01bbd47fc00a2c39e90264f33305004495a9","hash":"a3820bcd772018d1f2769a6a70b6df3eea9119ab"}
,"C:\\Users\\Rich\\Programming\\Dev\\widgit_store\\backend\\helpers\\partialUpdate.js": {"path":"C:\\Users\\Rich\\Programming\\Dev\\widgit_store\\backend\\helpers\\partialUpdate.js","statementMap":{"0":{"start":{"line":14,"column":29},"end":{"line":14,"column":49}},"1":{"start":{"line":20,"column":12},"end":{"line":20,"column":13}},"2":{"start":{"line":21,"column":16},"end":{"line":21,"column":18}},"3":{"start":{"line":24,"column":2},"end":{"line":28,"column":3}},"4":{"start":{"line":25,"column":4},"end":{"line":27,"column":5}},"5":{"start":{"line":26,"column":6},"end":{"line":26,"column":24}},"6":{"start":{"line":30,"column":2},"end":{"line":33,"column":3}},"7":{"start":{"line":31,"column":4},"end":{"line":31,"column":38}},"8":{"start":{"line":32,"column":4},"end":{"line":32,"column":13}},"9":{"start":{"line":37,"column":19},"end":{"line":39,"column":8}},"10":{"start":{"line":42,"column":13},"end":{"line":42,"column":31}},"11":{"start":{"line":43,"column":14},"end":{"line":43,"column":87}},"12":{"start":{"line":45,"column":15},"end":{"line":45,"column":35}},"13":{"start":{"line":46,"column":2},"end":{"line":46,"column":18}},"14":{"start":{"line":48,"column":2},"end":{"line":48,"column":27}},"15":{"start":{"line":51,"column":0},"end":{"line":51,"column":37}}},"fnMap":{"0":{"name":"sqlForPartialUpdate","decl":{"start":{"line":16,"column":9},"end":{"line":16,"column":28}},"loc":{"start":{"line":16,"column":52},"end":{"line":49,"column":1}},"line":16}},"branchMap":{"0":{"loc":{"start":{"line":25,"column":4},"end":{"line":27,"column":5}},"type":"if","locations":[{"start":{"line":25,"column":4},"end":{"line":27,"column":5}},{"start":{"line":25,"column":4},"end":{"line":27,"column":5}}],"line":25},"1":{"loc":{"start":{"line":37,"column":19},"end":{"line":39,"column":8}},"type":"cond-expr","locations":[{"start":{"line":38,"column":6},"end":{"line":38,"column":29}},{"start":{"line":39,"column":6},"end":{"line":39,"column":8}}],"line":37}},"s":{"0":5,"1":12,"2":12,"3":12,"4":22,"5":10,"6":12,"7":12,"8":12,"9":12,"10":12,"11":12,"12":12,"13":12,"14":12,"15":5},"f":{"0":12},"b":{"0":[10,12],"1":[7,5]},"_coverageSchema":"1a1c01bbd47fc00a2c39e90264f33305004495a9","hash":"a6c8813d8187b0afd82ad10908a5129c952a2dbd"}
,"C:\\Users\\Rich\\Programming\\Dev\\widgit_store\\backend\\helpers\\testsConfig.js": {"path":"C:\\Users\\Rich\\Programming\\Dev\\widgit_store\\backend\\helpers\\testsConfig.js","statementMap":{"0":{"start":{"line":4,"column":16},"end":{"line":4,"column":36}},"1":{"start":{"line":5,"column":12},"end":{"line":5,"column":35}},"2":{"start":{"line":6,"column":15},"end":{"line":6,"column":32}},"3":{"start":{"line":9,"column":12},"end":{"line":9,"column":29}},"4":{"start":{"line":10,"column":11},"end":{"line":10,"column":27}},"5":{"start":{"line":11,"column":20},"end":{"line":11,"column":44}},"6":{"start":{"line":12,"column":31},"end":{"line":12,"column":51}},"7":{"start":{"line":15,"column":18},"end":{"line":15,"column":20}},"8":{"start":{"line":18,"column":2},"end":{"line":21,"column":3}},"9":{"start":{"line":20,"column":4},"end":{"line":20,"column":25}},"10":{"start":{"line":31,"column":2},"end":{"line":88,"column":3}},"11":{"start":{"line":33,"column":27},"end":{"line":33,"column":74}},"12":{"start":{"line":34,"column":24},"end":{"line":43,"column":5}},"13":{"start":{"line":48,"column":4},"end":{"line":48,"column":45}},"14":{"start":{"line":49,"column":4},"end":{"line":53,"column":7}},"15":{"start":{"line":56,"column":20},"end":{"line":58,"column":5}},"16":{"start":{"line":59,"column":4},"end":{"line":59,"column":48}},"17":{"start":{"line":62,"column":26},"end":{"line":67,"column":5}},"18":{"start":{"line":68,"column":4},"end":{"line":68,"column":50}},"19":{"start":{"line":71,"column":21},"end":{"line":77,"column":5}},"20":{"start":{"line":78,"column":4},"end":{"line":78,"column":43}},"21":{"start":{"line":81,"column":4},"end":{"line":85,"column":6}},"22":{"start":{"line":87,"column":4},"end":{"line":87,"column":25}},"23":{"start":{"line":92,"column":2},"end":{"line":100,"column":3}},"24":{"start":{"line":93,"column":4},"end":{"line":93,"column":50}},"25":{"start":{"line":94,"column":4},"end":{"line":94,"column":41}},"26":{"start":{"line":95,"column":4},"end":{"line":95,"column":43}},"27":{"start":{"line":96,"column":4},"end":{"line":96,"column":47}},"28":{"start":{"line":97,"column":4},"end":{"line":97,"column":40}},"29":{"start":{"line":99,"column":4},"end":{"line":99,"column":25}},"30":{"start":{"line":104,"column":2},"end":{"line":108,"column":3}},"31":{"start":{"line":105,"column":4},"end":{"line":105,"column":19}},"32":{"start":{"line":107,"column":4},"end":{"line":107,"column":36}},"33":{"start":{"line":111,"column":0},"end":{"line":117,"column":2}}},"fnMap":{"0":{"name":"populateTestDataHook","decl":{"start":{"line":17,"column":15},"end":{"line":17,"column":28}},"loc":{"start":{"line":17,"column":31},"end":{"line":22,"column":1}},"line":17},"1":{"name":"addTestDataHook","decl":{"start":{"line":30,"column":15},"end":{"line":30,"column":29}},"loc":{"start":{"line":30,"column":41},"end":{"line":89,"column":1}},"line":30},"2":{"name":"clearDBTablesHook","decl":{"start":{"line":91,"column":15},"end":{"line":91,"column":28}},"loc":{"start":{"line":91,"column":31},"end":{"line":101,"column":1}},"line":91},"3":{"name":"afterAllHook","decl":{"start":{"line":103,"column":15},"end":{"line":103,"column":27}},"loc":{"start":{"line":103,"column":30},"end":{"line":109,"column":1}},"line":103}},"branchMap":{},"s":{"0":4,"1":4,"2":4,"3":4,"4":4,"5":4,"6":4,"7":4,"8":4,"9":0,"10":57,"11":57,"12":57,"13":57,"14":57,"15":57,"16":57,"17":57,"18":57,"19":57,"20":57,"21":57,"22":0,"23":57,"24":57,"25":57,"26":57,"27":57,"28":57,"29":0,"30":4,"31":4,"32":0,"33":4},"f":{"0":4,"1":57,"2":57,"3":4},"b":{},"_coverageSchema":"1a1c01bbd47fc00a2c39e90264f33305004495a9","hash":"1194cd9d54b4f328040c90b69a7123490e3521cc"}
,"C:\\Users\\Rich\\Programming\\Dev\\widgit_store\\backend\\middleware\\auth.js": {"path":"C:\\Users\\Rich\\Programming\\Dev\\widgit_store\\backend\\middleware\\auth.js","statementMap":{"0":{"start":{"line":3,"column":12},"end":{"line":3,"column":35}},"1":{"start":{"line":4,"column":19},"end":{"line":4,"column":39}},"2":{"start":{"line":15,"column":2},"end":{"line":26,"column":3}},"3":{"start":{"line":16,"column":21},"end":{"line":16,"column":56}},"4":{"start":{"line":17,"column":16},"end":{"line":17,"column":44}},"5":{"start":{"line":18,"column":4},"end":{"line":18,"column":34}},"6":{"start":{"line":19,"column":4},"end":{"line":19,"column":32}},"7":{"start":{"line":20,"column":4},"end":{"line":20,"column":34}},"8":{"start":{"line":21,"column":4},"end":{"line":21,"column":18}},"9":{"start":{"line":23,"column":23},"end":{"line":23,"column":64}},"10":{"start":{"line":24,"column":4},"end":{"line":24,"column":30}},"11":{"start":{"line":25,"column":4},"end":{"line":25,"column":30}},"12":{"start":{"line":38,"column":2},"end":{"line":55,"column":3}},"13":{"start":{"line":39,"column":21},"end":{"line":39,"column":56}},"14":{"start":{"line":41,"column":16},"end":{"line":41,"column":44}},"15":{"start":{"line":42,"column":4},"end":{"line":42,"column":34}},"16":{"start":{"line":44,"column":4},"end":{"line":46,"column":5}},"17":{"start":{"line":45,"column":6},"end":{"line":45,"column":20}},"18":{"start":{"line":49,"column":4},"end":{"line":49,"column":22}},"19":{"start":{"line":51,"column":25},"end":{"line":51,"column":69}},"20":{"start":{"line":52,"column":4},"end":{"line":52,"column":30}},"21":{"start":{"line":54,"column":4},"end":{"line":54,"column":30}},"22":{"start":{"line":68,"column":2},"end":{"line":86,"column":3}},"23":{"start":{"line":69,"column":21},"end":{"line":69,"column":56}},"24":{"start":{"line":71,"column":16},"end":{"line":71,"column":44}},"25":{"start":{"line":72,"column":4},"end":{"line":72,"column":34}},"26":{"start":{"line":73,"column":4},"end":{"line":73,"column":32}},"27":{"start":{"line":75,"column":4},"end":{"line":77,"column":5}},"28":{"start":{"line":76,"column":6},"end":{"line":76,"column":20}},"29":{"start":{"line":80,"column":4},"end":{"line":80,"column":22}},"30":{"start":{"line":82,"column":25},"end":{"line":82,"column":61}},"31":{"start":{"line":83,"column":4},"end":{"line":83,"column":30}},"32":{"start":{"line":85,"column":4},"end":{"line":85,"column":30}},"33":{"start":{"line":99,"column":2},"end":{"line":117,"column":3}},"34":{"start":{"line":100,"column":21},"end":{"line":100,"column":56}},"35":{"start":{"line":102,"column":16},"end":{"line":102,"column":44}},"36":{"start":{"line":103,"column":4},"end":{"line":103,"column":34}},"37":{"start":{"line":104,"column":4},"end":{"line":104,"column":32}},"38":{"start":{"line":106,"column":4},"end":{"line":108,"column":5}},"39":{"start":{"line":107,"column":6},"end":{"line":107,"column":20}},"40":{"start":{"line":111,"column":4},"end":{"line":111,"column":22}},"41":{"start":{"line":113,"column":25},"end":{"line":113,"column":61}},"42":{"start":{"line":114,"column":4},"end":{"line":114,"column":30}},"43":{"start":{"line":116,"column":4},"end":{"line":116,"column":30}},"44":{"start":{"line":120,"column":0},"end":{"line":125,"column":2}}},"fnMap":{"0":{"name":"authRequired","decl":{"start":{"line":14,"column":9},"end":{"line":14,"column":21}},"loc":{"start":{"line":14,"column":38},"end":{"line":27,"column":1}},"line":14},"1":{"name":"adminRequired","decl":{"start":{"line":37,"column":9},"end":{"line":37,"column":22}},"loc":{"start":{"line":37,"column":39},"end":{"line":56,"column":1}},"line":37},"2":{"name":"ensureCorrectUser","decl":{"start":{"line":67,"column":9},"end":{"line":67,"column":26}},"loc":{"start":{"line":67,"column":43},"end":{"line":87,"column":1}},"line":67},"3":{"name":"ensureCorrectUserId","decl":{"start":{"line":98,"column":9},"end":{"line":98,"column":28}},"loc":{"start":{"line":98,"column":45},"end":{"line":118,"column":1}},"line":98}},"branchMap":{"0":{"loc":{"start":{"line":16,"column":21},"end":{"line":16,"column":56}},"type":"binary-expr","locations":[{"start":{"line":16,"column":21},"end":{"line":16,"column":36}},{"start":{"line":16,"column":40},"end":{"line":16,"column":56}}],"line":16},"1":{"loc":{"start":{"line":39,"column":21},"end":{"line":39,"column":56}},"type":"binary-expr","locations":[{"start":{"line":39,"column":21},"end":{"line":39,"column":36}},{"start":{"line":39,"column":40},"end":{"line":39,"column":56}}],"line":39},"2":{"loc":{"start":{"line":44,"column":4},"end":{"line":46,"column":5}},"type":"if","locations":[{"start":{"line":44,"column":4},"end":{"line":46,"column":5}},{"start":{"line":44,"column":4},"end":{"line":46,"column":5}}],"line":44},"3":{"loc":{"start":{"line":69,"column":21},"end":{"line":69,"column":56}},"type":"binary-expr","locations":[{"start":{"line":69,"column":21},"end":{"line":69,"column":36}},{"start":{"line":69,"column":40},"end":{"line":69,"column":56}}],"line":69},"4":{"loc":{"start":{"line":75,"column":4},"end":{"line":77,"column":5}},"type":"if","locations":[{"start":{"line":75,"column":4},"end":{"line":77,"column":5}},{"start":{"line":75,"column":4},"end":{"line":77,"column":5}}],"line":75},"5":{"loc":{"start":{"line":100,"column":21},"end":{"line":100,"column":56}},"type":"binary-expr","locations":[{"start":{"line":100,"column":21},"end":{"line":100,"column":36}},{"start":{"line":100,"column":40},"end":{"line":100,"column":56}}],"line":100},"6":{"loc":{"start":{"line":106,"column":4},"end":{"line":108,"column":5}},"type":"if","locations":[{"start":{"line":106,"column":4},"end":{"line":108,"column":5}},{"start":{"line":106,"column":4},"end":{"line":108,"column":5}}],"line":106}},"s":{"0":4,"1":4,"2":9,"3":9,"4":9,"5":9,"6":9,"7":9,"8":9,"9":0,"10":0,"11":0,"12":28,"13":28,"14":28,"15":28,"16":28,"17":28,"18":0,"19":0,"20":0,"21":0,"22":18,"23":18,"24":18,"25":17,"26":17,"27":17,"28":14,"29":3,"30":4,"31":4,"32":4,"33":0,"34":0,"35":0,"36":0,"37":0,"38":0,"39":0,"40":0,"41":0,"42":0,"43":0,"44":4},"f":{"0":9,"1":28,"2":18,"3":0},"b":{"0":[9,0],"1":[28,0],"2":[28,0],"3":[18,1],"4":[14,3],"5":[0,0],"6":[0,0]},"_coverageSchema":"1a1c01bbd47fc00a2c39e90264f33305004495a9","hash":"8084e0beffe537dc4adfd8c802684747cdc64a6f"}
,"C:\\Users\\Rich\\Programming\\Dev\\widgit_store\\backend\\models\\distributor.js": {"path":"C:\\Users\\Rich\\Programming\\Dev\\widgit_store\\backend\\models\\distributor.js","statementMap":{"0":{"start":{"line":1,"column":11},"end":{"line":1,"column":27}},"1":{"start":{"line":2,"column":28},"end":{"line":2,"column":63}},"2":{"start":{"line":4,"column":0},"end":{"line":5,"column":88}},"3":{"start":{"line":13,"column":28},"end":{"line":13,"column":72}},"4":{"start":{"line":16,"column":4},"end":{"line":18,"column":6}},"5":{"start":{"line":17,"column":6},"end":{"line":17,"column":55}},"6":{"start":{"line":24,"column":27},"end":{"line":29,"column":5}},"7":{"start":{"line":31,"column":24},"end":{"line":31,"column":46}},"8":{"start":{"line":33,"column":4},"end":{"line":39,"column":5}},"9":{"start":{"line":34,"column":20},"end":{"line":36,"column":7}},"10":{"start":{"line":37,"column":6},"end":{"line":37,"column":25}},"11":{"start":{"line":38,"column":6},"end":{"line":38,"column":18}},"12":{"start":{"line":41,"column":4},"end":{"line":41,"column":64}},"13":{"start":{"line":43,"column":4},"end":{"line":43,"column":23}},"14":{"start":{"line":49,"column":27},"end":{"line":54,"column":5}},"15":{"start":{"line":56,"column":4},"end":{"line":62,"column":5}},"16":{"start":{"line":57,"column":27},"end":{"line":59,"column":7}},"17":{"start":{"line":60,"column":6},"end":{"line":60,"column":34}},"18":{"start":{"line":61,"column":6},"end":{"line":61,"column":27}},"19":{"start":{"line":64,"column":19},"end":{"line":79,"column":5}},"20":{"start":{"line":81,"column":4},"end":{"line":81,"column":26}},"21":{"start":{"line":94,"column":28},"end":{"line":99,"column":5}},"22":{"start":{"line":101,"column":19},"end":{"line":101,"column":48}},"23":{"start":{"line":102,"column":24},"end":{"line":102,"column":38}},"24":{"start":{"line":104,"column":4},"end":{"line":108,"column":5}},"25":{"start":{"line":105,"column":21},"end":{"line":105,"column":77}},"26":{"start":{"line":106,"column":6},"end":{"line":106,"column":28}},"27":{"start":{"line":107,"column":6},"end":{"line":107,"column":21}},"28":{"start":{"line":110,"column":4},"end":{"line":110,"column":23}},"29":{"start":{"line":116,"column":19},"end":{"line":121,"column":5}},"30":{"start":{"line":123,"column":4},"end":{"line":127,"column":5}},"31":{"start":{"line":124,"column":21},"end":{"line":124,"column":77}},"32":{"start":{"line":125,"column":6},"end":{"line":125,"column":28}},"33":{"start":{"line":126,"column":6},"end":{"line":126,"column":21}},"34":{"start":{"line":131,"column":0},"end":{"line":131,"column":29}}},"fnMap":{"0":{"name":"(anonymous_0)","decl":{"start":{"line":12,"column":2},"end":{"line":12,"column":3}},"loc":{"start":{"line":12,"column":25},"end":{"line":19,"column":3}},"line":12},"1":{"name":"(anonymous_1)","decl":{"start":{"line":16,"column":36},"end":{"line":16,"column":37}},"loc":{"start":{"line":17,"column":6},"end":{"line":17,"column":55}},"line":17},"2":{"name":"(anonymous_2)","decl":{"start":{"line":23,"column":2},"end":{"line":23,"column":3}},"loc":{"start":{"line":23,"column":27},"end":{"line":44,"column":3}},"line":23},"3":{"name":"(anonymous_3)","decl":{"start":{"line":48,"column":2},"end":{"line":48,"column":3}},"loc":{"start":{"line":48,"column":28},"end":{"line":82,"column":3}},"line":48},"4":{"name":"(anonymous_4)","decl":{"start":{"line":93,"column":2},"end":{"line":93,"column":3}},"loc":{"start":{"line":93,"column":32},"end":{"line":111,"column":3}},"line":93},"5":{"name":"(anonymous_5)","decl":{"start":{"line":115,"column":2},"end":{"line":115,"column":3}},"loc":{"start":{"line":115,"column":26},"end":{"line":128,"column":3}},"line":115}},"branchMap":{"0":{"loc":{"start":{"line":17,"column":6},"end":{"line":17,"column":55}},"type":"cond-expr","locations":[{"start":{"line":17,"column":19},"end":{"line":17,"column":20}},{"start":{"line":17,"column":23},"end":{"line":17,"column":55}}],"line":17},"1":{"loc":{"start":{"line":33,"column":4},"end":{"line":39,"column":5}},"type":"if","locations":[{"start":{"line":33,"column":4},"end":{"line":39,"column":5}},{"start":{"line":33,"column":4},"end":{"line":39,"column":5}}],"line":33},"2":{"loc":{"start":{"line":41,"column":27},"end":{"line":41,"column":63}},"type":"binary-expr","locations":[{"start":{"line":41,"column":27},"end":{"line":41,"column":47}},{"start":{"line":41,"column":51},"end":{"line":41,"column":63}}],"line":41},"3":{"loc":{"start":{"line":56,"column":4},"end":{"line":62,"column":5}},"type":"if","locations":[{"start":{"line":56,"column":4},"end":{"line":62,"column":5}},{"start":{"line":56,"column":4},"end":{"line":62,"column":5}}],"line":56},"4":{"loc":{"start":{"line":104,"column":4},"end":{"line":108,"column":5}},"type":"if","locations":[{"start":{"line":104,"column":4},"end":{"line":108,"column":5}},{"start":{"line":104,"column":4},"end":{"line":108,"column":5}}],"line":104},"5":{"loc":{"start":{"line":123,"column":4},"end":{"line":127,"column":5}},"type":"if","locations":[{"start":{"line":123,"column":4},"end":{"line":127,"column":5}},{"start":{"line":123,"column":4},"end":{"line":127,"column":5}}],"line":123}},"s":{"0":4,"1":4,"2":4,"3":1,"4":1,"5":1,"6":2,"7":2,"8":2,"9":1,"10":1,"11":1,"12":1,"13":1,"14":2,"15":2,"16":1,"17":1,"18":1,"19":1,"20":1,"21":2,"22":2,"23":2,"24":2,"25":1,"26":1,"27":1,"28":1,"29":3,"30":3,"31":1,"32":1,"33":1,"34":4},"f":{"0":1,"1":1,"2":2,"3":2,"4":2,"5":3},"b":{"0":[0,1],"1":[1,1],"2":[1,1],"3":[1,1],"4":[1,1],"5":[1,2]},"_coverageSchema":"1a1c01bbd47fc00a2c39e90264f33305004495a9","hash":"00bd9a726cec450960c2026906bdbd4dd9297883"}
,"C:\\Users\\Rich\\Programming\\Dev\\widgit_store\\backend\\models\\order.js": {"path":"C:\\Users\\Rich\\Programming\\Dev\\widgit_store\\backend\\models\\order.js","statementMap":{"0":{"start":{"line":1,"column":11},"end":{"line":1,"column":27}},"1":{"start":{"line":2,"column":28},"end":{"line":2,"column":63}},"2":{"start":{"line":3,"column":16},"end":{"line":3,"column":36}},"3":{"start":{"line":11,"column":22},"end":{"line":13,"column":5}},"4":{"start":{"line":14,"column":4},"end":{"line":14,"column":26}},"5":{"start":{"line":20,"column":21},"end":{"line":28,"column":5}},"6":{"start":{"line":30,"column":18},"end":{"line":30,"column":34}},"7":{"start":{"line":32,"column":4},"end":{"line":36,"column":5}},"8":{"start":{"line":33,"column":20},"end":{"line":33,"column":77}},"9":{"start":{"line":34,"column":6},"end":{"line":34,"column":25}},"10":{"start":{"line":35,"column":6},"end":{"line":35,"column":18}},"11":{"start":{"line":38,"column":4},"end":{"line":38,"column":17}},"12":{"start":{"line":52,"column":20},"end":{"line":52,"column":68}},"13":{"start":{"line":53,"column":4},"end":{"line":59,"column":5}},"14":{"start":{"line":54,"column":23},"end":{"line":56,"column":7}},"15":{"start":{"line":57,"column":6},"end":{"line":57,"column":28}},"16":{"start":{"line":58,"column":6},"end":{"line":58,"column":21}},"17":{"start":{"line":61,"column":19},"end":{"line":81,"column":5}},"18":{"start":{"line":82,"column":18},"end":{"line":82,"column":32}},"19":{"start":{"line":86,"column":4},"end":{"line":93,"column":11}},"20":{"start":{"line":87,"column":18},"end":{"line":90,"column":7}},"21":{"start":{"line":91,"column":6},"end":{"line":91,"column":28}},"22":{"start":{"line":92,"column":6},"end":{"line":92,"column":17}},"23":{"start":{"line":95,"column":4},"end":{"line":95,"column":17}},"24":{"start":{"line":108,"column":28},"end":{"line":113,"column":5}},"25":{"start":{"line":114,"column":19},"end":{"line":114,"column":48}},"26":{"start":{"line":115,"column":18},"end":{"line":115,"column":32}},"27":{"start":{"line":117,"column":4},"end":{"line":121,"column":5}},"28":{"start":{"line":118,"column":21},"end":{"line":118,"column":77}},"29":{"start":{"line":119,"column":6},"end":{"line":119,"column":28}},"30":{"start":{"line":120,"column":6},"end":{"line":120,"column":21}},"31":{"start":{"line":123,"column":4},"end":{"line":123,"column":17}},"32":{"start":{"line":129,"column":19},"end":{"line":134,"column":5}},"33":{"start":{"line":136,"column":4},"end":{"line":140,"column":5}},"34":{"start":{"line":137,"column":21},"end":{"line":137,"column":68}},"35":{"start":{"line":138,"column":6},"end":{"line":138,"column":28}},"36":{"start":{"line":139,"column":6},"end":{"line":139,"column":21}},"37":{"start":{"line":144,"column":0},"end":{"line":144,"column":23}}},"fnMap":{"0":{"name":"(anonymous_0)","decl":{"start":{"line":10,"column":2},"end":{"line":10,"column":3}},"loc":{"start":{"line":10,"column":25},"end":{"line":15,"column":3}},"line":10},"1":{"name":"(anonymous_1)","decl":{"start":{"line":19,"column":2},"end":{"line":19,"column":3}},"loc":{"start":{"line":19,"column":33},"end":{"line":39,"column":3}},"line":19},"2":{"name":"(anonymous_2)","decl":{"start":{"line":50,"column":2},"end":{"line":50,"column":3}},"loc":{"start":{"line":50,"column":28},"end":{"line":96,"column":3}},"line":50},"3":{"name":"(anonymous_3)","decl":{"start":{"line":86,"column":42},"end":{"line":86,"column":43}},"loc":{"start":{"line":86,"column":75},"end":{"line":93,"column":5}},"line":86},"4":{"name":"(anonymous_4)","decl":{"start":{"line":107,"column":2},"end":{"line":107,"column":3}},"loc":{"start":{"line":107,"column":38},"end":{"line":124,"column":3}},"line":107},"5":{"name":"(anonymous_5)","decl":{"start":{"line":128,"column":2},"end":{"line":128,"column":3}},"loc":{"start":{"line":128,"column":32},"end":{"line":141,"column":3}},"line":128}},"branchMap":{"0":{"loc":{"start":{"line":32,"column":4},"end":{"line":36,"column":5}},"type":"if","locations":[{"start":{"line":32,"column":4},"end":{"line":36,"column":5}},{"start":{"line":32,"column":4},"end":{"line":36,"column":5}}],"line":32},"1":{"loc":{"start":{"line":53,"column":4},"end":{"line":59,"column":5}},"type":"if","locations":[{"start":{"line":53,"column":4},"end":{"line":59,"column":5}},{"start":{"line":53,"column":4},"end":{"line":59,"column":5}}],"line":53},"2":{"loc":{"start":{"line":117,"column":4},"end":{"line":121,"column":5}},"type":"if","locations":[{"start":{"line":117,"column":4},"end":{"line":121,"column":5}},{"start":{"line":117,"column":4},"end":{"line":121,"column":5}}],"line":117},"3":{"loc":{"start":{"line":136,"column":4},"end":{"line":140,"column":5}},"type":"if","locations":[{"start":{"line":136,"column":4},"end":{"line":140,"column":5}},{"start":{"line":136,"column":4},"end":{"line":140,"column":5}}],"line":136}},"s":{"0":4,"1":4,"2":4,"3":1,"4":1,"5":2,"6":2,"7":2,"8":1,"9":1,"10":1,"11":1,"12":3,"13":3,"14":2,"15":2,"16":2,"17":1,"18":1,"19":1,"20":1,"21":1,"22":1,"23":1,"24":2,"25":2,"26":2,"27":2,"28":1,"29":1,"30":1,"31":1,"32":4,"33":4,"34":1,"35":1,"36":1,"37":4},"f":{"0":1,"1":2,"2":3,"3":1,"4":2,"5":4},"b":{"0":[1,1],"1":[2,1],"2":[1,1],"3":[1,3]},"_coverageSchema":"1a1c01bbd47fc00a2c39e90264f33305004495a9","hash":"42e439d7e07b1d04d4ce58110d376d52c4b1eb57"}
,"C:\\Users\\Rich\\Programming\\Dev\\widgit_store\\backend\\models\\product.js": {"path":"C:\\Users\\Rich\\Programming\\Dev\\widgit_store\\backend\\models\\product.js","statementMap":{"0":{"start":{"line":1,"column":11},"end":{"line":1,"column":27}},"1":{"start":{"line":2,"column":28},"end":{"line":2,"column":63}},"2":{"start":{"line":10,"column":20},"end":{"line":12,"column":20}},"3":{"start":{"line":13,"column":27},"end":{"line":13,"column":29}},"4":{"start":{"line":14,"column":22},"end":{"line":14,"column":24}},"5":{"start":{"line":15,"column":18},"end":{"line":15,"column":20}},"6":{"start":{"line":20,"column":4},"end":{"line":23,"column":5}},"7":{"start":{"line":21,"column":6},"end":{"line":21,"column":42}},"8":{"start":{"line":22,"column":6},"end":{"line":22,"column":65}},"9":{"start":{"line":25,"column":4},"end":{"line":28,"column":5}},"10":{"start":{"line":26,"column":6},"end":{"line":26,"column":40}},"11":{"start":{"line":27,"column":6},"end":{"line":27,"column":63}},"12":{"start":{"line":30,"column":4},"end":{"line":33,"column":5}},"13":{"start":{"line":31,"column":6},"end":{"line":31,"column":40}},"14":{"start":{"line":32,"column":6},"end":{"line":32,"column":63}},"15":{"start":{"line":35,"column":4},"end":{"line":38,"column":5}},"16":{"start":{"line":36,"column":6},"end":{"line":36,"column":40}},"17":{"start":{"line":37,"column":6},"end":{"line":37,"column":67}},"18":{"start":{"line":40,"column":4},"end":{"line":46,"column":67}},"19":{"start":{"line":46,"column":6},"end":{"line":46,"column":67}},"20":{"start":{"line":48,"column":4},"end":{"line":48,"column":60}},"21":{"start":{"line":48,"column":37},"end":{"line":48,"column":60}},"22":{"start":{"line":52,"column":21},"end":{"line":52,"column":73}},"23":{"start":{"line":53,"column":24},"end":{"line":53,"column":63}},"24":{"start":{"line":54,"column":4},"end":{"line":54,"column":28}},"25":{"start":{"line":60,"column":23},"end":{"line":65,"column":5}},"26":{"start":{"line":67,"column":20},"end":{"line":67,"column":38}},"27":{"start":{"line":69,"column":4},"end":{"line":75,"column":5}},"28":{"start":{"line":70,"column":20},"end":{"line":72,"column":7}},"29":{"start":{"line":73,"column":6},"end":{"line":73,"column":25}},"30":{"start":{"line":74,"column":6},"end":{"line":74,"column":18}},"31":{"start":{"line":77,"column":4},"end":{"line":77,"column":19}},"32":{"start":{"line":84,"column":23},"end":{"line":87,"column":5}},"33":{"start":{"line":88,"column":4},"end":{"line":92,"column":5}},"34":{"start":{"line":89,"column":23},"end":{"line":89,"column":76}},"35":{"start":{"line":90,"column":6},"end":{"line":90,"column":28}},"36":{"start":{"line":91,"column":6},"end":{"line":91,"column":21}},"37":{"start":{"line":94,"column":19},"end":{"line":108,"column":5}},"38":{"start":{"line":110,"column":4},"end":{"line":110,"column":26}},"39":{"start":{"line":123,"column":28},"end":{"line":128,"column":5}},"40":{"start":{"line":130,"column":19},"end":{"line":130,"column":48}},"41":{"start":{"line":131,"column":20},"end":{"line":131,"column":34}},"42":{"start":{"line":133,"column":4},"end":{"line":139,"column":5}},"43":{"start":{"line":134,"column":21},"end":{"line":136,"column":7}},"44":{"start":{"line":137,"column":6},"end":{"line":137,"column":28}},"45":{"start":{"line":138,"column":6},"end":{"line":138,"column":21}},"46":{"start":{"line":141,"column":4},"end":{"line":141,"column":19}},"47":{"start":{"line":147,"column":19},"end":{"line":154,"column":5}},"48":{"start":{"line":156,"column":4},"end":{"line":160,"column":5}},"49":{"start":{"line":157,"column":21},"end":{"line":157,"column":72}},"50":{"start":{"line":158,"column":6},"end":{"line":158,"column":28}},"51":{"start":{"line":159,"column":6},"end":{"line":159,"column":21}},"52":{"start":{"line":175,"column":24},"end":{"line":175,"column":26}},"53":{"start":{"line":176,"column":4},"end":{"line":201,"column":5}},"54":{"start":{"line":178,"column":6},"end":{"line":187,"column":7}},"55":{"start":{"line":179,"column":20},"end":{"line":185,"column":9}},"56":{"start":{"line":186,"column":8},"end":{"line":186,"column":61}},"57":{"start":{"line":189,"column":6},"end":{"line":189,"column":18}},"58":{"start":{"line":192,"column":6},"end":{"line":199,"column":9}},"59":{"start":{"line":193,"column":8},"end":{"line":198,"column":10}},"60":{"start":{"line":200,"column":6},"end":{"line":200,"column":19}},"61":{"start":{"line":205,"column":0},"end":{"line":205,"column":25}}},"fnMap":{"0":{"name":"(anonymous_0)","decl":{"start":{"line":9,"column":2},"end":{"line":9,"column":3}},"loc":{"start":{"line":9,"column":29},"end":{"line":55,"column":3}},"line":9},"1":{"name":"(anonymous_1)","decl":{"start":{"line":59,"column":2},"end":{"line":59,"column":3}},"loc":{"start":{"line":59,"column":35},"end":{"line":78,"column":3}},"line":59},"2":{"name":"(anonymous_2)","decl":{"start":{"line":82,"column":2},"end":{"line":82,"column":3}},"loc":{"start":{"line":82,"column":28},"end":{"line":111,"column":3}},"line":82},"3":{"name":"(anonymous_3)","decl":{"start":{"line":122,"column":2},"end":{"line":122,"column":3}},"loc":{"start":{"line":122,"column":40},"end":{"line":142,"column":3}},"line":122},"4":{"name":"(anonymous_4)","decl":{"start":{"line":146,"column":2},"end":{"line":146,"column":3}},"loc":{"start":{"line":146,"column":34},"end":{"line":161,"column":3}},"line":146},"5":{"name":"(anonymous_5)","decl":{"start":{"line":174,"column":2},"end":{"line":174,"column":3}},"loc":{"start":{"line":174,"column":50},"end":{"line":202,"column":3}},"line":174},"6":{"name":"(anonymous_6)","decl":{"start":{"line":192,"column":26},"end":{"line":192,"column":27}},"loc":{"start":{"line":192,"column":54},"end":{"line":199,"column":7}},"line":192}},"branchMap":{"0":{"loc":{"start":{"line":20,"column":4},"end":{"line":23,"column":5}},"type":"if","locations":[{"start":{"line":20,"column":4},"end":{"line":23,"column":5}},{"start":{"line":20,"column":4},"end":{"line":23,"column":5}}],"line":20},"1":{"loc":{"start":{"line":25,"column":4},"end":{"line":28,"column":5}},"type":"if","locations":[{"start":{"line":25,"column":4},"end":{"line":28,"column":5}},{"start":{"line":25,"column":4},"end":{"line":28,"column":5}}],"line":25},"2":{"loc":{"start":{"line":30,"column":4},"end":{"line":33,"column":5}},"type":"if","locations":[{"start":{"line":30,"column":4},"end":{"line":33,"column":5}},{"start":{"line":30,"column":4},"end":{"line":33,"column":5}}],"line":30},"3":{"loc":{"start":{"line":35,"column":4},"end":{"line":38,"column":5}},"type":"if","locations":[{"start":{"line":35,"column":4},"end":{"line":38,"column":5}},{"start":{"line":35,"column":4},"end":{"line":38,"column":5}}],"line":35},"4":{"loc":{"start":{"line":40,"column":4},"end":{"line":46,"column":67}},"type":"if","locations":[{"start":{"line":40,"column":4},"end":{"line":46,"column":67}},{"start":{"line":40,"column":4},"end":{"line":46,"column":67}}],"line":40},"5":{"loc":{"start":{"line":41,"column":6},"end":{"line":44,"column":50}},"type":"binary-expr","locations":[{"start":{"line":41,"column":6},"end":{"line":41,"column":19}},{"start":{"line":42,"column":6},"end":{"line":42,"column":24}},{"start":{"line":43,"column":6},"end":{"line":43,"column":71}},{"start":{"line":44,"column":6},"end":{"line":44,"column":50}}],"line":41},"6":{"loc":{"start":{"line":48,"column":4},"end":{"line":48,"column":60}},"type":"if","locations":[{"start":{"line":48,"column":4},"end":{"line":48,"column":60}},{"start":{"line":48,"column":4},"end":{"line":48,"column":60}}],"line":48},"7":{"loc":{"start":{"line":69,"column":4},"end":{"line":75,"column":5}},"type":"if","locations":[{"start":{"line":69,"column":4},"end":{"line":75,"column":5}},{"start":{"line":69,"column":4},"end":{"line":75,"column":5}}],"line":69},"8":{"loc":{"start":{"line":88,"column":4},"end":{"line":92,"column":5}},"type":"if","locations":[{"start":{"line":88,"column":4},"end":{"line":92,"column":5}},{"start":{"line":88,"column":4},"end":{"line":92,"column":5}}],"line":88},"9":{"loc":{"start":{"line":133,"column":4},"end":{"line":139,"column":5}},"type":"if","locations":[{"start":{"line":133,"column":4},"end":{"line":139,"column":5}},{"start":{"line":133,"column":4},"end":{"line":139,"column":5}}],"line":133},"10":{"loc":{"start":{"line":156,"column":4},"end":{"line":160,"column":5}},"type":"if","locations":[{"start":{"line":156,"column":4},"end":{"line":160,"column":5}},{"start":{"line":156,"column":4},"end":{"line":160,"column":5}}],"line":156}},"s":{"0":4,"1":4,"2":11,"3":11,"4":11,"5":11,"6":11,"7":2,"8":2,"9":11,"10":2,"11":2,"12":11,"13":2,"14":2,"15":11,"16":2,"17":2,"18":11,"19":2,"20":11,"21":8,"22":11,"23":11,"24":11,"25":3,"26":3,"27":3,"28":1,"29":1,"30":1,"31":2,"32":4,"33":4,"34":1,"35":1,"36":1,"37":3,"38":3,"39":2,"40":2,"41":2,"42":2,"43":1,"44":1,"45":1,"46":1,"47":3,"48":3,"49":1,"50":1,"51":1,"52":3,"53":3,"54":3,"55":4,"56":3,"57":1,"58":2,"59":1,"60":2,"61":4},"f":{"0":11,"1":3,"2":4,"3":2,"4":3,"5":3,"6":1},"b":{"0":[2,9],"1":[2,9],"2":[2,9],"3":[2,9],"4":[2,9],"5":[11,2,2,2],"6":[8,3],"7":[1,2],"8":[1,3],"9":[1,1],"10":[1,2]},"_coverageSchema":"1a1c01bbd47fc00a2c39e90264f33305004495a9","hash":"968424224ef47d8a8bbb09792515d266a335428d"}
,"C:\\Users\\Rich\\Programming\\Dev\\widgit_store\\backend\\models\\user.js": {"path":"C:\\Users\\Rich\\Programming\\Dev\\widgit_store\\backend\\models\\user.js","statementMap":{"0":{"start":{"line":1,"column":11},"end":{"line":1,"column":27}},"1":{"start":{"line":2,"column":15},"end":{"line":2,"column":32}},"2":{"start":{"line":3,"column":22},"end":{"line":3,"column":57}},"3":{"start":{"line":5,"column":31},"end":{"line":5,"column":51}},"4":{"start":{"line":13,"column":19},"end":{"line":25,"column":5}},"5":{"start":{"line":26,"column":17},"end":{"line":26,"column":31}},"6":{"start":{"line":27,"column":4},"end":{"line":33,"column":5}},"7":{"start":{"line":29,"column":22},"end":{"line":29,"column":72}},"8":{"start":{"line":30,"column":6},"end":{"line":32,"column":7}},"9":{"start":{"line":31,"column":8},"end":{"line":31,"column":20}},"10":{"start":{"line":34,"column":24},"end":{"line":34,"column":56}},"11":{"start":{"line":35,"column":4},"end":{"line":35,"column":29}},"12":{"start":{"line":36,"column":4},"end":{"line":36,"column":22}},"13":{"start":{"line":40,"column":31},"end":{"line":45,"column":5}},"14":{"start":{"line":46,"column":4},"end":{"line":52,"column":5}},"15":{"start":{"line":47,"column":18},"end":{"line":49,"column":7}},"16":{"start":{"line":50,"column":6},"end":{"line":50,"column":23}},"17":{"start":{"line":51,"column":6},"end":{"line":51,"column":16}},"18":{"start":{"line":53,"column":32},"end":{"line":58,"column":5}},"19":{"start":{"line":59,"column":4},"end":{"line":65,"column":5}},"20":{"start":{"line":60,"column":18},"end":{"line":62,"column":7}},"21":{"start":{"line":63,"column":6},"end":{"line":63,"column":23}},"22":{"start":{"line":64,"column":6},"end":{"line":64,"column":16}},"23":{"start":{"line":66,"column":27},"end":{"line":66,"column":79}},"24":{"start":{"line":67,"column":19},"end":{"line":92,"column":5}},"25":{"start":{"line":93,"column":4},"end":{"line":93,"column":26}},"26":{"start":{"line":97,"column":19},"end":{"line":102,"column":5}},"27":{"start":{"line":103,"column":4},"end":{"line":103,"column":23}},"28":{"start":{"line":107,"column":20},"end":{"line":114,"column":5}},"29":{"start":{"line":115,"column":17},"end":{"line":115,"column":32}},"30":{"start":{"line":116,"column":4},"end":{"line":120,"column":5}},"31":{"start":{"line":117,"column":20},"end":{"line":117,"column":67}},"32":{"start":{"line":118,"column":6},"end":{"line":118,"column":25}},"33":{"start":{"line":119,"column":6},"end":{"line":119,"column":18}},"34":{"start":{"line":121,"column":25},"end":{"line":126,"column":5}},"35":{"start":{"line":127,"column":4},"end":{"line":127,"column":36}},"36":{"start":{"line":128,"column":4},"end":{"line":128,"column":16}},"37":{"start":{"line":139,"column":4},"end":{"line":141,"column":5}},"38":{"start":{"line":140,"column":6},"end":{"line":140,"column":75}},"39":{"start":{"line":142,"column":28},"end":{"line":142,"column":78}},"40":{"start":{"line":143,"column":19},"end":{"line":143,"column":48}},"41":{"start":{"line":144,"column":17},"end":{"line":144,"column":31}},"42":{"start":{"line":146,"column":4},"end":{"line":150,"column":5}},"43":{"start":{"line":147,"column":21},"end":{"line":147,"column":67}},"44":{"start":{"line":148,"column":6},"end":{"line":148,"column":28}},"45":{"start":{"line":149,"column":6},"end":{"line":149,"column":21}},"46":{"start":{"line":151,"column":4},"end":{"line":151,"column":25}},"47":{"start":{"line":152,"column":4},"end":{"line":152,"column":25}},"48":{"start":{"line":153,"column":4},"end":{"line":153,"column":16}},"49":{"start":{"line":157,"column":17},"end":{"line":164,"column":5}},"50":{"start":{"line":165,"column":4},"end":{"line":169,"column":5}},"51":{"start":{"line":166,"column":21},"end":{"line":166,"column":68}},"52":{"start":{"line":167,"column":6},"end":{"line":167,"column":28}},"53":{"start":{"line":168,"column":6},"end":{"line":168,"column":21}},"54":{"start":{"line":173,"column":0},"end":{"line":173,"column":22}}},"fnMap":{"0":{"name":"(anonymous_0)","decl":{"start":{"line":11,"column":2},"end":{"line":11,"column":3}},"loc":{"start":{"line":11,"column":34},"end":{"line":37,"column":3}},"line":11},"1":{"name":"(anonymous_1)","decl":{"start":{"line":39,"column":2},"end":{"line":39,"column":3}},"loc":{"start":{"line":39,"column":30},"end":{"line":94,"column":3}},"line":39},"2":{"name":"(anonymous_2)","decl":{"start":{"line":96,"column":2},"end":{"line":96,"column":3}},"loc":{"start":{"line":96,"column":25},"end":{"line":104,"column":3}},"line":96},"3":{"name":"(anonymous_3)","decl":{"start":{"line":106,"column":2},"end":{"line":106,"column":3}},"loc":{"start":{"line":106,"column":33},"end":{"line":129,"column":3}},"line":106},"4":{"name":"(anonymous_4)","decl":{"start":{"line":138,"column":2},"end":{"line":138,"column":3}},"loc":{"start":{"line":138,"column":38},"end":{"line":154,"column":3}},"line":138},"5":{"name":"(anonymous_5)","decl":{"start":{"line":156,"column":2},"end":{"line":156,"column":3}},"loc":{"start":{"line":156,"column":32},"end":{"line":170,"column":3}},"line":156}},"branchMap":{"0":{"loc":{"start":{"line":27,"column":4},"end":{"line":33,"column":5}},"type":"if","locations":[{"start":{"line":27,"column":4},"end":{"line":33,"column":5}},{"start":{"line":27,"column":4},"end":{"line":33,"column":5}}],"line":27},"1":{"loc":{"start":{"line":30,"column":6},"end":{"line":32,"column":7}},"type":"if","locations":[{"start":{"line":30,"column":6},"end":{"line":32,"column":7}},{"start":{"line":30,"column":6},"end":{"line":32,"column":7}}],"line":30},"2":{"loc":{"start":{"line":46,"column":4},"end":{"line":52,"column":5}},"type":"if","locations":[{"start":{"line":46,"column":4},"end":{"line":52,"column":5}},{"start":{"line":46,"column":4},"end":{"line":52,"column":5}}],"line":46},"3":{"loc":{"start":{"line":59,"column":4},"end":{"line":65,"column":5}},"type":"if","locations":[{"start":{"line":59,"column":4},"end":{"line":65,"column":5}},{"start":{"line":59,"column":4},"end":{"line":65,"column":5}}],"line":59},"4":{"loc":{"start":{"line":116,"column":4},"end":{"line":120,"column":5}},"type":"if","locations":[{"start":{"line":116,"column":4},"end":{"line":120,"column":5}},{"start":{"line":116,"column":4},"end":{"line":120,"column":5}}],"line":116},"5":{"loc":{"start":{"line":139,"column":4},"end":{"line":141,"column":5}},"type":"if","locations":[{"start":{"line":139,"column":4},"end":{"line":141,"column":5}},{"start":{"line":139,"column":4},"end":{"line":141,"column":5}}],"line":139},"6":{"loc":{"start":{"line":146,"column":4},"end":{"line":150,"column":5}},"type":"if","locations":[{"start":{"line":146,"column":4},"end":{"line":150,"column":5}},{"start":{"line":146,"column":4},"end":{"line":150,"column":5}}],"line":146},"7":{"loc":{"start":{"line":165,"column":4},"end":{"line":169,"column":5}},"type":"if","locations":[{"start":{"line":165,"column":4},"end":{"line":169,"column":5}},{"start":{"line":165,"column":4},"end":{"line":169,"column":5}}],"line":165}},"s":{"0":4,"1":4,"2":4,"3":4,"4":0,"5":0,"6":0,"7":0,"8":0,"9":0,"10":0,"11":0,"12":0,"13":3,"14":3,"15":1,"16":1,"17":1,"18":2,"19":2,"20":1,"21":1,"22":1,"23":1,"24":1,"25":1,"26":1,"27":1,"28":3,"29":3,"30":3,"31":1,"32":1,"33":1,"34":2,"35":2,"36":2,"37":4,"38":2,"39":4,"40":4,"41":4,"42":4,"43":1,"44":1,"45":1,"46":3,"47":3,"48":3,"49":5,"50":5,"51":1,"52":1,"53":1,"54":4},"f":{"0":0,"1":3,"2":1,"3":3,"4":4,"5":5},"b":{"0":[0,0],"1":[0,0],"2":[1,2],"3":[1,1],"4":[1,2],"5":[2,2],"6":[1,3],"7":[1,4]},"_coverageSchema":"1a1c01bbd47fc00a2c39e90264f33305004495a9","hash":"094bd764cbe344c0163f83c7fcc4012bce80376a"}
,"C:\\Users\\Rich\\Programming\\Dev\\widgit_store\\backend\\routes\\auth.js": {"path":"C:\\Users\\Rich\\Programming\\Dev\\widgit_store\\backend\\routes\\auth.js","statementMap":{"0":{"start":{"line":3,"column":13},"end":{"line":3,"column":38}},"1":{"start":{"line":4,"column":16},"end":{"line":4,"column":34}},"2":{"start":{"line":5,"column":15},"end":{"line":5,"column":35}},"3":{"start":{"line":7,"column":20},"end":{"line":7,"column":53}},"4":{"start":{"line":8,"column":21},"end":{"line":8,"column":42}},"5":{"start":{"line":9,"column":27},"end":{"line":9,"column":68}},"6":{"start":{"line":11,"column":0},"end":{"line":26,"column":3}},"7":{"start":{"line":12,"column":2},"end":{"line":25,"column":3}},"8":{"start":{"line":13,"column":23},"end":{"line":13,"column":57}},"9":{"start":{"line":14,"column":4},"end":{"line":19,"column":5}},"10":{"start":{"line":15,"column":6},"end":{"line":18,"column":9}},"11":{"start":{"line":17,"column":44},"end":{"line":17,"column":51}},"12":{"start":{"line":20,"column":17},"end":{"line":20,"column":50}},"13":{"start":{"line":21,"column":18},"end":{"line":21,"column":35}},"14":{"start":{"line":22,"column":4},"end":{"line":22,"column":31}},"15":{"start":{"line":24,"column":4},"end":{"line":24,"column":19}},"16":{"start":{"line":28,"column":0},"end":{"line":28,"column":24}}},"fnMap":{"0":{"name":"(anonymous_0)","decl":{"start":{"line":11,"column":22},"end":{"line":11,"column":23}},"loc":{"start":{"line":11,"column":54},"end":{"line":26,"column":1}},"line":11},"1":{"name":"(anonymous_1)","decl":{"start":{"line":17,"column":39},"end":{"line":17,"column":40}},"loc":{"start":{"line":17,"column":44},"end":{"line":17,"column":51}},"line":17}},"branchMap":{"0":{"loc":{"start":{"line":14,"column":4},"end":{"line":19,"column":5}},"type":"if","locations":[{"start":{"line":14,"column":4},"end":{"line":19,"column":5}},{"start":{"line":14,"column":4},"end":{"line":19,"column":5}}],"line":14}},"s":{"0":4,"1":4,"2":4,"3":4,"4":4,"5":4,"6":4,"7":0,"8":0,"9":0,"10":0,"11":0,"12":0,"13":0,"14":0,"15":0,"16":4},"f":{"0":0,"1":0},"b":{"0":[0,0]},"_coverageSchema":"1a1c01bbd47fc00a2c39e90264f33305004495a9","hash":"54e5d267a6dd160fecf4042a24ade149a68bdbba"}
,"C:\\Users\\Rich\\Programming\\Dev\\widgit_store\\backend\\routes\\distributors.js": {"path":"C:\\Users\\Rich\\Programming\\Dev\\widgit_store\\backend\\routes\\distributors.js","statementMap":{"0":{"start":{"line":3,"column":16},"end":{"line":3,"column":34}},"1":{"start":{"line":4,"column":15},"end":{"line":4,"column":35}},"2":{"start":{"line":6,"column":40},"end":{"line":6,"column":69}},"3":{"start":{"line":8,"column":20},"end":{"line":8,"column":52}},"4":{"start":{"line":9,"column":21},"end":{"line":9,"column":42}},"5":{"start":{"line":11,"column":26},"end":{"line":11,"column":70}},"6":{"start":{"line":12,"column":32},"end":{"line":12,"column":82}},"7":{"start":{"line":16,"column":0},"end":{"line":23,"column":3}},"8":{"start":{"line":17,"column":2},"end":{"line":22,"column":3}},"9":{"start":{"line":18,"column":25},"end":{"line":18,"column":61}},"10":{"start":{"line":19,"column":4},"end":{"line":19,"column":38}},"11":{"start":{"line":21,"column":4},"end":{"line":21,"column":21}},"12":{"start":{"line":27,"column":0},"end":{"line":34,"column":3}},"13":{"start":{"line":28,"column":2},"end":{"line":33,"column":3}},"14":{"start":{"line":29,"column":24},"end":{"line":29,"column":64}},"15":{"start":{"line":30,"column":4},"end":{"line":30,"column":37}},"16":{"start":{"line":32,"column":4},"end":{"line":32,"column":21}},"17":{"start":{"line":38,"column":0},"end":{"line":53,"column":3}},"18":{"start":{"line":39,"column":2},"end":{"line":52,"column":3}},"19":{"start":{"line":40,"column":23},"end":{"line":40,"column":60}},"20":{"start":{"line":41,"column":4},"end":{"line":46,"column":5}},"21":{"start":{"line":42,"column":6},"end":{"line":45,"column":9}},"22":{"start":{"line":44,"column":44},"end":{"line":44,"column":51}},"23":{"start":{"line":48,"column":24},"end":{"line":48,"column":58}},"24":{"start":{"line":49,"column":4},"end":{"line":49,"column":49}},"25":{"start":{"line":51,"column":4},"end":{"line":51,"column":21}},"26":{"start":{"line":57,"column":0},"end":{"line":72,"column":3}},"27":{"start":{"line":58,"column":2},"end":{"line":71,"column":3}},"28":{"start":{"line":59,"column":23},"end":{"line":59,"column":66}},"29":{"start":{"line":60,"column":4},"end":{"line":65,"column":5}},"30":{"start":{"line":61,"column":6},"end":{"line":64,"column":9}},"31":{"start":{"line":63,"column":44},"end":{"line":63,"column":51}},"32":{"start":{"line":67,"column":24},"end":{"line":67,"column":73}},"33":{"start":{"line":68,"column":4},"end":{"line":68,"column":37}},"34":{"start":{"line":70,"column":4},"end":{"line":70,"column":21}},"35":{"start":{"line":76,"column":0},"end":{"line":83,"column":3}},"36":{"start":{"line":77,"column":2},"end":{"line":82,"column":3}},"37":{"start":{"line":78,"column":4},"end":{"line":78,"column":44}},"38":{"start":{"line":79,"column":4},"end":{"line":79,"column":56}},"39":{"start":{"line":81,"column":4},"end":{"line":81,"column":21}},"40":{"start":{"line":85,"column":0},"end":{"line":85,"column":24}}},"fnMap":{"0":{"name":"(anonymous_0)","decl":{"start":{"line":16,"column":30},"end":{"line":16,"column":31}},"loc":{"start":{"line":16,"column":62},"end":{"line":23,"column":1}},"line":16},"1":{"name":"(anonymous_1)","decl":{"start":{"line":27,"column":33},"end":{"line":27,"column":34}},"loc":{"start":{"line":27,"column":65},"end":{"line":34,"column":1}},"line":27},"2":{"name":"(anonymous_2)","decl":{"start":{"line":38,"column":32},"end":{"line":38,"column":33}},"loc":{"start":{"line":38,"column":64},"end":{"line":53,"column":1}},"line":38},"3":{"name":"(anonymous_3)","decl":{"start":{"line":44,"column":39},"end":{"line":44,"column":40}},"loc":{"start":{"line":44,"column":44},"end":{"line":44,"column":51}},"line":44},"4":{"name":"(anonymous_4)","decl":{"start":{"line":57,"column":36},"end":{"line":57,"column":37}},"loc":{"start":{"line":57,"column":68},"end":{"line":72,"column":1}},"line":57},"5":{"name":"(anonymous_5)","decl":{"start":{"line":63,"column":39},"end":{"line":63,"column":40}},"loc":{"start":{"line":63,"column":44},"end":{"line":63,"column":51}},"line":63},"6":{"name":"(anonymous_6)","decl":{"start":{"line":76,"column":37},"end":{"line":76,"column":38}},"loc":{"start":{"line":76,"column":69},"end":{"line":83,"column":1}},"line":76}},"branchMap":{"0":{"loc":{"start":{"line":41,"column":4},"end":{"line":46,"column":5}},"type":"if","locations":[{"start":{"line":41,"column":4},"end":{"line":46,"column":5}},{"start":{"line":41,"column":4},"end":{"line":46,"column":5}}],"line":41},"1":{"loc":{"start":{"line":60,"column":4},"end":{"line":65,"column":5}},"type":"if","locations":[{"start":{"line":60,"column":4},"end":{"line":65,"column":5}},{"start":{"line":60,"column":4},"end":{"line":65,"column":5}}],"line":60}},"s":{"0":4,"1":4,"2":4,"3":4,"4":4,"5":4,"6":4,"7":4,"8":1,"9":1,"10":1,"11":0,"12":4,"13":2,"14":2,"15":1,"16":1,"17":4,"18":2,"19":2,"20":2,"21":0,"22":0,"23":2,"24":1,"25":1,"26":4,"27":3,"28":3,"29":3,"30":1,"31":1,"32":2,"33":1,"34":1,"35":4,"36":3,"37":3,"38":2,"39":1,"40":4},"f":{"0":1,"1":2,"2":2,"3":0,"4":3,"5":1,"6":3},"b":{"0":[0,2],"1":[1,2]},"_coverageSchema":"1a1c01bbd47fc00a2c39e90264f33305004495a9","hash":"a726a069dee075f0f02ba938cdf5c0df8373488a"}
,"C:\\Users\\Rich\\Programming\\Dev\\widgit_store\\backend\\routes\\orders.js": {"path":"C:\\Users\\Rich\\Programming\\Dev\\widgit_store\\backend\\routes\\orders.js","statementMap":{"0":{"start":{"line":3,"column":16},"end":{"line":3,"column":34}},"1":{"start":{"line":4,"column":15},"end":{"line":4,"column":52}},"2":{"start":{"line":10,"column":4},"end":{"line":10,"column":33}},"3":{"start":{"line":12,"column":14},"end":{"line":12,"column":40}},"4":{"start":{"line":13,"column":21},"end":{"line":13,"column":42}},"5":{"start":{"line":15,"column":20},"end":{"line":15,"column":58}},"6":{"start":{"line":16,"column":26},"end":{"line":16,"column":70}},"7":{"start":{"line":20,"column":0},"end":{"line":27,"column":3}},"8":{"start":{"line":21,"column":2},"end":{"line":26,"column":3}},"9":{"start":{"line":22,"column":19},"end":{"line":22,"column":49}},"10":{"start":{"line":23,"column":4},"end":{"line":23,"column":32}},"11":{"start":{"line":25,"column":4},"end":{"line":25,"column":21}},"12":{"start":{"line":31,"column":0},"end":{"line":45,"column":3}},"13":{"start":{"line":32,"column":2},"end":{"line":44,"column":3}},"14":{"start":{"line":33,"column":18},"end":{"line":33,"column":52}},"15":{"start":{"line":35,"column":4},"end":{"line":39,"column":5}},"16":{"start":{"line":36,"column":24},"end":{"line":36,"column":77}},"17":{"start":{"line":37,"column":6},"end":{"line":37,"column":29}},"18":{"start":{"line":38,"column":6},"end":{"line":38,"column":22}},"19":{"start":{"line":41,"column":4},"end":{"line":41,"column":31}},"20":{"start":{"line":43,"column":4},"end":{"line":43,"column":21}},"21":{"start":{"line":49,"column":0},"end":{"line":64,"column":3}},"22":{"start":{"line":50,"column":2},"end":{"line":63,"column":3}},"23":{"start":{"line":51,"column":23},"end":{"line":51,"column":54}},"24":{"start":{"line":52,"column":4},"end":{"line":57,"column":5}},"25":{"start":{"line":53,"column":6},"end":{"line":56,"column":9}},"26":{"start":{"line":55,"column":44},"end":{"line":55,"column":51}},"27":{"start":{"line":59,"column":18},"end":{"line":59,"column":46}},"28":{"start":{"line":60,"column":4},"end":{"line":60,"column":43}},"29":{"start":{"line":62,"column":4},"end":{"line":62,"column":21}},"30":{"start":{"line":68,"column":0},"end":{"line":83,"column":3}},"31":{"start":{"line":69,"column":2},"end":{"line":82,"column":3}},"32":{"start":{"line":70,"column":23},"end":{"line":70,"column":60}},"33":{"start":{"line":71,"column":4},"end":{"line":76,"column":5}},"34":{"start":{"line":72,"column":6},"end":{"line":75,"column":9}},"35":{"start":{"line":74,"column":44},"end":{"line":74,"column":51}},"36":{"start":{"line":78,"column":18},"end":{"line":78,"column":61}},"37":{"start":{"line":79,"column":4},"end":{"line":79,"column":31}},"38":{"start":{"line":81,"column":4},"end":{"line":81,"column":21}},"39":{"start":{"line":87,"column":0},"end":{"line":94,"column":3}},"40":{"start":{"line":88,"column":2},"end":{"line":93,"column":3}},"41":{"start":{"line":89,"column":4},"end":{"line":89,"column":38}},"42":{"start":{"line":90,"column":4},"end":{"line":90,"column":50}},"43":{"start":{"line":92,"column":4},"end":{"line":92,"column":21}},"44":{"start":{"line":96,"column":0},"end":{"line":96,"column":24}}},"fnMap":{"0":{"name":"(anonymous_0)","decl":{"start":{"line":20,"column":31},"end":{"line":20,"column":32}},"loc":{"start":{"line":20,"column":63},"end":{"line":27,"column":1}},"line":20},"1":{"name":"(anonymous_1)","decl":{"start":{"line":31,"column":33},"end":{"line":31,"column":34}},"loc":{"start":{"line":31,"column":65},"end":{"line":45,"column":1}},"line":31},"2":{"name":"(anonymous_2)","decl":{"start":{"line":49,"column":31},"end":{"line":49,"column":32}},"loc":{"start":{"line":49,"column":63},"end":{"line":64,"column":1}},"line":49},"3":{"name":"(anonymous_3)","decl":{"start":{"line":55,"column":39},"end":{"line":55,"column":40}},"loc":{"start":{"line":55,"column":44},"end":{"line":55,"column":51}},"line":55},"4":{"name":"(anonymous_4)","decl":{"start":{"line":68,"column":36},"end":{"line":68,"column":37}},"loc":{"start":{"line":68,"column":68},"end":{"line":83,"column":1}},"line":68},"5":{"name":"(anonymous_5)","decl":{"start":{"line":74,"column":39},"end":{"line":74,"column":40}},"loc":{"start":{"line":74,"column":44},"end":{"line":74,"column":51}},"line":74},"6":{"name":"(anonymous_6)","decl":{"start":{"line":87,"column":37},"end":{"line":87,"column":38}},"loc":{"start":{"line":87,"column":69},"end":{"line":94,"column":1}},"line":87}},"branchMap":{"0":{"loc":{"start":{"line":35,"column":4},"end":{"line":39,"column":5}},"type":"if","locations":[{"start":{"line":35,"column":4},"end":{"line":39,"column":5}},{"start":{"line":35,"column":4},"end":{"line":39,"column":5}}],"line":35},"1":{"loc":{"start":{"line":35,"column":8},"end":{"line":35,"column":55}},"type":"binary-expr","locations":[{"start":{"line":35,"column":8},"end":{"line":35,"column":21}},{"start":{"line":35,"column":25},"end":{"line":35,"column":55}}],"line":35},"2":{"loc":{"start":{"line":52,"column":4},"end":{"line":57,"column":5}},"type":"if","locations":[{"start":{"line":52,"column":4},"end":{"line":57,"column":5}},{"start":{"line":52,"column":4},"end":{"line":57,"column":5}}],"line":52},"3":{"loc":{"start":{"line":71,"column":4},"end":{"line":76,"column":5}},"type":"if","locations":[{"start":{"line":71,"column":4},"end":{"line":76,"column":5}},{"start":{"line":71,"column":4},"end":{"line":76,"column":5}}],"line":71}},"s":{"0":4,"1":4,"2":4,"3":4,"4":4,"5":4,"6":4,"7":4,"8":1,"9":1,"10":1,"11":0,"12":4,"13":2,"14":2,"15":1,"16":0,"17":0,"18":0,"19":1,"20":1,"21":4,"22":4,"23":4,"24":4,"25":1,"26":2,"27":3,"28":1,"29":2,"30":4,"31":4,"32":4,"33":4,"34":2,"35":4,"36":2,"37":1,"38":1,"39":4,"40":4,"41":4,"42":3,"43":1,"44":4},"f":{"0":1,"1":2,"2":4,"3":2,"4":4,"5":4,"6":4},"b":{"0":[0,1],"1":[1,0],"2":[1,3],"3":[2,2]},"_coverageSchema":"1a1c01bbd47fc00a2c39e90264f33305004495a9","hash":"0f5d8c1a3a7c15cf4236b747ebd6c0f697193c8b"}
,"C:\\Users\\Rich\\Programming\\Dev\\widgit_store\\backend\\routes\\products.js": {"path":"C:\\Users\\Rich\\Programming\\Dev\\widgit_store\\backend\\routes\\products.js","statementMap":{"0":{"start":{"line":3,"column":16},"end":{"line":3,"column":34}},"1":{"start":{"line":4,"column":15},"end":{"line":4,"column":52}},"2":{"start":{"line":6,"column":26},"end":{"line":6,"column":55}},"3":{"start":{"line":8,"column":16},"end":{"line":8,"column":44}},"4":{"start":{"line":9,"column":21},"end":{"line":9,"column":42}},"5":{"start":{"line":11,"column":22},"end":{"line":11,"column":62}},"6":{"start":{"line":12,"column":28},"end":{"line":12,"column":74}},"7":{"start":{"line":16,"column":0},"end":{"line":23,"column":3}},"8":{"start":{"line":17,"column":2},"end":{"line":22,"column":3}},"9":{"start":{"line":18,"column":21},"end":{"line":18,"column":53}},"10":{"start":{"line":19,"column":4},"end":{"line":19,"column":34}},"11":{"start":{"line":21,"column":4},"end":{"line":21,"column":21}},"12":{"start":{"line":27,"column":0},"end":{"line":34,"column":3}},"13":{"start":{"line":28,"column":2},"end":{"line":33,"column":3}},"14":{"start":{"line":29,"column":20},"end":{"line":29,"column":56}},"15":{"start":{"line":30,"column":4},"end":{"line":30,"column":33}},"16":{"start":{"line":32,"column":4},"end":{"line":32,"column":21}},"17":{"start":{"line":38,"column":0},"end":{"line":54,"column":3}},"18":{"start":{"line":39,"column":2},"end":{"line":53,"column":3}},"19":{"start":{"line":40,"column":23},"end":{"line":40,"column":56}},"20":{"start":{"line":42,"column":4},"end":{"line":47,"column":5}},"21":{"start":{"line":43,"column":6},"end":{"line":46,"column":9}},"22":{"start":{"line":45,"column":44},"end":{"line":45,"column":51}},"23":{"start":{"line":49,"column":20},"end":{"line":49,"column":50}},"24":{"start":{"line":50,"column":4},"end":{"line":50,"column":45}},"25":{"start":{"line":52,"column":4},"end":{"line":52,"column":21}},"26":{"start":{"line":58,"column":0},"end":{"line":73,"column":3}},"27":{"start":{"line":59,"column":2},"end":{"line":72,"column":3}},"28":{"start":{"line":60,"column":23},"end":{"line":60,"column":62}},"29":{"start":{"line":61,"column":4},"end":{"line":66,"column":5}},"30":{"start":{"line":62,"column":6},"end":{"line":65,"column":9}},"31":{"start":{"line":64,"column":44},"end":{"line":64,"column":51}},"32":{"start":{"line":68,"column":20},"end":{"line":68,"column":65}},"33":{"start":{"line":69,"column":4},"end":{"line":69,"column":33}},"34":{"start":{"line":71,"column":4},"end":{"line":71,"column":21}},"35":{"start":{"line":77,"column":0},"end":{"line":84,"column":3}},"36":{"start":{"line":78,"column":2},"end":{"line":83,"column":3}},"37":{"start":{"line":79,"column":4},"end":{"line":79,"column":40}},"38":{"start":{"line":80,"column":4},"end":{"line":80,"column":52}},"39":{"start":{"line":82,"column":4},"end":{"line":82,"column":21}},"40":{"start":{"line":86,"column":0},"end":{"line":86,"column":24}}},"fnMap":{"0":{"name":"(anonymous_0)","decl":{"start":{"line":16,"column":16},"end":{"line":16,"column":17}},"loc":{"start":{"line":16,"column":48},"end":{"line":23,"column":1}},"line":16},"1":{"name":"(anonymous_1)","decl":{"start":{"line":27,"column":19},"end":{"line":27,"column":20}},"loc":{"start":{"line":27,"column":51},"end":{"line":34,"column":1}},"line":27},"2":{"name":"(anonymous_2)","decl":{"start":{"line":38,"column":32},"end":{"line":38,"column":33}},"loc":{"start":{"line":38,"column":64},"end":{"line":54,"column":1}},"line":38},"3":{"name":"(anonymous_3)","decl":{"start":{"line":45,"column":39},"end":{"line":45,"column":40}},"loc":{"start":{"line":45,"column":44},"end":{"line":45,"column":51}},"line":45},"4":{"name":"(anonymous_4)","decl":{"start":{"line":58,"column":36},"end":{"line":58,"column":37}},"loc":{"start":{"line":58,"column":68},"end":{"line":73,"column":1}},"line":58},"5":{"name":"(anonymous_5)","decl":{"start":{"line":64,"column":39},"end":{"line":64,"column":40}},"loc":{"start":{"line":64,"column":44},"end":{"line":64,"column":51}},"line":64},"6":{"name":"(anonymous_6)","decl":{"start":{"line":77,"column":37},"end":{"line":77,"column":38}},"loc":{"start":{"line":77,"column":69},"end":{"line":84,"column":1}},"line":77}},"branchMap":{"0":{"loc":{"start":{"line":42,"column":4},"end":{"line":47,"column":5}},"type":"if","locations":[{"start":{"line":42,"column":4},"end":{"line":47,"column":5}},{"start":{"line":42,"column":4},"end":{"line":47,"column":5}}],"line":42},"1":{"loc":{"start":{"line":61,"column":4},"end":{"line":66,"column":5}},"type":"if","locations":[{"start":{"line":61,"column":4},"end":{"line":66,"column":5}},{"start":{"line":61,"column":4},"end":{"line":66,"column":5}}],"line":61}},"s":{"0":4,"1":4,"2":4,"3":4,"4":4,"5":4,"6":4,"7":4,"8":11,"9":11,"10":11,"11":0,"12":4,"13":3,"14":3,"15":2,"16":1,"17":4,"18":4,"19":4,"20":4,"21":0,"22":0,"23":4,"24":3,"25":1,"26":4,"27":3,"28":3,"29":3,"30":1,"31":1,"32":2,"33":1,"34":1,"35":4,"36":3,"37":3,"38":2,"39":1,"40":4},"f":{"0":11,"1":3,"2":4,"3":0,"4":3,"5":1,"6":3},"b":{"0":[0,4],"1":[1,2]},"_coverageSchema":"1a1c01bbd47fc00a2c39e90264f33305004495a9","hash":"c2edb6d209b9218a140722a0bb725d2c1f250d2c"}
,"C:\\Users\\Rich\\Programming\\Dev\\widgit_store\\backend\\routes\\users.js": {"path":"C:\\Users\\Rich\\Programming\\Dev\\widgit_store\\backend\\routes\\users.js","statementMap":{"0":{"start":{"line":3,"column":16},"end":{"line":3,"column":34}},"1":{"start":{"line":4,"column":15},"end":{"line":4,"column":31}},"2":{"start":{"line":6,"column":45},"end":{"line":6,"column":74}},"3":{"start":{"line":8,"column":13},"end":{"line":8,"column":38}},"4":{"start":{"line":9,"column":21},"end":{"line":9,"column":42}},"5":{"start":{"line":11,"column":22},"end":{"line":11,"column":62}},"6":{"start":{"line":12,"column":25},"end":{"line":12,"column":68}},"7":{"start":{"line":14,"column":20},"end":{"line":14,"column":53}},"8":{"start":{"line":18,"column":0},"end":{"line":25,"column":3}},"9":{"start":{"line":19,"column":2},"end":{"line":24,"column":3}},"10":{"start":{"line":20,"column":18},"end":{"line":20,"column":38}},"11":{"start":{"line":21,"column":4},"end":{"line":21,"column":31}},"12":{"start":{"line":23,"column":4},"end":{"line":23,"column":21}},"13":{"start":{"line":29,"column":0},"end":{"line":36,"column":3}},"14":{"start":{"line":30,"column":2},"end":{"line":35,"column":3}},"15":{"start":{"line":31,"column":17},"end":{"line":31,"column":56}},"16":{"start":{"line":32,"column":4},"end":{"line":32,"column":30}},"17":{"start":{"line":34,"column":4},"end":{"line":34,"column":21}},"18":{"start":{"line":40,"column":0},"end":{"line":57,"column":3}},"19":{"start":{"line":41,"column":2},"end":{"line":56,"column":3}},"20":{"start":{"line":42,"column":23},"end":{"line":42,"column":56}},"21":{"start":{"line":44,"column":4},"end":{"line":49,"column":5}},"22":{"start":{"line":45,"column":6},"end":{"line":48,"column":9}},"23":{"start":{"line":47,"column":44},"end":{"line":47,"column":51}},"24":{"start":{"line":51,"column":20},"end":{"line":51,"column":49}},"25":{"start":{"line":52,"column":18},"end":{"line":52,"column":38}},"26":{"start":{"line":53,"column":4},"end":{"line":53,"column":43}},"27":{"start":{"line":55,"column":4},"end":{"line":55,"column":19}},"28":{"start":{"line":68,"column":0},"end":{"line":98,"column":3}},"29":{"start":{"line":69,"column":2},"end":{"line":97,"column":3}},"30":{"start":{"line":70,"column":4},"end":{"line":72,"column":5}},"31":{"start":{"line":71,"column":6},"end":{"line":71,"column":59}},"32":{"start":{"line":80,"column":23},"end":{"line":80,"column":59}},"33":{"start":{"line":81,"column":4},"end":{"line":86,"column":5}},"34":{"start":{"line":82,"column":6},"end":{"line":85,"column":9}},"35":{"start":{"line":84,"column":44},"end":{"line":84,"column":51}},"36":{"start":{"line":88,"column":17},"end":{"line":88,"column":65}},"37":{"start":{"line":91,"column":4},"end":{"line":93,"column":5}},"38":{"start":{"line":92,"column":18},"end":{"line":92,"column":35}},"39":{"start":{"line":94,"column":4},"end":{"line":94,"column":66}},"40":{"start":{"line":96,"column":4},"end":{"line":96,"column":21}},"41":{"start":{"line":102,"column":0},"end":{"line":109,"column":3}},"42":{"start":{"line":103,"column":2},"end":{"line":108,"column":3}},"43":{"start":{"line":104,"column":4},"end":{"line":104,"column":43}},"44":{"start":{"line":105,"column":4},"end":{"line":105,"column":49}},"45":{"start":{"line":107,"column":4},"end":{"line":107,"column":21}},"46":{"start":{"line":111,"column":0},"end":{"line":111,"column":24}}},"fnMap":{"0":{"name":"(anonymous_0)","decl":{"start":{"line":18,"column":31},"end":{"line":18,"column":32}},"loc":{"start":{"line":18,"column":63},"end":{"line":25,"column":1}},"line":18},"1":{"name":"(anonymous_1)","decl":{"start":{"line":29,"column":44},"end":{"line":29,"column":45}},"loc":{"start":{"line":29,"column":76},"end":{"line":36,"column":1}},"line":29},"2":{"name":"(anonymous_2)","decl":{"start":{"line":40,"column":17},"end":{"line":40,"column":18}},"loc":{"start":{"line":40,"column":49},"end":{"line":57,"column":1}},"line":40},"3":{"name":"(anonymous_3)","decl":{"start":{"line":47,"column":39},"end":{"line":47,"column":40}},"loc":{"start":{"line":47,"column":44},"end":{"line":47,"column":51}},"line":47},"4":{"name":"(anonymous_4)","decl":{"start":{"line":68,"column":46},"end":{"line":68,"column":47}},"loc":{"start":{"line":68,"column":78},"end":{"line":98,"column":1}},"line":68},"5":{"name":"(anonymous_5)","decl":{"start":{"line":84,"column":39},"end":{"line":84,"column":40}},"loc":{"start":{"line":84,"column":44},"end":{"line":84,"column":51}},"line":84},"6":{"name":"(anonymous_6)","decl":{"start":{"line":102,"column":47},"end":{"line":102,"column":48}},"loc":{"start":{"line":102,"column":79},"end":{"line":109,"column":1}},"line":102}},"branchMap":{"0":{"loc":{"start":{"line":44,"column":4},"end":{"line":49,"column":5}},"type":"if","locations":[{"start":{"line":44,"column":4},"end":{"line":49,"column":5}},{"start":{"line":44,"column":4},"end":{"line":49,"column":5}}],"line":44},"1":{"loc":{"start":{"line":70,"column":4},"end":{"line":72,"column":5}},"type":"if","locations":[{"start":{"line":70,"column":4},"end":{"line":72,"column":5}},{"start":{"line":70,"column":4},"end":{"line":72,"column":5}}],"line":70},"2":{"loc":{"start":{"line":70,"column":8},"end":{"line":70,"column":55}},"type":"binary-expr","locations":[{"start":{"line":70,"column":8},"end":{"line":70,"column":29}},{"start":{"line":70,"column":33},"end":{"line":70,"column":55}}],"line":70},"3":{"loc":{"start":{"line":81,"column":4},"end":{"line":86,"column":5}},"type":"if","locations":[{"start":{"line":81,"column":4},"end":{"line":86,"column":5}},{"start":{"line":81,"column":4},"end":{"line":86,"column":5}}],"line":81},"4":{"loc":{"start":{"line":91,"column":4},"end":{"line":93,"column":5}},"type":"if","locations":[{"start":{"line":91,"column":4},"end":{"line":93,"column":5}},{"start":{"line":91,"column":4},"end":{"line":93,"column":5}}],"line":91},"5":{"loc":{"start":{"line":94,"column":11},"end":{"line":94,"column":65}},"type":"cond-expr","locations":[{"start":{"line":94,"column":19},"end":{"line":94,"column":44}},{"start":{"line":94,"column":47},"end":{"line":94,"column":65}}],"line":94}},"s":{"0":4,"1":4,"2":4,"3":4,"4":4,"5":4,"6":4,"7":4,"8":4,"9":1,"10":1,"11":1,"12":0,"13":4,"14":2,"15":2,"16":1,"17":1,"18":4,"19":4,"20":4,"21":4,"22":1,"23":1,"24":3,"25":1,"26":1,"27":2,"28":4,"29":7,"30":7,"31":2,"32":5,"33":5,"34":1,"35":1,"36":4,"37":3,"38":3,"39":3,"40":1,"41":4,"42":5,"43":5,"44":4,"45":1,"46":4},"f":{"0":1,"1":2,"2":4,"3":1,"4":7,"5":1,"6":5},"b":{"0":[1,3],"1":[2,5],"2":[7,6],"3":[1,4],"4":[3,0],"5":[3,0]},"_coverageSchema":"1a1c01bbd47fc00a2c39e90264f33305004495a9","hash":"052fd2973bb1e95682112b482ff050a7823f45c7"}
}
