{"C:\\Users\\Rich\\Programming\\Dev\\widgit_store\\backend\\app.js": {"path":"C:\\Users\\Rich\\Programming\\Dev\\widgit_store\\backend\\app.js","statementMap":{"0":{"start":{"line":3,"column":16},"end":{"line":3,"column":34}},"1":{"start":{"line":4,"column":12},"end":{"line":4,"column":21}},"2":{"start":{"line":5,"column":13},"end":{"line":5,"column":28}},"3":{"start":{"line":6,"column":15},"end":{"line":6,"column":32}},"4":{"start":{"line":7,"column":15},"end":{"line":7,"column":32}},"5":{"start":{"line":9,"column":0},"end":{"line":9,"column":24}},"6":{"start":{"line":10,"column":0},"end":{"line":10,"column":16}},"7":{"start":{"line":11,"column":0},"end":{"line":11,"column":18}},"8":{"start":{"line":12,"column":0},"end":{"line":12,"column":24}},"9":{"start":{"line":14,"column":20},"end":{"line":14,"column":45}},"10":{"start":{"line":15,"column":25},"end":{"line":15,"column":57}},"11":{"start":{"line":16,"column":22},"end":{"line":16,"column":50}},"12":{"start":{"line":17,"column":20},"end":{"line":17,"column":46}},"13":{"start":{"line":18,"column":19},"end":{"line":18,"column":43}},"14":{"start":{"line":20,"column":0},"end":{"line":20,"column":31}},"15":{"start":{"line":21,"column":0},"end":{"line":21,"column":43}},"16":{"start":{"line":22,"column":0},"end":{"line":22,"column":36}},"17":{"start":{"line":23,"column":0},"end":{"line":23,"column":32}},"18":{"start":{"line":24,"column":0},"end":{"line":24,"column":25}},"19":{"start":{"line":28,"column":0},"end":{"line":34,"column":3}},"20":{"start":{"line":29,"column":14},"end":{"line":29,"column":36}},"21":{"start":{"line":30,"column":2},"end":{"line":30,"column":19}},"22":{"start":{"line":33,"column":2},"end":{"line":33,"column":19}},"23":{"start":{"line":38,"column":0},"end":{"line":49,"column":3}},"24":{"start":{"line":45,"column":2},"end":{"line":48,"column":5}},"25":{"start":{"line":51,"column":0},"end":{"line":51,"column":21}}},"fnMap":{"0":{"name":"(anonymous_0)","decl":{"start":{"line":28,"column":8},"end":{"line":28,"column":9}},"loc":{"start":{"line":28,"column":34},"end":{"line":34,"column":1}},"line":28},"1":{"name":"(anonymous_1)","decl":{"start":{"line":38,"column":8},"end":{"line":38,"column":9}},"loc":{"start":{"line":38,"column":39},"end":{"line":49,"column":1}},"line":38}},"branchMap":{},"s":{"0":7,"1":7,"2":7,"3":7,"4":7,"5":7,"6":7,"7":7,"8":7,"9":7,"10":7,"11":7,"12":7,"13":7,"14":7,"15":7,"16":7,"17":7,"18":7,"19":7,"20":1,"21":1,"22":1,"23":7,"24":63,"25":7},"f":{"0":1,"1":63},"b":{},"_coverageSchema":"1a1c01bbd47fc00a2c39e90264f33305004495a9","hash":"9ae619950551f77f86136f7a62c61e173deac262"}
,"C:\\Users\\Rich\\Programming\\Dev\\widgit_store\\backend\\braintreeGateway.js": {"path":"C:\\Users\\Rich\\Programming\\Dev\\widgit_store\\backend\\braintreeGateway.js","statementMap":{"0":{"start":{"line":1,"column":18},"end":{"line":1,"column":38}},"1":{"start":{"line":3,"column":57},"end":{"line":3,"column":76}},"2":{"start":{"line":5,"column":16},"end":{"line":10,"column":2}},"3":{"start":{"line":11,"column":0},"end":{"line":11,"column":25}}},"fnMap":{},"branchMap":{},"s":{"0":7,"1":7,"2":7,"3":7},"f":{},"b":{},"_coverageSchema":"1a1c01bbd47fc00a2c39e90264f33305004495a9","hash":"3743ec33117aeb66957168532fcc2d8091174869"}
,"C:\\Users\\Rich\\Programming\\Dev\\widgit_store\\backend\\db.js": {"path":"C:\\Users\\Rich\\Programming\\Dev\\widgit_store\\backend\\db.js","statementMap":{"0":{"start":{"line":3,"column":19},"end":{"line":3,"column":32}},"1":{"start":{"line":4,"column":19},"end":{"line":4,"column":38}},"2":{"start":{"line":16,"column":15},"end":{"line":19,"column":2}},"3":{"start":{"line":28,"column":0},"end":{"line":28,"column":24}}},"fnMap":{},"branchMap":{},"s":{"0":7,"1":7,"2":7,"3":7},"f":{},"b":{},"_coverageSchema":"1a1c01bbd47fc00a2c39e90264f33305004495a9","hash":"340b9fe960dac7972d2f0ed0985db9f855d891f3"}
,"C:\\Users\\Rich\\Programming\\Dev\\widgit_store\\backend\\middleware\\auth.js": {"path":"C:\\Users\\Rich\\Programming\\Dev\\widgit_store\\backend\\middleware\\auth.js","statementMap":{"0":{"start":{"line":3,"column":12},"end":{"line":3,"column":35}},"1":{"start":{"line":4,"column":19},"end":{"line":4,"column":39}},"2":{"start":{"line":16,"column":2},"end":{"line":27,"column":3}},"3":{"start":{"line":17,"column":21},"end":{"line":17,"column":56}},"4":{"start":{"line":18,"column":16},"end":{"line":18,"column":44}},"5":{"start":{"line":19,"column":4},"end":{"line":19,"column":34}},"6":{"start":{"line":20,"column":4},"end":{"line":20,"column":32}},"7":{"start":{"line":21,"column":4},"end":{"line":21,"column":34}},"8":{"start":{"line":22,"column":4},"end":{"line":22,"column":18}},"9":{"start":{"line":24,"column":23},"end":{"line":24,"column":64}},"10":{"start":{"line":25,"column":4},"end":{"line":25,"column":30}},"11":{"start":{"line":26,"column":4},"end":{"line":26,"column":30}},"12":{"start":{"line":40,"column":2},"end":{"line":58,"column":3}},"13":{"start":{"line":41,"column":21},"end":{"line":41,"column":56}},"14":{"start":{"line":43,"column":16},"end":{"line":43,"column":44}},"15":{"start":{"line":44,"column":4},"end":{"line":44,"column":34}},"16":{"start":{"line":45,"column":4},"end":{"line":45,"column":32}},"17":{"start":{"line":46,"column":4},"end":{"line":46,"column":34}},"18":{"start":{"line":48,"column":4},"end":{"line":50,"column":5}},"19":{"start":{"line":49,"column":6},"end":{"line":49,"column":20}},"20":{"start":{"line":52,"column":4},"end":{"line":52,"column":22}},"21":{"start":{"line":54,"column":25},"end":{"line":54,"column":69}},"22":{"start":{"line":55,"column":4},"end":{"line":55,"column":30}},"23":{"start":{"line":57,"column":4},"end":{"line":57,"column":30}},"24":{"start":{"line":73,"column":2},"end":{"line":95,"column":3}},"25":{"start":{"line":74,"column":21},"end":{"line":74,"column":56}},"26":{"start":{"line":76,"column":16},"end":{"line":76,"column":44}},"27":{"start":{"line":77,"column":4},"end":{"line":77,"column":34}},"28":{"start":{"line":78,"column":4},"end":{"line":78,"column":32}},"29":{"start":{"line":79,"column":4},"end":{"line":79,"column":34}},"30":{"start":{"line":81,"column":4},"end":{"line":87,"column":5}},"31":{"start":{"line":86,"column":6},"end":{"line":86,"column":20}},"32":{"start":{"line":89,"column":4},"end":{"line":89,"column":22}},"33":{"start":{"line":91,"column":25},"end":{"line":91,"column":61}},"34":{"start":{"line":92,"column":4},"end":{"line":92,"column":30}},"35":{"start":{"line":94,"column":4},"end":{"line":94,"column":30}},"36":{"start":{"line":98,"column":0},"end":{"line":102,"column":2}}},"fnMap":{"0":{"name":"authRequired","decl":{"start":{"line":15,"column":9},"end":{"line":15,"column":21}},"loc":{"start":{"line":15,"column":38},"end":{"line":28,"column":1}},"line":15},"1":{"name":"adminRequired","decl":{"start":{"line":39,"column":9},"end":{"line":39,"column":22}},"loc":{"start":{"line":39,"column":39},"end":{"line":59,"column":1}},"line":39},"2":{"name":"ensureCorrectUser","decl":{"start":{"line":72,"column":9},"end":{"line":72,"column":26}},"loc":{"start":{"line":72,"column":43},"end":{"line":96,"column":1}},"line":72}},"branchMap":{"0":{"loc":{"start":{"line":17,"column":21},"end":{"line":17,"column":56}},"type":"binary-expr","locations":[{"start":{"line":17,"column":21},"end":{"line":17,"column":36}},{"start":{"line":17,"column":40},"end":{"line":17,"column":56}}],"line":17},"1":{"loc":{"start":{"line":41,"column":21},"end":{"line":41,"column":56}},"type":"binary-expr","locations":[{"start":{"line":41,"column":21},"end":{"line":41,"column":36}},{"start":{"line":41,"column":40},"end":{"line":41,"column":56}}],"line":41},"2":{"loc":{"start":{"line":48,"column":4},"end":{"line":50,"column":5}},"type":"if","locations":[{"start":{"line":48,"column":4},"end":{"line":50,"column":5}},{"start":{"line":48,"column":4},"end":{"line":50,"column":5}}],"line":48},"3":{"loc":{"start":{"line":74,"column":21},"end":{"line":74,"column":56}},"type":"binary-expr","locations":[{"start":{"line":74,"column":21},"end":{"line":74,"column":36}},{"start":{"line":74,"column":40},"end":{"line":74,"column":56}}],"line":74},"4":{"loc":{"start":{"line":81,"column":4},"end":{"line":87,"column":5}},"type":"if","locations":[{"start":{"line":81,"column":4},"end":{"line":87,"column":5}},{"start":{"line":81,"column":4},"end":{"line":87,"column":5}}],"line":81},"5":{"loc":{"start":{"line":82,"column":6},"end":{"line":84,"column":37}},"type":"binary-expr","locations":[{"start":{"line":82,"column":6},"end":{"line":82,"column":20}},{"start":{"line":83,"column":6},"end":{"line":83,"column":44}},{"start":{"line":84,"column":6},"end":{"line":84,"column":37}}],"line":82}},"s":{"0":7,"1":7,"2":5,"3":5,"4":5,"5":3,"6":3,"7":3,"8":3,"9":2,"10":2,"11":2,"12":41,"13":41,"14":41,"15":37,"16":37,"17":37,"18":37,"19":33,"20":4,"21":8,"22":8,"23":8,"24":22,"25":22,"26":22,"27":20,"28":20,"29":20,"30":20,"31":16,"32":4,"33":6,"34":6,"35":6,"36":7},"f":{"0":5,"1":41,"2":22},"b":{"0":[5,2],"1":[41,4],"2":[33,4],"3":[22,2],"4":[16,4],"5":[20,4,4]},"_coverageSchema":"1a1c01bbd47fc00a2c39e90264f33305004495a9","hash":"d0496bd73e0dafb9843c3cb71d13113d1325e180"}
,"C:\\Users\\Rich\\Programming\\Dev\\widgit_store\\backend\\models\\distributor.js": {"path":"C:\\Users\\Rich\\Programming\\Dev\\widgit_store\\backend\\models\\distributor.js","statementMap":{"0":{"start":{"line":1,"column":11},"end":{"line":1,"column":27}},"1":{"start":{"line":2,"column":28},"end":{"line":2,"column":61}},"2":{"start":{"line":4,"column":0},"end":{"line":5,"column":88}},"3":{"start":{"line":13,"column":28},"end":{"line":13,"column":72}},"4":{"start":{"line":16,"column":4},"end":{"line":18,"column":6}},"5":{"start":{"line":17,"column":6},"end":{"line":17,"column":55}},"6":{"start":{"line":24,"column":27},"end":{"line":29,"column":5}},"7":{"start":{"line":31,"column":24},"end":{"line":31,"column":46}},"8":{"start":{"line":33,"column":4},"end":{"line":39,"column":5}},"9":{"start":{"line":34,"column":20},"end":{"line":36,"column":7}},"10":{"start":{"line":37,"column":6},"end":{"line":37,"column":25}},"11":{"start":{"line":38,"column":6},"end":{"line":38,"column":18}},"12":{"start":{"line":41,"column":4},"end":{"line":41,"column":64}},"13":{"start":{"line":43,"column":4},"end":{"line":43,"column":23}},"14":{"start":{"line":49,"column":27},"end":{"line":54,"column":5}},"15":{"start":{"line":56,"column":4},"end":{"line":62,"column":5}},"16":{"start":{"line":57,"column":27},"end":{"line":59,"column":7}},"17":{"start":{"line":60,"column":6},"end":{"line":60,"column":34}},"18":{"start":{"line":61,"column":6},"end":{"line":61,"column":27}},"19":{"start":{"line":64,"column":19},"end":{"line":79,"column":5}},"20":{"start":{"line":81,"column":4},"end":{"line":81,"column":26}},"21":{"start":{"line":94,"column":28},"end":{"line":99,"column":5}},"22":{"start":{"line":101,"column":19},"end":{"line":101,"column":48}},"23":{"start":{"line":102,"column":24},"end":{"line":102,"column":38}},"24":{"start":{"line":104,"column":4},"end":{"line":108,"column":5}},"25":{"start":{"line":105,"column":21},"end":{"line":105,"column":77}},"26":{"start":{"line":106,"column":6},"end":{"line":106,"column":28}},"27":{"start":{"line":107,"column":6},"end":{"line":107,"column":21}},"28":{"start":{"line":110,"column":4},"end":{"line":110,"column":23}},"29":{"start":{"line":116,"column":19},"end":{"line":121,"column":5}},"30":{"start":{"line":123,"column":4},"end":{"line":127,"column":5}},"31":{"start":{"line":124,"column":21},"end":{"line":124,"column":77}},"32":{"start":{"line":125,"column":6},"end":{"line":125,"column":28}},"33":{"start":{"line":126,"column":6},"end":{"line":126,"column":21}},"34":{"start":{"line":131,"column":0},"end":{"line":131,"column":29}}},"fnMap":{"0":{"name":"(anonymous_0)","decl":{"start":{"line":12,"column":2},"end":{"line":12,"column":3}},"loc":{"start":{"line":12,"column":25},"end":{"line":19,"column":3}},"line":12},"1":{"name":"(anonymous_1)","decl":{"start":{"line":16,"column":36},"end":{"line":16,"column":37}},"loc":{"start":{"line":17,"column":6},"end":{"line":17,"column":55}},"line":17},"2":{"name":"(anonymous_2)","decl":{"start":{"line":23,"column":2},"end":{"line":23,"column":3}},"loc":{"start":{"line":23,"column":27},"end":{"line":44,"column":3}},"line":23},"3":{"name":"(anonymous_3)","decl":{"start":{"line":48,"column":2},"end":{"line":48,"column":3}},"loc":{"start":{"line":48,"column":28},"end":{"line":82,"column":3}},"line":48},"4":{"name":"(anonymous_4)","decl":{"start":{"line":93,"column":2},"end":{"line":93,"column":3}},"loc":{"start":{"line":93,"column":32},"end":{"line":111,"column":3}},"line":93},"5":{"name":"(anonymous_5)","decl":{"start":{"line":115,"column":2},"end":{"line":115,"column":3}},"loc":{"start":{"line":115,"column":26},"end":{"line":128,"column":3}},"line":115}},"branchMap":{"0":{"loc":{"start":{"line":17,"column":6},"end":{"line":17,"column":55}},"type":"cond-expr","locations":[{"start":{"line":17,"column":19},"end":{"line":17,"column":20}},{"start":{"line":17,"column":23},"end":{"line":17,"column":55}}],"line":17},"1":{"loc":{"start":{"line":33,"column":4},"end":{"line":39,"column":5}},"type":"if","locations":[{"start":{"line":33,"column":4},"end":{"line":39,"column":5}},{"start":{"line":33,"column":4},"end":{"line":39,"column":5}}],"line":33},"2":{"loc":{"start":{"line":41,"column":27},"end":{"line":41,"column":63}},"type":"binary-expr","locations":[{"start":{"line":41,"column":27},"end":{"line":41,"column":47}},{"start":{"line":41,"column":51},"end":{"line":41,"column":63}}],"line":41},"3":{"loc":{"start":{"line":56,"column":4},"end":{"line":62,"column":5}},"type":"if","locations":[{"start":{"line":56,"column":4},"end":{"line":62,"column":5}},{"start":{"line":56,"column":4},"end":{"line":62,"column":5}}],"line":56},"4":{"loc":{"start":{"line":104,"column":4},"end":{"line":108,"column":5}},"type":"if","locations":[{"start":{"line":104,"column":4},"end":{"line":108,"column":5}},{"start":{"line":104,"column":4},"end":{"line":108,"column":5}}],"line":104},"5":{"loc":{"start":{"line":123,"column":4},"end":{"line":127,"column":5}},"type":"if","locations":[{"start":{"line":123,"column":4},"end":{"line":127,"column":5}},{"start":{"line":123,"column":4},"end":{"line":127,"column":5}}],"line":123}},"s":{"0":7,"1":7,"2":7,"3":1,"4":1,"5":2,"6":2,"7":2,"8":2,"9":1,"10":1,"11":1,"12":1,"13":1,"14":2,"15":2,"16":1,"17":1,"18":1,"19":1,"20":1,"21":2,"22":2,"23":2,"24":2,"25":1,"26":1,"27":1,"28":1,"29":3,"30":3,"31":1,"32":1,"33":1,"34":7},"f":{"0":1,"1":2,"2":2,"3":2,"4":2,"5":3},"b":{"0":[1,1],"1":[1,1],"2":[1,1],"3":[1,1],"4":[1,1],"5":[1,2]},"_coverageSchema":"1a1c01bbd47fc00a2c39e90264f33305004495a9","hash":"aceca7c66ea7c7fe8f64a6f680a466e47a3de96a"}
,"C:\\Users\\Rich\\Programming\\Dev\\widgit_store\\backend\\models\\order.js": {"path":"C:\\Users\\Rich\\Programming\\Dev\\widgit_store\\backend\\models\\order.js","statementMap":{"0":{"start":{"line":1,"column":11},"end":{"line":1,"column":27}},"1":{"start":{"line":2,"column":25},"end":{"line":2,"column":55}},"2":{"start":{"line":3,"column":28},"end":{"line":3,"column":61}},"3":{"start":{"line":4,"column":33},"end":{"line":4,"column":73}},"4":{"start":{"line":12,"column":22},"end":{"line":15,"column":5}},"5":{"start":{"line":16,"column":4},"end":{"line":16,"column":26}},"6":{"start":{"line":22,"column":21},"end":{"line":30,"column":5}},"7":{"start":{"line":32,"column":18},"end":{"line":32,"column":34}},"8":{"start":{"line":34,"column":4},"end":{"line":38,"column":5}},"9":{"start":{"line":35,"column":20},"end":{"line":35,"column":77}},"10":{"start":{"line":36,"column":6},"end":{"line":36,"column":25}},"11":{"start":{"line":37,"column":6},"end":{"line":37,"column":18}},"12":{"start":{"line":40,"column":4},"end":{"line":40,"column":17}},"13":{"start":{"line":66,"column":8},"end":{"line":66,"column":12}},"14":{"start":{"line":70,"column":4},"end":{"line":154,"column":5}},"15":{"start":{"line":72,"column":6},"end":{"line":72,"column":30}},"16":{"start":{"line":75,"column":6},"end":{"line":82,"column":8}},"17":{"start":{"line":85,"column":6},"end":{"line":94,"column":7}},"18":{"start":{"line":87,"column":8},"end":{"line":87,"column":28}},"19":{"start":{"line":88,"column":8},"end":{"line":93,"column":10}},"20":{"start":{"line":95,"column":6},"end":{"line":95,"column":26}},"21":{"start":{"line":98,"column":24},"end":{"line":104,"column":8}},"22":{"start":{"line":105,"column":6},"end":{"line":105,"column":75}},"23":{"start":{"line":105,"column":32},"end":{"line":105,"column":75}},"24":{"start":{"line":108,"column":21},"end":{"line":127,"column":7}},"25":{"start":{"line":128,"column":20},"end":{"line":128,"column":34}},"26":{"start":{"line":131,"column":6},"end":{"line":137,"column":7}},"27":{"start":{"line":132,"column":8},"end":{"line":136,"column":11}},"28":{"start":{"line":139,"column":6},"end":{"line":139,"column":31}},"29":{"start":{"line":140,"column":6},"end":{"line":140,"column":19}},"30":{"start":{"line":143,"column":6},"end":{"line":143,"column":33}},"31":{"start":{"line":147,"column":18},"end":{"line":149,"column":23}},"32":{"start":{"line":151,"column":6},"end":{"line":151,"column":26}},"33":{"start":{"line":152,"column":6},"end":{"line":152,"column":25}},"34":{"start":{"line":153,"column":6},"end":{"line":153,"column":18}},"35":{"start":{"line":167,"column":28},"end":{"line":172,"column":5}},"36":{"start":{"line":173,"column":19},"end":{"line":173,"column":48}},"37":{"start":{"line":174,"column":18},"end":{"line":174,"column":32}},"38":{"start":{"line":176,"column":4},"end":{"line":180,"column":5}},"39":{"start":{"line":177,"column":21},"end":{"line":177,"column":77}},"40":{"start":{"line":178,"column":6},"end":{"line":178,"column":28}},"41":{"start":{"line":179,"column":6},"end":{"line":179,"column":21}},"42":{"start":{"line":182,"column":4},"end":{"line":182,"column":17}},"43":{"start":{"line":188,"column":19},"end":{"line":193,"column":5}},"44":{"start":{"line":195,"column":4},"end":{"line":199,"column":5}},"45":{"start":{"line":196,"column":21},"end":{"line":196,"column":68}},"46":{"start":{"line":197,"column":6},"end":{"line":197,"column":28}},"47":{"start":{"line":198,"column":6},"end":{"line":198,"column":21}},"48":{"start":{"line":203,"column":0},"end":{"line":203,"column":23}}},"fnMap":{"0":{"name":"(anonymous_0)","decl":{"start":{"line":11,"column":2},"end":{"line":11,"column":3}},"loc":{"start":{"line":11,"column":25},"end":{"line":17,"column":3}},"line":11},"1":{"name":"(anonymous_1)","decl":{"start":{"line":21,"column":2},"end":{"line":21,"column":3}},"loc":{"start":{"line":21,"column":33},"end":{"line":41,"column":3}},"line":21},"2":{"name":"(anonymous_2)","decl":{"start":{"line":53,"column":2},"end":{"line":53,"column":3}},"loc":{"start":{"line":53,"column":28},"end":{"line":155,"column":3}},"line":53},"3":{"name":"(anonymous_3)","decl":{"start":{"line":166,"column":2},"end":{"line":166,"column":3}},"loc":{"start":{"line":166,"column":38},"end":{"line":183,"column":3}},"line":166},"4":{"name":"(anonymous_4)","decl":{"start":{"line":187,"column":2},"end":{"line":187,"column":3}},"loc":{"start":{"line":187,"column":32},"end":{"line":200,"column":3}},"line":187}},"branchMap":{"0":{"loc":{"start":{"line":34,"column":4},"end":{"line":38,"column":5}},"type":"if","locations":[{"start":{"line":34,"column":4},"end":{"line":38,"column":5}},{"start":{"line":34,"column":4},"end":{"line":38,"column":5}}],"line":34},"1":{"loc":{"start":{"line":62,"column":8},"end":{"line":62,"column":30}},"type":"default-arg","locations":[{"start":{"line":62,"column":26},"end":{"line":62,"column":30}}],"line":62},"2":{"loc":{"start":{"line":63,"column":8},"end":{"line":63,"column":23}},"type":"default-arg","locations":[{"start":{"line":63,"column":19},"end":{"line":63,"column":23}}],"line":63},"3":{"loc":{"start":{"line":105,"column":6},"end":{"line":105,"column":75}},"type":"if","locations":[{"start":{"line":105,"column":6},"end":{"line":105,"column":75}},{"start":{"line":105,"column":6},"end":{"line":105,"column":75}}],"line":105},"4":{"loc":{"start":{"line":115,"column":10},"end":{"line":115,"column":34}},"type":"binary-expr","locations":[{"start":{"line":115,"column":10},"end":{"line":115,"column":26}},{"start":{"line":115,"column":30},"end":{"line":115,"column":34}}],"line":115},"5":{"loc":{"start":{"line":147,"column":18},"end":{"line":149,"column":23}},"type":"cond-expr","locations":[{"start":{"line":148,"column":10},"end":{"line":148,"column":52}},{"start":{"line":149,"column":10},"end":{"line":149,"column":23}}],"line":147},"6":{"loc":{"start":{"line":176,"column":4},"end":{"line":180,"column":5}},"type":"if","locations":[{"start":{"line":176,"column":4},"end":{"line":180,"column":5}},{"start":{"line":176,"column":4},"end":{"line":180,"column":5}}],"line":176},"7":{"loc":{"start":{"line":195,"column":4},"end":{"line":199,"column":5}},"type":"if","locations":[{"start":{"line":195,"column":4},"end":{"line":199,"column":5}},{"start":{"line":195,"column":4},"end":{"line":199,"column":5}}],"line":195}},"s":{"0":7,"1":7,"2":7,"3":7,"4":1,"5":1,"6":2,"7":2,"8":2,"9":1,"10":1,"11":1,"12":1,"13":9,"14":9,"15":9,"16":9,"17":4,"18":4,"19":4,"20":3,"21":3,"22":3,"23":1,"24":2,"25":2,"26":2,"27":2,"28":2,"29":2,"30":7,"31":7,"32":7,"33":7,"34":7,"35":2,"36":2,"37":2,"38":2,"39":1,"40":1,"41":1,"42":1,"43":4,"44":4,"45":1,"46":1,"47":1,"48":7},"f":{"0":1,"1":2,"2":9,"3":2,"4":4},"b":{"0":[1,1],"1":[9],"2":[9],"3":[1,2],"4":[2,1],"5":[1,6],"6":[1,1],"7":[1,3]},"_coverageSchema":"1a1c01bbd47fc00a2c39e90264f33305004495a9","hash":"570115f294c38813145155ea7f0d188c908fc80f"}
,"C:\\Users\\Rich\\Programming\\Dev\\widgit_store\\backend\\models\\product.js": {"path":"C:\\Users\\Rich\\Programming\\Dev\\widgit_store\\backend\\models\\product.js","statementMap":{"0":{"start":{"line":1,"column":11},"end":{"line":1,"column":27}},"1":{"start":{"line":2,"column":28},"end":{"line":2,"column":61}},"2":{"start":{"line":10,"column":20},"end":{"line":12,"column":20}},"3":{"start":{"line":13,"column":27},"end":{"line":13,"column":29}},"4":{"start":{"line":14,"column":22},"end":{"line":14,"column":24}},"5":{"start":{"line":15,"column":18},"end":{"line":15,"column":20}},"6":{"start":{"line":20,"column":4},"end":{"line":23,"column":5}},"7":{"start":{"line":21,"column":6},"end":{"line":21,"column":42}},"8":{"start":{"line":22,"column":6},"end":{"line":22,"column":65}},"9":{"start":{"line":25,"column":4},"end":{"line":28,"column":5}},"10":{"start":{"line":26,"column":6},"end":{"line":26,"column":40}},"11":{"start":{"line":27,"column":6},"end":{"line":27,"column":63}},"12":{"start":{"line":30,"column":4},"end":{"line":33,"column":5}},"13":{"start":{"line":31,"column":6},"end":{"line":31,"column":40}},"14":{"start":{"line":32,"column":6},"end":{"line":32,"column":63}},"15":{"start":{"line":35,"column":4},"end":{"line":38,"column":5}},"16":{"start":{"line":36,"column":6},"end":{"line":36,"column":40}},"17":{"start":{"line":37,"column":6},"end":{"line":37,"column":67}},"18":{"start":{"line":40,"column":4},"end":{"line":50,"column":5}},"19":{"start":{"line":47,"column":6},"end":{"line":47,"column":67}},"20":{"start":{"line":49,"column":6},"end":{"line":49,"column":40}},"21":{"start":{"line":52,"column":4},"end":{"line":52,"column":60}},"22":{"start":{"line":52,"column":37},"end":{"line":52,"column":60}},"23":{"start":{"line":56,"column":21},"end":{"line":56,"column":73}},"24":{"start":{"line":57,"column":24},"end":{"line":57,"column":63}},"25":{"start":{"line":58,"column":4},"end":{"line":58,"column":28}},"26":{"start":{"line":64,"column":23},"end":{"line":69,"column":5}},"27":{"start":{"line":71,"column":20},"end":{"line":71,"column":38}},"28":{"start":{"line":73,"column":4},"end":{"line":79,"column":5}},"29":{"start":{"line":74,"column":20},"end":{"line":76,"column":7}},"30":{"start":{"line":77,"column":6},"end":{"line":77,"column":25}},"31":{"start":{"line":78,"column":6},"end":{"line":78,"column":18}},"32":{"start":{"line":81,"column":4},"end":{"line":81,"column":19}},"33":{"start":{"line":88,"column":23},"end":{"line":91,"column":5}},"34":{"start":{"line":92,"column":4},"end":{"line":96,"column":5}},"35":{"start":{"line":93,"column":23},"end":{"line":93,"column":76}},"36":{"start":{"line":94,"column":6},"end":{"line":94,"column":28}},"37":{"start":{"line":95,"column":6},"end":{"line":95,"column":21}},"38":{"start":{"line":98,"column":19},"end":{"line":113,"column":5}},"39":{"start":{"line":115,"column":4},"end":{"line":115,"column":26}},"40":{"start":{"line":128,"column":28},"end":{"line":133,"column":5}},"41":{"start":{"line":135,"column":19},"end":{"line":135,"column":48}},"42":{"start":{"line":136,"column":20},"end":{"line":136,"column":34}},"43":{"start":{"line":138,"column":4},"end":{"line":144,"column":5}},"44":{"start":{"line":139,"column":21},"end":{"line":141,"column":7}},"45":{"start":{"line":142,"column":6},"end":{"line":142,"column":28}},"46":{"start":{"line":143,"column":6},"end":{"line":143,"column":21}},"47":{"start":{"line":146,"column":4},"end":{"line":146,"column":19}},"48":{"start":{"line":152,"column":19},"end":{"line":159,"column":5}},"49":{"start":{"line":161,"column":4},"end":{"line":165,"column":5}},"50":{"start":{"line":162,"column":21},"end":{"line":162,"column":72}},"51":{"start":{"line":163,"column":6},"end":{"line":163,"column":28}},"52":{"start":{"line":164,"column":6},"end":{"line":164,"column":21}},"53":{"start":{"line":169,"column":0},"end":{"line":169,"column":25}}},"fnMap":{"0":{"name":"(anonymous_0)","decl":{"start":{"line":9,"column":2},"end":{"line":9,"column":3}},"loc":{"start":{"line":9,"column":29},"end":{"line":59,"column":3}},"line":9},"1":{"name":"(anonymous_1)","decl":{"start":{"line":63,"column":2},"end":{"line":63,"column":3}},"loc":{"start":{"line":63,"column":35},"end":{"line":82,"column":3}},"line":63},"2":{"name":"(anonymous_2)","decl":{"start":{"line":86,"column":2},"end":{"line":86,"column":3}},"loc":{"start":{"line":86,"column":28},"end":{"line":116,"column":3}},"line":86},"3":{"name":"(anonymous_3)","decl":{"start":{"line":127,"column":2},"end":{"line":127,"column":3}},"loc":{"start":{"line":127,"column":40},"end":{"line":147,"column":3}},"line":127},"4":{"name":"(anonymous_4)","decl":{"start":{"line":151,"column":2},"end":{"line":151,"column":3}},"loc":{"start":{"line":151,"column":34},"end":{"line":166,"column":3}},"line":151}},"branchMap":{"0":{"loc":{"start":{"line":20,"column":4},"end":{"line":23,"column":5}},"type":"if","locations":[{"start":{"line":20,"column":4},"end":{"line":23,"column":5}},{"start":{"line":20,"column":4},"end":{"line":23,"column":5}}],"line":20},"1":{"loc":{"start":{"line":25,"column":4},"end":{"line":28,"column":5}},"type":"if","locations":[{"start":{"line":25,"column":4},"end":{"line":28,"column":5}},{"start":{"line":25,"column":4},"end":{"line":28,"column":5}}],"line":25},"2":{"loc":{"start":{"line":30,"column":4},"end":{"line":33,"column":5}},"type":"if","locations":[{"start":{"line":30,"column":4},"end":{"line":33,"column":5}},{"start":{"line":30,"column":4},"end":{"line":33,"column":5}}],"line":30},"3":{"loc":{"start":{"line":35,"column":4},"end":{"line":38,"column":5}},"type":"if","locations":[{"start":{"line":35,"column":4},"end":{"line":38,"column":5}},{"start":{"line":35,"column":4},"end":{"line":38,"column":5}}],"line":35},"4":{"loc":{"start":{"line":40,"column":4},"end":{"line":50,"column":5}},"type":"if","locations":[{"start":{"line":40,"column":4},"end":{"line":50,"column":5}},{"start":{"line":40,"column":4},"end":{"line":50,"column":5}}],"line":40},"5":{"loc":{"start":{"line":42,"column":6},"end":{"line":45,"column":50}},"type":"binary-expr","locations":[{"start":{"line":42,"column":6},"end":{"line":42,"column":19}},{"start":{"line":43,"column":6},"end":{"line":43,"column":24}},{"start":{"line":44,"column":6},"end":{"line":44,"column":71}},{"start":{"line":45,"column":6},"end":{"line":45,"column":50}}],"line":42},"6":{"loc":{"start":{"line":52,"column":4},"end":{"line":52,"column":60}},"type":"if","locations":[{"start":{"line":52,"column":4},"end":{"line":52,"column":60}},{"start":{"line":52,"column":4},"end":{"line":52,"column":60}}],"line":52},"7":{"loc":{"start":{"line":73,"column":4},"end":{"line":79,"column":5}},"type":"if","locations":[{"start":{"line":73,"column":4},"end":{"line":79,"column":5}},{"start":{"line":73,"column":4},"end":{"line":79,"column":5}}],"line":73},"8":{"loc":{"start":{"line":92,"column":4},"end":{"line":96,"column":5}},"type":"if","locations":[{"start":{"line":92,"column":4},"end":{"line":96,"column":5}},{"start":{"line":92,"column":4},"end":{"line":96,"column":5}}],"line":92},"9":{"loc":{"start":{"line":138,"column":4},"end":{"line":144,"column":5}},"type":"if","locations":[{"start":{"line":138,"column":4},"end":{"line":144,"column":5}},{"start":{"line":138,"column":4},"end":{"line":144,"column":5}}],"line":138},"10":{"loc":{"start":{"line":161,"column":4},"end":{"line":165,"column":5}},"type":"if","locations":[{"start":{"line":161,"column":4},"end":{"line":165,"column":5}},{"start":{"line":161,"column":4},"end":{"line":165,"column":5}}],"line":161}},"s":{"0":7,"1":7,"2":11,"3":11,"4":11,"5":11,"6":11,"7":2,"8":2,"9":11,"10":2,"11":2,"12":11,"13":2,"14":2,"15":11,"16":2,"17":2,"18":11,"19":2,"20":9,"21":11,"22":8,"23":11,"24":11,"25":11,"26":2,"27":2,"28":2,"29":1,"30":1,"31":1,"32":1,"33":3,"34":3,"35":1,"36":1,"37":1,"38":2,"39":2,"40":2,"41":2,"42":2,"43":2,"44":1,"45":1,"46":1,"47":1,"48":3,"49":3,"50":1,"51":1,"52":1,"53":7},"f":{"0":11,"1":2,"2":3,"3":2,"4":3},"b":{"0":[2,9],"1":[2,9],"2":[2,9],"3":[2,9],"4":[2,9],"5":[11,2,2,2],"6":[8,3],"7":[1,1],"8":[1,2],"9":[1,1],"10":[1,2]},"_coverageSchema":"1a1c01bbd47fc00a2c39e90264f33305004495a9","hash":"9cf94059e7b55fc94c892a965fe17b564b5aa20a"}
,"C:\\Users\\Rich\\Programming\\Dev\\widgit_store\\backend\\models\\user.js": {"path":"C:\\Users\\Rich\\Programming\\Dev\\widgit_store\\backend\\models\\user.js","statementMap":{"0":{"start":{"line":1,"column":11},"end":{"line":1,"column":27}},"1":{"start":{"line":2,"column":15},"end":{"line":2,"column":32}},"2":{"start":{"line":3,"column":22},"end":{"line":3,"column":55}},"3":{"start":{"line":5,"column":31},"end":{"line":5,"column":51}},"4":{"start":{"line":13,"column":19},"end":{"line":23,"column":5}},"5":{"start":{"line":24,"column":17},"end":{"line":24,"column":31}},"6":{"start":{"line":25,"column":4},"end":{"line":32,"column":5}},"7":{"start":{"line":27,"column":22},"end":{"line":27,"column":72}},"8":{"start":{"line":28,"column":6},"end":{"line":31,"column":7}},"9":{"start":{"line":29,"column":8},"end":{"line":29,"column":32}},"10":{"start":{"line":30,"column":8},"end":{"line":30,"column":20}},"11":{"start":{"line":33,"column":24},"end":{"line":33,"column":56}},"12":{"start":{"line":34,"column":4},"end":{"line":34,"column":29}},"13":{"start":{"line":35,"column":4},"end":{"line":35,"column":22}},"14":{"start":{"line":41,"column":31},"end":{"line":46,"column":5}},"15":{"start":{"line":47,"column":4},"end":{"line":53,"column":5}},"16":{"start":{"line":48,"column":18},"end":{"line":50,"column":7}},"17":{"start":{"line":51,"column":6},"end":{"line":51,"column":23}},"18":{"start":{"line":52,"column":6},"end":{"line":52,"column":16}},"19":{"start":{"line":54,"column":32},"end":{"line":59,"column":5}},"20":{"start":{"line":60,"column":4},"end":{"line":66,"column":5}},"21":{"start":{"line":61,"column":18},"end":{"line":63,"column":7}},"22":{"start":{"line":64,"column":6},"end":{"line":64,"column":23}},"23":{"start":{"line":65,"column":6},"end":{"line":65,"column":16}},"24":{"start":{"line":67,"column":27},"end":{"line":67,"column":79}},"25":{"start":{"line":68,"column":19},"end":{"line":89,"column":5}},"26":{"start":{"line":90,"column":4},"end":{"line":90,"column":26}},"27":{"start":{"line":96,"column":19},"end":{"line":101,"column":5}},"28":{"start":{"line":102,"column":4},"end":{"line":102,"column":23}},"29":{"start":{"line":108,"column":20},"end":{"line":115,"column":5}},"30":{"start":{"line":116,"column":17},"end":{"line":116,"column":32}},"31":{"start":{"line":117,"column":4},"end":{"line":121,"column":5}},"32":{"start":{"line":118,"column":20},"end":{"line":118,"column":67}},"33":{"start":{"line":119,"column":6},"end":{"line":119,"column":25}},"34":{"start":{"line":120,"column":6},"end":{"line":120,"column":18}},"35":{"start":{"line":122,"column":25},"end":{"line":127,"column":5}},"36":{"start":{"line":128,"column":4},"end":{"line":128,"column":36}},"37":{"start":{"line":129,"column":4},"end":{"line":129,"column":16}},"38":{"start":{"line":142,"column":4},"end":{"line":144,"column":5}},"39":{"start":{"line":143,"column":6},"end":{"line":143,"column":75}},"40":{"start":{"line":145,"column":28},"end":{"line":145,"column":78}},"41":{"start":{"line":146,"column":19},"end":{"line":146,"column":48}},"42":{"start":{"line":147,"column":17},"end":{"line":147,"column":31}},"43":{"start":{"line":149,"column":4},"end":{"line":153,"column":5}},"44":{"start":{"line":150,"column":21},"end":{"line":150,"column":67}},"45":{"start":{"line":151,"column":6},"end":{"line":151,"column":28}},"46":{"start":{"line":152,"column":6},"end":{"line":152,"column":21}},"47":{"start":{"line":154,"column":4},"end":{"line":154,"column":25}},"48":{"start":{"line":155,"column":4},"end":{"line":155,"column":25}},"49":{"start":{"line":156,"column":4},"end":{"line":156,"column":16}},"50":{"start":{"line":162,"column":17},"end":{"line":169,"column":5}},"51":{"start":{"line":170,"column":4},"end":{"line":174,"column":5}},"52":{"start":{"line":171,"column":21},"end":{"line":171,"column":68}},"53":{"start":{"line":172,"column":6},"end":{"line":172,"column":28}},"54":{"start":{"line":173,"column":6},"end":{"line":173,"column":21}},"55":{"start":{"line":178,"column":0},"end":{"line":178,"column":22}}},"fnMap":{"0":{"name":"(anonymous_0)","decl":{"start":{"line":11,"column":2},"end":{"line":11,"column":3}},"loc":{"start":{"line":11,"column":34},"end":{"line":36,"column":3}},"line":11},"1":{"name":"(anonymous_1)","decl":{"start":{"line":40,"column":2},"end":{"line":40,"column":3}},"loc":{"start":{"line":40,"column":30},"end":{"line":91,"column":3}},"line":40},"2":{"name":"(anonymous_2)","decl":{"start":{"line":95,"column":2},"end":{"line":95,"column":3}},"loc":{"start":{"line":95,"column":25},"end":{"line":103,"column":3}},"line":95},"3":{"name":"(anonymous_3)","decl":{"start":{"line":107,"column":2},"end":{"line":107,"column":3}},"loc":{"start":{"line":107,"column":33},"end":{"line":130,"column":3}},"line":107},"4":{"name":"(anonymous_4)","decl":{"start":{"line":141,"column":2},"end":{"line":141,"column":3}},"loc":{"start":{"line":141,"column":38},"end":{"line":157,"column":3}},"line":141},"5":{"name":"(anonymous_5)","decl":{"start":{"line":161,"column":2},"end":{"line":161,"column":3}},"loc":{"start":{"line":161,"column":32},"end":{"line":175,"column":3}},"line":161}},"branchMap":{"0":{"loc":{"start":{"line":25,"column":4},"end":{"line":32,"column":5}},"type":"if","locations":[{"start":{"line":25,"column":4},"end":{"line":32,"column":5}},{"start":{"line":25,"column":4},"end":{"line":32,"column":5}}],"line":25},"1":{"loc":{"start":{"line":28,"column":6},"end":{"line":31,"column":7}},"type":"if","locations":[{"start":{"line":28,"column":6},"end":{"line":31,"column":7}},{"start":{"line":28,"column":6},"end":{"line":31,"column":7}}],"line":28},"2":{"loc":{"start":{"line":47,"column":4},"end":{"line":53,"column":5}},"type":"if","locations":[{"start":{"line":47,"column":4},"end":{"line":53,"column":5}},{"start":{"line":47,"column":4},"end":{"line":53,"column":5}}],"line":47},"3":{"loc":{"start":{"line":60,"column":4},"end":{"line":66,"column":5}},"type":"if","locations":[{"start":{"line":60,"column":4},"end":{"line":66,"column":5}},{"start":{"line":60,"column":4},"end":{"line":66,"column":5}}],"line":60},"4":{"loc":{"start":{"line":117,"column":4},"end":{"line":121,"column":5}},"type":"if","locations":[{"start":{"line":117,"column":4},"end":{"line":121,"column":5}},{"start":{"line":117,"column":4},"end":{"line":121,"column":5}}],"line":117},"5":{"loc":{"start":{"line":142,"column":4},"end":{"line":144,"column":5}},"type":"if","locations":[{"start":{"line":142,"column":4},"end":{"line":144,"column":5}},{"start":{"line":142,"column":4},"end":{"line":144,"column":5}}],"line":142},"6":{"loc":{"start":{"line":149,"column":4},"end":{"line":153,"column":5}},"type":"if","locations":[{"start":{"line":149,"column":4},"end":{"line":153,"column":5}},{"start":{"line":149,"column":4},"end":{"line":153,"column":5}}],"line":149},"7":{"loc":{"start":{"line":170,"column":4},"end":{"line":174,"column":5}},"type":"if","locations":[{"start":{"line":170,"column":4},"end":{"line":174,"column":5}},{"start":{"line":170,"column":4},"end":{"line":174,"column":5}}],"line":170}},"s":{"0":7,"1":7,"2":7,"3":7,"4":6,"5":6,"6":6,"7":5,"8":5,"9":4,"10":4,"11":2,"12":2,"13":2,"14":3,"15":3,"16":1,"17":1,"18":1,"19":2,"20":2,"21":1,"22":1,"23":1,"24":1,"25":1,"26":1,"27":2,"28":2,"29":3,"30":3,"31":3,"32":1,"33":1,"34":1,"35":2,"36":2,"37":2,"38":4,"39":2,"40":4,"41":4,"42":4,"43":4,"44":1,"45":1,"46":1,"47":3,"48":3,"49":3,"50":5,"51":5,"52":1,"53":1,"54":1,"55":7},"f":{"0":6,"1":3,"2":2,"3":3,"4":4,"5":5},"b":{"0":[5,1],"1":[4,1],"2":[1,2],"3":[1,1],"4":[1,2],"5":[2,2],"6":[1,3],"7":[1,4]},"_coverageSchema":"1a1c01bbd47fc00a2c39e90264f33305004495a9","hash":"07c95fba60b94e1bdad25168b8786cc95c9d67bf"}
,"C:\\Users\\Rich\\Programming\\Dev\\widgit_store\\backend\\routes\\auth.js": {"path":"C:\\Users\\Rich\\Programming\\Dev\\widgit_store\\backend\\routes\\auth.js","statementMap":{"0":{"start":{"line":3,"column":16},"end":{"line":3,"column":34}},"1":{"start":{"line":4,"column":15},"end":{"line":4,"column":35}},"2":{"start":{"line":5,"column":21},"end":{"line":5,"column":42}},"3":{"start":{"line":7,"column":23},"end":{"line":7,"column":64}},"4":{"start":{"line":8,"column":20},"end":{"line":8,"column":51}},"5":{"start":{"line":9,"column":13},"end":{"line":9,"column":38}},"6":{"start":{"line":11,"column":0},"end":{"line":27,"column":3}},"7":{"start":{"line":12,"column":2},"end":{"line":26,"column":3}},"8":{"start":{"line":13,"column":23},"end":{"line":13,"column":57}},"9":{"start":{"line":14,"column":4},"end":{"line":19,"column":5}},"10":{"start":{"line":15,"column":6},"end":{"line":18,"column":9}},"11":{"start":{"line":17,"column":44},"end":{"line":17,"column":51}},"12":{"start":{"line":20,"column":17},"end":{"line":20,"column":50}},"13":{"start":{"line":21,"column":18},"end":{"line":21,"column":35}},"14":{"start":{"line":22,"column":4},"end":{"line":22,"column":25}},"15":{"start":{"line":23,"column":4},"end":{"line":23,"column":37}},"16":{"start":{"line":25,"column":4},"end":{"line":25,"column":19}},"17":{"start":{"line":29,"column":0},"end":{"line":50,"column":3}},"18":{"start":{"line":30,"column":2},"end":{"line":49,"column":3}},"19":{"start":{"line":31,"column":23},"end":{"line":31,"column":57}},"20":{"start":{"line":32,"column":4},"end":{"line":37,"column":5}},"21":{"start":{"line":33,"column":6},"end":{"line":36,"column":9}},"22":{"start":{"line":35,"column":44},"end":{"line":35,"column":51}},"23":{"start":{"line":38,"column":17},"end":{"line":38,"column":50}},"24":{"start":{"line":39,"column":4},"end":{"line":43,"column":5}},"25":{"start":{"line":40,"column":25},"end":{"line":40,"column":60}},"26":{"start":{"line":41,"column":6},"end":{"line":41,"column":30}},"27":{"start":{"line":42,"column":6},"end":{"line":42,"column":23}},"28":{"start":{"line":44,"column":18},"end":{"line":44,"column":35}},"29":{"start":{"line":45,"column":4},"end":{"line":45,"column":25}},"30":{"start":{"line":46,"column":4},"end":{"line":46,"column":37}},"31":{"start":{"line":48,"column":4},"end":{"line":48,"column":19}},"32":{"start":{"line":52,"column":0},"end":{"line":52,"column":24}}},"fnMap":{"0":{"name":"(anonymous_0)","decl":{"start":{"line":11,"column":22},"end":{"line":11,"column":23}},"loc":{"start":{"line":11,"column":54},"end":{"line":27,"column":1}},"line":11},"1":{"name":"(anonymous_1)","decl":{"start":{"line":17,"column":39},"end":{"line":17,"column":40}},"loc":{"start":{"line":17,"column":44},"end":{"line":17,"column":51}},"line":17},"2":{"name":"(anonymous_2)","decl":{"start":{"line":29,"column":28},"end":{"line":29,"column":29}},"loc":{"start":{"line":29,"column":60},"end":{"line":50,"column":1}},"line":29},"3":{"name":"(anonymous_3)","decl":{"start":{"line":35,"column":39},"end":{"line":35,"column":40}},"loc":{"start":{"line":35,"column":44},"end":{"line":35,"column":51}},"line":35}},"branchMap":{"0":{"loc":{"start":{"line":14,"column":4},"end":{"line":19,"column":5}},"type":"if","locations":[{"start":{"line":14,"column":4},"end":{"line":19,"column":5}},{"start":{"line":14,"column":4},"end":{"line":19,"column":5}}],"line":14},"1":{"loc":{"start":{"line":32,"column":4},"end":{"line":37,"column":5}},"type":"if","locations":[{"start":{"line":32,"column":4},"end":{"line":37,"column":5}},{"start":{"line":32,"column":4},"end":{"line":37,"column":5}}],"line":32},"2":{"loc":{"start":{"line":39,"column":4},"end":{"line":43,"column":5}},"type":"if","locations":[{"start":{"line":39,"column":4},"end":{"line":43,"column":5}},{"start":{"line":39,"column":4},"end":{"line":43,"column":5}}],"line":39}},"s":{"0":7,"1":7,"2":7,"3":7,"4":7,"5":7,"6":7,"7":6,"8":6,"9":6,"10":2,"11":2,"12":4,"13":2,"14":2,"15":2,"16":2,"17":7,"18":4,"19":4,"20":4,"21":2,"22":2,"23":2,"24":2,"25":1,"26":1,"27":1,"28":1,"29":1,"30":1,"31":1,"32":7},"f":{"0":6,"1":2,"2":4,"3":2},"b":{"0":[2,4],"1":[2,2],"2":[1,1]},"_coverageSchema":"1a1c01bbd47fc00a2c39e90264f33305004495a9","hash":"9a761eba965a9414a967955a2cb88e51cfba1a0e"}
,"C:\\Users\\Rich\\Programming\\Dev\\widgit_store\\backend\\routes\\distributors.js": {"path":"C:\\Users\\Rich\\Programming\\Dev\\widgit_store\\backend\\routes\\distributors.js","statementMap":{"0":{"start":{"line":3,"column":16},"end":{"line":3,"column":34}},"1":{"start":{"line":4,"column":15},"end":{"line":4,"column":35}},"2":{"start":{"line":6,"column":40},"end":{"line":6,"column":69}},"3":{"start":{"line":8,"column":20},"end":{"line":8,"column":52}},"4":{"start":{"line":9,"column":21},"end":{"line":9,"column":42}},"5":{"start":{"line":11,"column":26},"end":{"line":11,"column":70}},"6":{"start":{"line":12,"column":32},"end":{"line":12,"column":82}},"7":{"start":{"line":16,"column":0},"end":{"line":19,"column":3}},"8":{"start":{"line":17,"column":23},"end":{"line":17,"column":50}},"9":{"start":{"line":18,"column":2},"end":{"line":18,"column":36}},"10":{"start":{"line":23,"column":0},"end":{"line":30,"column":3}},"11":{"start":{"line":24,"column":2},"end":{"line":29,"column":3}},"12":{"start":{"line":25,"column":24},"end":{"line":25,"column":64}},"13":{"start":{"line":26,"column":4},"end":{"line":26,"column":37}},"14":{"start":{"line":28,"column":4},"end":{"line":28,"column":21}},"15":{"start":{"line":34,"column":0},"end":{"line":49,"column":3}},"16":{"start":{"line":35,"column":2},"end":{"line":48,"column":3}},"17":{"start":{"line":36,"column":23},"end":{"line":36,"column":60}},"18":{"start":{"line":37,"column":4},"end":{"line":42,"column":5}},"19":{"start":{"line":38,"column":6},"end":{"line":41,"column":9}},"20":{"start":{"line":40,"column":44},"end":{"line":40,"column":51}},"21":{"start":{"line":44,"column":24},"end":{"line":44,"column":58}},"22":{"start":{"line":45,"column":4},"end":{"line":45,"column":49}},"23":{"start":{"line":47,"column":4},"end":{"line":47,"column":21}},"24":{"start":{"line":53,"column":0},"end":{"line":68,"column":3}},"25":{"start":{"line":54,"column":2},"end":{"line":67,"column":3}},"26":{"start":{"line":55,"column":23},"end":{"line":55,"column":66}},"27":{"start":{"line":56,"column":4},"end":{"line":61,"column":5}},"28":{"start":{"line":57,"column":6},"end":{"line":60,"column":9}},"29":{"start":{"line":59,"column":44},"end":{"line":59,"column":51}},"30":{"start":{"line":63,"column":24},"end":{"line":63,"column":73}},"31":{"start":{"line":64,"column":4},"end":{"line":64,"column":37}},"32":{"start":{"line":66,"column":4},"end":{"line":66,"column":21}},"33":{"start":{"line":72,"column":0},"end":{"line":79,"column":3}},"34":{"start":{"line":73,"column":2},"end":{"line":78,"column":3}},"35":{"start":{"line":74,"column":4},"end":{"line":74,"column":44}},"36":{"start":{"line":75,"column":4},"end":{"line":75,"column":56}},"37":{"start":{"line":77,"column":4},"end":{"line":77,"column":21}},"38":{"start":{"line":81,"column":0},"end":{"line":81,"column":24}}},"fnMap":{"0":{"name":"(anonymous_0)","decl":{"start":{"line":16,"column":30},"end":{"line":16,"column":31}},"loc":{"start":{"line":16,"column":62},"end":{"line":19,"column":1}},"line":16},"1":{"name":"(anonymous_1)","decl":{"start":{"line":23,"column":33},"end":{"line":23,"column":34}},"loc":{"start":{"line":23,"column":65},"end":{"line":30,"column":1}},"line":23},"2":{"name":"(anonymous_2)","decl":{"start":{"line":34,"column":32},"end":{"line":34,"column":33}},"loc":{"start":{"line":34,"column":64},"end":{"line":49,"column":1}},"line":34},"3":{"name":"(anonymous_3)","decl":{"start":{"line":40,"column":39},"end":{"line":40,"column":40}},"loc":{"start":{"line":40,"column":44},"end":{"line":40,"column":51}},"line":40},"4":{"name":"(anonymous_4)","decl":{"start":{"line":53,"column":36},"end":{"line":53,"column":37}},"loc":{"start":{"line":53,"column":68},"end":{"line":68,"column":1}},"line":53},"5":{"name":"(anonymous_5)","decl":{"start":{"line":59,"column":39},"end":{"line":59,"column":40}},"loc":{"start":{"line":59,"column":44},"end":{"line":59,"column":51}},"line":59},"6":{"name":"(anonymous_6)","decl":{"start":{"line":72,"column":37},"end":{"line":72,"column":38}},"loc":{"start":{"line":72,"column":69},"end":{"line":79,"column":1}},"line":72}},"branchMap":{"0":{"loc":{"start":{"line":37,"column":4},"end":{"line":42,"column":5}},"type":"if","locations":[{"start":{"line":37,"column":4},"end":{"line":42,"column":5}},{"start":{"line":37,"column":4},"end":{"line":42,"column":5}}],"line":37},"1":{"loc":{"start":{"line":56,"column":4},"end":{"line":61,"column":5}},"type":"if","locations":[{"start":{"line":56,"column":4},"end":{"line":61,"column":5}},{"start":{"line":56,"column":4},"end":{"line":61,"column":5}}],"line":56}},"s":{"0":7,"1":7,"2":7,"3":7,"4":7,"5":7,"6":7,"7":7,"8":1,"9":1,"10":7,"11":2,"12":2,"13":1,"14":1,"15":7,"16":3,"17":3,"18":3,"19":1,"20":1,"21":2,"22":1,"23":1,"24":7,"25":3,"26":3,"27":3,"28":1,"29":1,"30":2,"31":1,"32":1,"33":7,"34":3,"35":3,"36":2,"37":1,"38":7},"f":{"0":1,"1":2,"2":3,"3":1,"4":3,"5":1,"6":3},"b":{"0":[1,2],"1":[1,2]},"_coverageSchema":"1a1c01bbd47fc00a2c39e90264f33305004495a9","hash":"eb046661abf66832770d6f243d666553d9206f5e"}
,"C:\\Users\\Rich\\Programming\\Dev\\widgit_store\\backend\\routes\\orders.js": {"path":"C:\\Users\\Rich\\Programming\\Dev\\widgit_store\\backend\\routes\\orders.js","statementMap":{"0":{"start":{"line":3,"column":16},"end":{"line":3,"column":34}},"1":{"start":{"line":4,"column":15},"end":{"line":4,"column":52}},"2":{"start":{"line":6,"column":45},"end":{"line":6,"column":74}},"3":{"start":{"line":8,"column":14},"end":{"line":8,"column":40}},"4":{"start":{"line":9,"column":21},"end":{"line":9,"column":42}},"5":{"start":{"line":11,"column":20},"end":{"line":11,"column":58}},"6":{"start":{"line":12,"column":26},"end":{"line":12,"column":70}},"7":{"start":{"line":16,"column":0},"end":{"line":19,"column":3}},"8":{"start":{"line":17,"column":17},"end":{"line":17,"column":38}},"9":{"start":{"line":18,"column":2},"end":{"line":18,"column":30}},"10":{"start":{"line":23,"column":0},"end":{"line":39,"column":3}},"11":{"start":{"line":24,"column":2},"end":{"line":38,"column":3}},"12":{"start":{"line":25,"column":18},"end":{"line":25,"column":52}},"13":{"start":{"line":34,"column":4},"end":{"line":34,"column":39}},"14":{"start":{"line":35,"column":4},"end":{"line":35,"column":31}},"15":{"start":{"line":37,"column":4},"end":{"line":37,"column":21}},"16":{"start":{"line":43,"column":0},"end":{"line":58,"column":3}},"17":{"start":{"line":44,"column":2},"end":{"line":57,"column":3}},"18":{"start":{"line":45,"column":23},"end":{"line":45,"column":54}},"19":{"start":{"line":46,"column":4},"end":{"line":51,"column":5}},"20":{"start":{"line":47,"column":6},"end":{"line":50,"column":9}},"21":{"start":{"line":49,"column":44},"end":{"line":49,"column":51}},"22":{"start":{"line":53,"column":18},"end":{"line":53,"column":46}},"23":{"start":{"line":54,"column":4},"end":{"line":54,"column":43}},"24":{"start":{"line":56,"column":4},"end":{"line":56,"column":21}},"25":{"start":{"line":62,"column":0},"end":{"line":77,"column":3}},"26":{"start":{"line":63,"column":2},"end":{"line":76,"column":3}},"27":{"start":{"line":64,"column":23},"end":{"line":64,"column":60}},"28":{"start":{"line":65,"column":4},"end":{"line":70,"column":5}},"29":{"start":{"line":66,"column":6},"end":{"line":69,"column":9}},"30":{"start":{"line":68,"column":44},"end":{"line":68,"column":51}},"31":{"start":{"line":72,"column":18},"end":{"line":72,"column":61}},"32":{"start":{"line":73,"column":4},"end":{"line":73,"column":31}},"33":{"start":{"line":75,"column":4},"end":{"line":75,"column":21}},"34":{"start":{"line":81,"column":0},"end":{"line":88,"column":3}},"35":{"start":{"line":82,"column":2},"end":{"line":87,"column":3}},"36":{"start":{"line":83,"column":4},"end":{"line":83,"column":38}},"37":{"start":{"line":84,"column":4},"end":{"line":84,"column":50}},"38":{"start":{"line":86,"column":4},"end":{"line":86,"column":21}},"39":{"start":{"line":90,"column":0},"end":{"line":90,"column":24}}},"fnMap":{"0":{"name":"(anonymous_0)","decl":{"start":{"line":16,"column":31},"end":{"line":16,"column":32}},"loc":{"start":{"line":16,"column":63},"end":{"line":19,"column":1}},"line":16},"1":{"name":"(anonymous_1)","decl":{"start":{"line":23,"column":38},"end":{"line":23,"column":39}},"loc":{"start":{"line":23,"column":70},"end":{"line":39,"column":1}},"line":23},"2":{"name":"(anonymous_2)","decl":{"start":{"line":43,"column":17},"end":{"line":43,"column":18}},"loc":{"start":{"line":43,"column":49},"end":{"line":58,"column":1}},"line":43},"3":{"name":"(anonymous_3)","decl":{"start":{"line":49,"column":39},"end":{"line":49,"column":40}},"loc":{"start":{"line":49,"column":44},"end":{"line":49,"column":51}},"line":49},"4":{"name":"(anonymous_4)","decl":{"start":{"line":62,"column":36},"end":{"line":62,"column":37}},"loc":{"start":{"line":62,"column":68},"end":{"line":77,"column":1}},"line":62},"5":{"name":"(anonymous_5)","decl":{"start":{"line":68,"column":39},"end":{"line":68,"column":40}},"loc":{"start":{"line":68,"column":44},"end":{"line":68,"column":51}},"line":68},"6":{"name":"(anonymous_6)","decl":{"start":{"line":81,"column":37},"end":{"line":81,"column":38}},"loc":{"start":{"line":81,"column":69},"end":{"line":88,"column":1}},"line":81}},"branchMap":{"0":{"loc":{"start":{"line":46,"column":4},"end":{"line":51,"column":5}},"type":"if","locations":[{"start":{"line":46,"column":4},"end":{"line":51,"column":5}},{"start":{"line":46,"column":4},"end":{"line":51,"column":5}}],"line":46},"1":{"loc":{"start":{"line":65,"column":4},"end":{"line":70,"column":5}},"type":"if","locations":[{"start":{"line":65,"column":4},"end":{"line":70,"column":5}},{"start":{"line":65,"column":4},"end":{"line":70,"column":5}}],"line":65}},"s":{"0":7,"1":7,"2":7,"3":7,"4":7,"5":7,"6":7,"7":7,"8":1,"9":1,"10":7,"11":2,"12":2,"13":1,"14":1,"15":1,"16":7,"17":12,"18":12,"19":12,"20":3,"21":3,"22":9,"23":2,"24":7,"25":7,"26":4,"27":4,"28":4,"29":2,"30":2,"31":2,"32":1,"33":1,"34":7,"35":4,"36":4,"37":3,"38":1,"39":7},"f":{"0":1,"1":2,"2":12,"3":3,"4":4,"5":2,"6":4},"b":{"0":[3,9],"1":[2,2]},"_coverageSchema":"1a1c01bbd47fc00a2c39e90264f33305004495a9","hash":"d41463fd561ea70340e0648a5cfb7645c61d1c2d"}
,"C:\\Users\\Rich\\Programming\\Dev\\widgit_store\\backend\\routes\\products.js": {"path":"C:\\Users\\Rich\\Programming\\Dev\\widgit_store\\backend\\routes\\products.js","statementMap":{"0":{"start":{"line":3,"column":16},"end":{"line":3,"column":34}},"1":{"start":{"line":4,"column":15},"end":{"line":4,"column":52}},"2":{"start":{"line":6,"column":26},"end":{"line":6,"column":55}},"3":{"start":{"line":8,"column":16},"end":{"line":8,"column":44}},"4":{"start":{"line":9,"column":21},"end":{"line":9,"column":42}},"5":{"start":{"line":11,"column":22},"end":{"line":11,"column":62}},"6":{"start":{"line":12,"column":28},"end":{"line":12,"column":74}},"7":{"start":{"line":16,"column":0},"end":{"line":19,"column":3}},"8":{"start":{"line":17,"column":19},"end":{"line":17,"column":51}},"9":{"start":{"line":18,"column":2},"end":{"line":18,"column":32}},"10":{"start":{"line":23,"column":0},"end":{"line":30,"column":3}},"11":{"start":{"line":24,"column":2},"end":{"line":29,"column":3}},"12":{"start":{"line":25,"column":20},"end":{"line":25,"column":56}},"13":{"start":{"line":26,"column":4},"end":{"line":26,"column":33}},"14":{"start":{"line":28,"column":4},"end":{"line":28,"column":21}},"15":{"start":{"line":34,"column":0},"end":{"line":50,"column":3}},"16":{"start":{"line":35,"column":2},"end":{"line":49,"column":3}},"17":{"start":{"line":36,"column":23},"end":{"line":36,"column":56}},"18":{"start":{"line":38,"column":4},"end":{"line":43,"column":5}},"19":{"start":{"line":39,"column":6},"end":{"line":42,"column":9}},"20":{"start":{"line":41,"column":44},"end":{"line":41,"column":51}},"21":{"start":{"line":45,"column":20},"end":{"line":45,"column":50}},"22":{"start":{"line":46,"column":4},"end":{"line":46,"column":45}},"23":{"start":{"line":48,"column":4},"end":{"line":48,"column":21}},"24":{"start":{"line":54,"column":0},"end":{"line":69,"column":3}},"25":{"start":{"line":55,"column":2},"end":{"line":68,"column":3}},"26":{"start":{"line":56,"column":23},"end":{"line":56,"column":62}},"27":{"start":{"line":57,"column":4},"end":{"line":62,"column":5}},"28":{"start":{"line":58,"column":6},"end":{"line":61,"column":9}},"29":{"start":{"line":60,"column":44},"end":{"line":60,"column":51}},"30":{"start":{"line":64,"column":20},"end":{"line":64,"column":65}},"31":{"start":{"line":65,"column":4},"end":{"line":65,"column":33}},"32":{"start":{"line":67,"column":4},"end":{"line":67,"column":21}},"33":{"start":{"line":73,"column":0},"end":{"line":80,"column":3}},"34":{"start":{"line":74,"column":2},"end":{"line":79,"column":3}},"35":{"start":{"line":75,"column":4},"end":{"line":75,"column":40}},"36":{"start":{"line":76,"column":4},"end":{"line":76,"column":52}},"37":{"start":{"line":78,"column":4},"end":{"line":78,"column":21}},"38":{"start":{"line":82,"column":0},"end":{"line":82,"column":24}}},"fnMap":{"0":{"name":"(anonymous_0)","decl":{"start":{"line":16,"column":16},"end":{"line":16,"column":17}},"loc":{"start":{"line":16,"column":48},"end":{"line":19,"column":1}},"line":16},"1":{"name":"(anonymous_1)","decl":{"start":{"line":23,"column":19},"end":{"line":23,"column":20}},"loc":{"start":{"line":23,"column":51},"end":{"line":30,"column":1}},"line":23},"2":{"name":"(anonymous_2)","decl":{"start":{"line":34,"column":32},"end":{"line":34,"column":33}},"loc":{"start":{"line":34,"column":64},"end":{"line":50,"column":1}},"line":34},"3":{"name":"(anonymous_3)","decl":{"start":{"line":41,"column":39},"end":{"line":41,"column":40}},"loc":{"start":{"line":41,"column":44},"end":{"line":41,"column":51}},"line":41},"4":{"name":"(anonymous_4)","decl":{"start":{"line":54,"column":36},"end":{"line":54,"column":37}},"loc":{"start":{"line":54,"column":68},"end":{"line":69,"column":1}},"line":54},"5":{"name":"(anonymous_5)","decl":{"start":{"line":60,"column":39},"end":{"line":60,"column":40}},"loc":{"start":{"line":60,"column":44},"end":{"line":60,"column":51}},"line":60},"6":{"name":"(anonymous_6)","decl":{"start":{"line":73,"column":37},"end":{"line":73,"column":38}},"loc":{"start":{"line":73,"column":69},"end":{"line":80,"column":1}},"line":73}},"branchMap":{"0":{"loc":{"start":{"line":38,"column":4},"end":{"line":43,"column":5}},"type":"if","locations":[{"start":{"line":38,"column":4},"end":{"line":43,"column":5}},{"start":{"line":38,"column":4},"end":{"line":43,"column":5}}],"line":38},"1":{"loc":{"start":{"line":57,"column":4},"end":{"line":62,"column":5}},"type":"if","locations":[{"start":{"line":57,"column":4},"end":{"line":62,"column":5}},{"start":{"line":57,"column":4},"end":{"line":62,"column":5}}],"line":57}},"s":{"0":7,"1":7,"2":7,"3":7,"4":7,"5":7,"6":7,"7":7,"8":11,"9":11,"10":7,"11":2,"12":2,"13":1,"14":1,"15":7,"16":7,"17":7,"18":7,"19":4,"20":4,"21":3,"22":2,"23":1,"24":7,"25":3,"26":3,"27":3,"28":1,"29":1,"30":2,"31":1,"32":1,"33":7,"34":3,"35":3,"36":2,"37":1,"38":7},"f":{"0":11,"1":2,"2":7,"3":4,"4":3,"5":1,"6":3},"b":{"0":[4,3],"1":[1,2]},"_coverageSchema":"1a1c01bbd47fc00a2c39e90264f33305004495a9","hash":"aa82dedfff53bf15a9993f924ba31506c3e1ea4f"}
,"C:\\Users\\Rich\\Programming\\Dev\\widgit_store\\backend\\routes\\users.js": {"path":"C:\\Users\\Rich\\Programming\\Dev\\widgit_store\\backend\\routes\\users.js","statementMap":{"0":{"start":{"line":3,"column":16},"end":{"line":3,"column":34}},"1":{"start":{"line":4,"column":15},"end":{"line":4,"column":31}},"2":{"start":{"line":6,"column":45},"end":{"line":6,"column":74}},"3":{"start":{"line":8,"column":13},"end":{"line":8,"column":38}},"4":{"start":{"line":9,"column":21},"end":{"line":9,"column":42}},"5":{"start":{"line":11,"column":22},"end":{"line":11,"column":62}},"6":{"start":{"line":12,"column":25},"end":{"line":12,"column":68}},"7":{"start":{"line":14,"column":20},"end":{"line":14,"column":51}},"8":{"start":{"line":18,"column":0},"end":{"line":21,"column":3}},"9":{"start":{"line":19,"column":16},"end":{"line":19,"column":36}},"10":{"start":{"line":20,"column":2},"end":{"line":20,"column":29}},"11":{"start":{"line":25,"column":0},"end":{"line":32,"column":3}},"12":{"start":{"line":26,"column":2},"end":{"line":31,"column":3}},"13":{"start":{"line":27,"column":17},"end":{"line":27,"column":56}},"14":{"start":{"line":28,"column":4},"end":{"line":28,"column":30}},"15":{"start":{"line":30,"column":4},"end":{"line":30,"column":21}},"16":{"start":{"line":36,"column":0},"end":{"line":53,"column":3}},"17":{"start":{"line":37,"column":2},"end":{"line":52,"column":3}},"18":{"start":{"line":38,"column":23},"end":{"line":38,"column":56}},"19":{"start":{"line":40,"column":4},"end":{"line":45,"column":5}},"20":{"start":{"line":41,"column":6},"end":{"line":44,"column":9}},"21":{"start":{"line":43,"column":44},"end":{"line":43,"column":51}},"22":{"start":{"line":47,"column":20},"end":{"line":47,"column":49}},"23":{"start":{"line":48,"column":18},"end":{"line":48,"column":38}},"24":{"start":{"line":49,"column":4},"end":{"line":49,"column":58}},"25":{"start":{"line":51,"column":4},"end":{"line":51,"column":19}},"26":{"start":{"line":64,"column":0},"end":{"line":94,"column":3}},"27":{"start":{"line":65,"column":2},"end":{"line":93,"column":3}},"28":{"start":{"line":66,"column":4},"end":{"line":68,"column":5}},"29":{"start":{"line":67,"column":6},"end":{"line":67,"column":59}},"30":{"start":{"line":76,"column":23},"end":{"line":76,"column":59}},"31":{"start":{"line":77,"column":4},"end":{"line":82,"column":5}},"32":{"start":{"line":78,"column":6},"end":{"line":81,"column":9}},"33":{"start":{"line":80,"column":44},"end":{"line":80,"column":51}},"34":{"start":{"line":84,"column":17},"end":{"line":84,"column":65}},"35":{"start":{"line":87,"column":4},"end":{"line":89,"column":5}},"36":{"start":{"line":88,"column":18},"end":{"line":88,"column":35}},"37":{"start":{"line":90,"column":4},"end":{"line":90,"column":66}},"38":{"start":{"line":92,"column":4},"end":{"line":92,"column":21}},"39":{"start":{"line":98,"column":0},"end":{"line":105,"column":3}},"40":{"start":{"line":99,"column":2},"end":{"line":104,"column":3}},"41":{"start":{"line":100,"column":4},"end":{"line":100,"column":43}},"42":{"start":{"line":101,"column":4},"end":{"line":101,"column":49}},"43":{"start":{"line":103,"column":4},"end":{"line":103,"column":21}},"44":{"start":{"line":107,"column":0},"end":{"line":107,"column":24}}},"fnMap":{"0":{"name":"(anonymous_0)","decl":{"start":{"line":18,"column":31},"end":{"line":18,"column":32}},"loc":{"start":{"line":18,"column":63},"end":{"line":21,"column":1}},"line":18},"1":{"name":"(anonymous_1)","decl":{"start":{"line":25,"column":44},"end":{"line":25,"column":45}},"loc":{"start":{"line":25,"column":76},"end":{"line":32,"column":1}},"line":25},"2":{"name":"(anonymous_2)","decl":{"start":{"line":36,"column":17},"end":{"line":36,"column":18}},"loc":{"start":{"line":36,"column":49},"end":{"line":53,"column":1}},"line":36},"3":{"name":"(anonymous_3)","decl":{"start":{"line":43,"column":39},"end":{"line":43,"column":40}},"loc":{"start":{"line":43,"column":44},"end":{"line":43,"column":51}},"line":43},"4":{"name":"(anonymous_4)","decl":{"start":{"line":64,"column":46},"end":{"line":64,"column":47}},"loc":{"start":{"line":64,"column":78},"end":{"line":94,"column":1}},"line":64},"5":{"name":"(anonymous_5)","decl":{"start":{"line":80,"column":39},"end":{"line":80,"column":40}},"loc":{"start":{"line":80,"column":44},"end":{"line":80,"column":51}},"line":80},"6":{"name":"(anonymous_6)","decl":{"start":{"line":98,"column":47},"end":{"line":98,"column":48}},"loc":{"start":{"line":98,"column":79},"end":{"line":105,"column":1}},"line":98}},"branchMap":{"0":{"loc":{"start":{"line":40,"column":4},"end":{"line":45,"column":5}},"type":"if","locations":[{"start":{"line":40,"column":4},"end":{"line":45,"column":5}},{"start":{"line":40,"column":4},"end":{"line":45,"column":5}}],"line":40},"1":{"loc":{"start":{"line":66,"column":4},"end":{"line":68,"column":5}},"type":"if","locations":[{"start":{"line":66,"column":4},"end":{"line":68,"column":5}},{"start":{"line":66,"column":4},"end":{"line":68,"column":5}}],"line":66},"2":{"loc":{"start":{"line":66,"column":8},"end":{"line":66,"column":55}},"type":"binary-expr","locations":[{"start":{"line":66,"column":8},"end":{"line":66,"column":29}},{"start":{"line":66,"column":33},"end":{"line":66,"column":55}}],"line":66},"3":{"loc":{"start":{"line":77,"column":4},"end":{"line":82,"column":5}},"type":"if","locations":[{"start":{"line":77,"column":4},"end":{"line":82,"column":5}},{"start":{"line":77,"column":4},"end":{"line":82,"column":5}}],"line":77},"4":{"loc":{"start":{"line":87,"column":4},"end":{"line":89,"column":5}},"type":"if","locations":[{"start":{"line":87,"column":4},"end":{"line":89,"column":5}},{"start":{"line":87,"column":4},"end":{"line":89,"column":5}}],"line":87},"5":{"loc":{"start":{"line":87,"column":8},"end":{"line":87,"column":70}},"type":"binary-expr","locations":[{"start":{"line":87,"column":8},"end":{"line":87,"column":25}},{"start":{"line":87,"column":29},"end":{"line":87,"column":70}}],"line":87},"6":{"loc":{"start":{"line":90,"column":11},"end":{"line":90,"column":65}},"type":"cond-expr","locations":[{"start":{"line":90,"column":19},"end":{"line":90,"column":44}},{"start":{"line":90,"column":47},"end":{"line":90,"column":65}}],"line":90}},"s":{"0":7,"1":7,"2":7,"3":7,"4":7,"5":7,"6":7,"7":7,"8":7,"9":2,"10":2,"11":7,"12":2,"13":2,"14":1,"15":1,"16":7,"17":4,"18":4,"19":4,"20":1,"21":1,"22":3,"23":1,"24":1,"25":2,"26":7,"27":7,"28":7,"29":2,"30":5,"31":5,"32":1,"33":1,"34":4,"35":3,"36":1,"37":3,"38":1,"39":7,"40":5,"41":5,"42":4,"43":1,"44":7},"f":{"0":2,"1":2,"2":4,"3":1,"4":7,"5":1,"6":5},"b":{"0":[1,3],"1":[2,5],"2":[7,6],"3":[1,4],"4":[1,2],"5":[3,1],"6":[1,2]},"_coverageSchema":"1a1c01bbd47fc00a2c39e90264f33305004495a9","hash":"76643617c31fd85000202f20f878bc0818fe04ae"}
,"C:\\Users\\Rich\\Programming\\Dev\\widgit_store\\backend\\utils\\createToken.js": {"path":"C:\\Users\\Rich\\Programming\\Dev\\widgit_store\\backend\\utils\\createToken.js","statementMap":{"0":{"start":{"line":1,"column":12},"end":{"line":1,"column":35}},"1":{"start":{"line":2,"column":19},"end":{"line":2,"column":39}},"2":{"start":{"line":7,"column":16},"end":{"line":11,"column":3}},"3":{"start":{"line":13,"column":2},"end":{"line":13,"column":35}},"4":{"start":{"line":16,"column":0},"end":{"line":16,"column":29}}},"fnMap":{"0":{"name":"createToken","decl":{"start":{"line":6,"column":9},"end":{"line":6,"column":20}},"loc":{"start":{"line":6,"column":27},"end":{"line":14,"column":1}},"line":6}},"branchMap":{},"s":{"0":7,"1":7,"2":134,"3":134,"4":7},"f":{"0":134},"b":{},"_coverageSchema":"1a1c01bbd47fc00a2c39e90264f33305004495a9","hash":"3e317eec73ab9278ec09d82d03077f511c3e303d"}
,"C:\\Users\\Rich\\Programming\\Dev\\widgit_store\\backend\\utils\\moneyFuncts.js": {"path":"C:\\Users\\Rich\\Programming\\Dev\\widgit_store\\backend\\utils\\moneyFuncts.js","statementMap":{"0":{"start":{"line":1,"column":16},"end":{"line":1,"column":37}},"1":{"start":{"line":3,"column":21},"end":{"line":3,"column":41}},"2":{"start":{"line":7,"column":2},"end":{"line":7,"column":56}},"3":{"start":{"line":7,"column":35},"end":{"line":7,"column":56}},"4":{"start":{"line":8,"column":19},"end":{"line":8,"column":48}},"5":{"start":{"line":9,"column":12},"end":{"line":9,"column":38}},"6":{"start":{"line":10,"column":2},"end":{"line":10,"column":55}},"7":{"start":{"line":15,"column":2},"end":{"line":21,"column":16}},"8":{"start":{"line":17,"column":20},"end":{"line":17,"column":64}},"9":{"start":{"line":18,"column":24},"end":{"line":18,"column":53}},"10":{"start":{"line":19,"column":6},"end":{"line":19,"column":33}},"11":{"start":{"line":26,"column":2},"end":{"line":26,"column":53}},"12":{"start":{"line":26,"column":39},"end":{"line":26,"column":53}},"13":{"start":{"line":27,"column":2},"end":{"line":27,"column":35}},"14":{"start":{"line":28,"column":2},"end":{"line":28,"column":49}},"15":{"start":{"line":33,"column":14},"end":{"line":33,"column":43}},"16":{"start":{"line":34,"column":2},"end":{"line":34,"column":35}},"17":{"start":{"line":35,"column":2},"end":{"line":35,"column":35}},"18":{"start":{"line":36,"column":2},"end":{"line":36,"column":58}},"19":{"start":{"line":39,"column":0},"end":{"line":44,"column":2}}},"fnMap":{"0":{"name":"calculateDiscountPrice","decl":{"start":{"line":6,"column":9},"end":{"line":6,"column":31}},"loc":{"start":{"line":6,"column":41},"end":{"line":11,"column":1}},"line":6},"1":{"name":"calculateSubtotal","decl":{"start":{"line":14,"column":9},"end":{"line":14,"column":26}},"loc":{"start":{"line":14,"column":34},"end":{"line":22,"column":1}},"line":14},"2":{"name":"(anonymous_2)","decl":{"start":{"line":16,"column":12},"end":{"line":16,"column":13}},"loc":{"start":{"line":16,"column":30},"end":{"line":20,"column":5}},"line":16},"3":{"name":"calculateTax","decl":{"start":{"line":25,"column":9},"end":{"line":25,"column":21}},"loc":{"start":{"line":25,"column":39},"end":{"line":29,"column":1}},"line":25},"4":{"name":"calculateTotal","decl":{"start":{"line":32,"column":9},"end":{"line":32,"column":23}},"loc":{"start":{"line":32,"column":55},"end":{"line":37,"column":1}},"line":32}},"branchMap":{"0":{"loc":{"start":{"line":7,"column":2},"end":{"line":7,"column":56}},"type":"if","locations":[{"start":{"line":7,"column":2},"end":{"line":7,"column":56}},{"start":{"line":7,"column":2},"end":{"line":7,"column":56}}],"line":7},"1":{"loc":{"start":{"line":26,"column":2},"end":{"line":26,"column":53}},"type":"if","locations":[{"start":{"line":26,"column":2},"end":{"line":26,"column":53}},{"start":{"line":26,"column":2},"end":{"line":26,"column":53}}],"line":26},"2":{"loc":{"start":{"line":35,"column":17},"end":{"line":35,"column":34}},"type":"binary-expr","locations":[{"start":{"line":35,"column":17},"end":{"line":35,"column":29}},{"start":{"line":35,"column":33},"end":{"line":35,"column":34}}],"line":35}},"s":{"0":8,"1":8,"2":14,"3":10,"4":4,"5":4,"6":4,"7":12,"8":12,"9":12,"10":12,"11":24,"12":6,"13":18,"14":18,"15":11,"16":11,"17":11,"18":11,"19":8},"f":{"0":14,"1":12,"2":12,"3":24,"4":11},"b":{"0":[10,4],"1":[6,18],"2":[11,2]},"_coverageSchema":"1a1c01bbd47fc00a2c39e90264f33305004495a9","hash":"c5c7c1695305e045d8429cfa3c7c7a757187ce47"}
,"C:\\Users\\Rich\\Programming\\Dev\\widgit_store\\backend\\utils\\partialUpdate.js": {"path":"C:\\Users\\Rich\\Programming\\Dev\\widgit_store\\backend\\utils\\partialUpdate.js","statementMap":{"0":{"start":{"line":14,"column":29},"end":{"line":14,"column":49}},"1":{"start":{"line":20,"column":12},"end":{"line":20,"column":13}},"2":{"start":{"line":21,"column":16},"end":{"line":21,"column":18}},"3":{"start":{"line":24,"column":2},"end":{"line":28,"column":3}},"4":{"start":{"line":25,"column":4},"end":{"line":27,"column":5}},"5":{"start":{"line":26,"column":6},"end":{"line":26,"column":24}},"6":{"start":{"line":30,"column":2},"end":{"line":33,"column":3}},"7":{"start":{"line":31,"column":4},"end":{"line":31,"column":38}},"8":{"start":{"line":32,"column":4},"end":{"line":32,"column":13}},"9":{"start":{"line":37,"column":19},"end":{"line":39,"column":8}},"10":{"start":{"line":42,"column":13},"end":{"line":42,"column":31}},"11":{"start":{"line":43,"column":14},"end":{"line":43,"column":87}},"12":{"start":{"line":45,"column":15},"end":{"line":45,"column":35}},"13":{"start":{"line":46,"column":2},"end":{"line":46,"column":18}},"14":{"start":{"line":48,"column":2},"end":{"line":48,"column":27}},"15":{"start":{"line":51,"column":0},"end":{"line":51,"column":37}}},"fnMap":{"0":{"name":"sqlForPartialUpdate","decl":{"start":{"line":16,"column":9},"end":{"line":16,"column":28}},"loc":{"start":{"line":16,"column":52},"end":{"line":49,"column":1}},"line":16}},"branchMap":{"0":{"loc":{"start":{"line":25,"column":4},"end":{"line":27,"column":5}},"type":"if","locations":[{"start":{"line":25,"column":4},"end":{"line":27,"column":5}},{"start":{"line":25,"column":4},"end":{"line":27,"column":5}}],"line":25},"1":{"loc":{"start":{"line":37,"column":19},"end":{"line":39,"column":8}},"type":"cond-expr","locations":[{"start":{"line":38,"column":6},"end":{"line":38,"column":29}},{"start":{"line":39,"column":6},"end":{"line":39,"column":8}}],"line":37}},"s":{"0":8,"1":12,"2":12,"3":12,"4":22,"5":10,"6":12,"7":12,"8":12,"9":12,"10":12,"11":12,"12":12,"13":12,"14":12,"15":8},"f":{"0":12},"b":{"0":[10,12],"1":[7,5]},"_coverageSchema":"1a1c01bbd47fc00a2c39e90264f33305004495a9","hash":"6bef27ef0ddad841fa93c5c4d7219d019694abac"}
,"C:\\Users\\Rich\\Programming\\Dev\\widgit_store\\backend\\utils\\verifyOrderDataValid.js": {"path":"C:\\Users\\Rich\\Programming\\Dev\\widgit_store\\backend\\utils\\verifyOrderDataValid.js","statementMap":{"0":{"start":{"line":1,"column":16},"end":{"line":1,"column":37}},"1":{"start":{"line":4,"column":11},"end":{"line":4,"column":27}},"2":{"start":{"line":9,"column":4},"end":{"line":9,"column":28}},"3":{"start":{"line":33,"column":2},"end":{"line":43,"column":3}},"4":{"start":{"line":35,"column":17},"end":{"line":38,"column":5}},"5":{"start":{"line":40,"column":20},"end":{"line":40,"column":32}},"6":{"start":{"line":41,"column":4},"end":{"line":41,"column":47}},"7":{"start":{"line":42,"column":4},"end":{"line":42,"column":53}},"8":{"start":{"line":46,"column":24},"end":{"line":46,"column":48}},"9":{"start":{"line":47,"column":19},"end":{"line":47,"column":53}},"10":{"start":{"line":48,"column":21},"end":{"line":52,"column":3}},"11":{"start":{"line":54,"column":2},"end":{"line":62,"column":3}},"12":{"start":{"line":55,"column":4},"end":{"line":55,"column":39}},"13":{"start":{"line":56,"column":4},"end":{"line":56,"column":29}},"14":{"start":{"line":57,"column":4},"end":{"line":57,"column":33}},"15":{"start":{"line":59,"column":27},"end":{"line":59,"column":79}},"16":{"start":{"line":60,"column":4},"end":{"line":60,"column":32}},"17":{"start":{"line":61,"column":4},"end":{"line":61,"column":25}},"18":{"start":{"line":66,"column":2},"end":{"line":68,"column":3}},"19":{"start":{"line":67,"column":4},"end":{"line":67,"column":51}},"20":{"start":{"line":71,"column":0},"end":{"line":71,"column":42}}},"fnMap":{"0":{"name":"verifyOrderDataValid","decl":{"start":{"line":22,"column":15},"end":{"line":22,"column":35}},"loc":{"start":{"line":29,"column":2},"end":{"line":63,"column":1}},"line":29},"1":{"name":"assert","decl":{"start":{"line":65,"column":9},"end":{"line":65,"column":15}},"loc":{"start":{"line":65,"column":36},"end":{"line":69,"column":1}},"line":65}},"branchMap":{"0":{"loc":{"start":{"line":66,"column":2},"end":{"line":68,"column":3}},"type":"if","locations":[{"start":{"line":66,"column":2},"end":{"line":68,"column":3}},{"start":{"line":66,"column":2},"end":{"line":68,"column":3}}],"line":66},"1":{"loc":{"start":{"line":67,"column":20},"end":{"line":67,"column":49}},"type":"binary-expr","locations":[{"start":{"line":67,"column":20},"end":{"line":67,"column":27}},{"start":{"line":67,"column":31},"end":{"line":67,"column":49}}],"line":67}},"s":{"0":7,"1":7,"2":7,"3":9,"4":9,"5":9,"6":9,"7":8,"8":7,"9":7,"10":7,"11":7,"12":7,"13":6,"14":5,"15":3,"16":3,"17":3,"18":35,"19":5,"20":7},"f":{"0":9,"1":35},"b":{"0":[5,30],"1":[5,5]},"_coverageSchema":"1a1c01bbd47fc00a2c39e90264f33305004495a9","hash":"8e55b5b4526a20f39f93695c67bc1477fc255303"}
}
