TN:
SF:app.js
FN:28,(anonymous_0)
FN:38,(anonymous_1)
FNF:2
FNH:1
FNDA:0,(anonymous_0)
FNDA:31,(anonymous_1)
DA:3,4
DA:4,4
DA:5,4
DA:6,4
DA:7,4
DA:11,4
DA:12,4
DA:14,4
DA:15,4
DA:16,4
DA:17,4
DA:18,4
DA:20,4
DA:21,4
DA:22,4
DA:23,4
DA:24,4
DA:28,4
DA:29,0
DA:30,0
DA:33,0
DA:38,4
DA:39,31
DA:41,31
DA:43,31
DA:49,4
LF:26
LH:23
BRDA:39,0,0,0
BRDA:39,0,1,31
BRDA:39,1,0,31
BRDA:39,1,1,0
BRDA:41,2,0,31
BRDA:41,2,1,0
BRF:6
BRH:3
end_of_record
TN:
SF:config.js
FNF:0
FNH:0
DA:3,5
DA:5,5
DA:7,5
DA:9,5
DA:16,5
DA:26,5
DA:27,5
DA:29,0
DA:32,5
DA:34,5
LF:10
LH:9
BRDA:5,0,0,5
BRDA:5,0,1,0
BRDA:7,1,0,5
BRDA:7,1,1,0
BRDA:9,2,0,5
BRDA:9,2,1,0
BRDA:26,3,0,5
BRDA:26,3,1,0
BRDA:29,4,0,0
BRDA:29,4,1,0
BRF:10
BRH:4
end_of_record
TN:
SF:db.js
FNF:0
FNH:0
DA:3,4
DA:4,4
DA:6,4
DA:10,4
DA:12,4
LF:5
LH:5
BRF:0
BRH:0
end_of_record
TN:
SF:helpers\createToken.js
FN:6,createToken
FNF:1
FNH:1
FNDA:61,createToken
DA:1,4
DA:2,4
DA:7,61
DA:13,61
DA:16,4
LF:5
LH:5
BRF:0
BRH:0
end_of_record
TN:
SF:helpers\partialUpdate.js
FN:16,sqlForPartialUpdate
FNF:1
FNH:1
FNDA:12,sqlForPartialUpdate
DA:14,5
DA:20,12
DA:21,12
DA:24,12
DA:25,22
DA:26,10
DA:30,12
DA:31,12
DA:32,12
DA:37,12
DA:42,12
DA:43,12
DA:45,12
DA:46,12
DA:48,12
DA:51,5
LF:16
LH:16
BRDA:25,0,0,10
BRDA:25,0,1,12
BRDA:37,1,0,7
BRDA:37,1,1,5
BRF:4
BRH:4
end_of_record
TN:
SF:helpers\testsConfig.js
FN:17,populateTestDataHook
FN:30,addTestDataHook
FN:91,clearDBTablesHook
FN:103,afterAllHook
FNF:4
FNH:4
FNDA:4,populateTestDataHook
FNDA:57,addTestDataHook
FNDA:57,clearDBTablesHook
FNDA:4,afterAllHook
DA:4,4
DA:5,4
DA:6,4
DA:9,4
DA:10,4
DA:11,4
DA:12,4
DA:15,4
DA:18,4
DA:20,0
DA:31,57
DA:33,57
DA:34,57
DA:48,57
DA:49,57
DA:56,57
DA:59,57
DA:62,57
DA:68,57
DA:71,57
DA:78,57
DA:81,57
DA:87,0
DA:92,57
DA:93,57
DA:94,57
DA:95,57
DA:96,57
DA:97,57
DA:99,0
DA:104,4
DA:105,4
DA:107,0
DA:111,4
LF:34
LH:30
BRF:0
BRH:0
end_of_record
TN:
SF:middleware\auth.js
FN:14,authRequired
FN:37,adminRequired
FN:67,ensureCorrectUser
FN:98,ensureCorrectUserId
FNF:4
FNH:3
FNDA:9,authRequired
FNDA:28,adminRequired
FNDA:18,ensureCorrectUser
FNDA:0,ensureCorrectUserId
DA:3,4
DA:4,4
DA:15,9
DA:16,9
DA:17,9
DA:18,9
DA:19,9
DA:20,9
DA:21,9
DA:23,0
DA:24,0
DA:25,0
DA:38,28
DA:39,28
DA:41,28
DA:42,28
DA:44,28
DA:45,28
DA:49,0
DA:51,0
DA:52,0
DA:54,0
DA:68,18
DA:69,18
DA:71,18
DA:72,17
DA:73,17
DA:75,17
DA:76,14
DA:80,3
DA:82,4
DA:83,4
DA:85,4
DA:99,0
DA:100,0
DA:102,0
DA:103,0
DA:104,0
DA:106,0
DA:107,0
DA:111,0
DA:113,0
DA:114,0
DA:116,0
DA:120,4
LF:45
LH:27
BRDA:16,0,0,9
BRDA:16,0,1,0
BRDA:39,1,0,28
BRDA:39,1,1,0
BRDA:44,2,0,28
BRDA:44,2,1,0
BRDA:69,3,0,18
BRDA:69,3,1,1
BRDA:75,4,0,14
BRDA:75,4,1,3
BRDA:100,5,0,0
BRDA:100,5,1,0
BRDA:106,6,0,0
BRDA:106,6,1,0
BRF:14
BRH:7
end_of_record
TN:
SF:models\distributor.js
FN:12,(anonymous_0)
FN:16,(anonymous_1)
FN:23,(anonymous_2)
FN:48,(anonymous_3)
FN:93,(anonymous_4)
FN:115,(anonymous_5)
FNF:6
FNH:6
FNDA:1,(anonymous_0)
FNDA:1,(anonymous_1)
FNDA:2,(anonymous_2)
FNDA:2,(anonymous_3)
FNDA:2,(anonymous_4)
FNDA:3,(anonymous_5)
DA:1,4
DA:2,4
DA:4,4
DA:13,1
DA:16,1
DA:17,1
DA:24,2
DA:31,2
DA:33,2
DA:34,1
DA:37,1
DA:38,1
DA:41,1
DA:43,1
DA:49,2
DA:56,2
DA:57,1
DA:60,1
DA:61,1
DA:64,1
DA:81,1
DA:94,2
DA:101,2
DA:102,2
DA:104,2
DA:105,1
DA:106,1
DA:107,1
DA:110,1
DA:116,3
DA:123,3
DA:124,1
DA:125,1
DA:126,1
DA:131,4
LF:35
LH:35
BRDA:17,0,0,0
BRDA:17,0,1,1
BRDA:33,1,0,1
BRDA:33,1,1,1
BRDA:41,2,0,1
BRDA:41,2,1,1
BRDA:56,3,0,1
BRDA:56,3,1,1
BRDA:104,4,0,1
BRDA:104,4,1,1
BRDA:123,5,0,1
BRDA:123,5,1,2
BRF:12
BRH:11
end_of_record
TN:
SF:models\order.js
FN:10,(anonymous_0)
FN:19,(anonymous_1)
FN:50,(anonymous_2)
FN:86,(anonymous_3)
FN:107,(anonymous_4)
FN:128,(anonymous_5)
FNF:6
FNH:6
FNDA:1,(anonymous_0)
FNDA:2,(anonymous_1)
FNDA:3,(anonymous_2)
FNDA:1,(anonymous_3)
FNDA:2,(anonymous_4)
FNDA:4,(anonymous_5)
DA:1,4
DA:2,4
DA:3,4
DA:11,1
DA:14,1
DA:20,2
DA:30,2
DA:32,2
DA:33,1
DA:34,1
DA:35,1
DA:38,1
DA:52,3
DA:53,3
DA:54,2
DA:57,2
DA:58,2
DA:61,1
DA:82,1
DA:86,1
DA:87,1
DA:91,1
DA:92,1
DA:95,1
DA:108,2
DA:114,2
DA:115,2
DA:117,2
DA:118,1
DA:119,1
DA:120,1
DA:123,1
DA:129,4
DA:136,4
DA:137,1
DA:138,1
DA:139,1
DA:144,4
LF:38
LH:38
BRDA:32,0,0,1
BRDA:32,0,1,1
BRDA:53,1,0,2
BRDA:53,1,1,1
BRDA:117,2,0,1
BRDA:117,2,1,1
BRDA:136,3,0,1
BRDA:136,3,1,3
BRF:8
BRH:8
end_of_record
TN:
SF:models\product.js
FN:9,(anonymous_0)
FN:59,(anonymous_1)
FN:82,(anonymous_2)
FN:122,(anonymous_3)
FN:146,(anonymous_4)
FN:174,(anonymous_5)
FN:192,(anonymous_6)
FNF:7
FNH:7
FNDA:11,(anonymous_0)
FNDA:3,(anonymous_1)
FNDA:4,(anonymous_2)
FNDA:2,(anonymous_3)
FNDA:3,(anonymous_4)
FNDA:3,(anonymous_5)
FNDA:1,(anonymous_6)
DA:1,4
DA:2,4
DA:10,11
DA:13,11
DA:14,11
DA:15,11
DA:20,11
DA:21,2
DA:22,2
DA:25,11
DA:26,2
DA:27,2
DA:30,11
DA:31,2
DA:32,2
DA:35,11
DA:36,2
DA:37,2
DA:40,11
DA:46,2
DA:48,11
DA:52,11
DA:53,11
DA:54,11
DA:60,3
DA:67,3
DA:69,3
DA:70,1
DA:73,1
DA:74,1
DA:77,2
DA:84,4
DA:88,4
DA:89,1
DA:90,1
DA:91,1
DA:94,3
DA:110,3
DA:123,2
DA:130,2
DA:131,2
DA:133,2
DA:134,1
DA:137,1
DA:138,1
DA:141,1
DA:147,3
DA:156,3
DA:157,1
DA:158,1
DA:159,1
DA:175,3
DA:176,3
DA:178,3
DA:179,4
DA:186,3
DA:189,1
DA:192,2
DA:193,1
DA:200,2
DA:205,4
LF:61
LH:61
BRDA:20,0,0,2
BRDA:20,0,1,9
BRDA:25,1,0,2
BRDA:25,1,1,9
BRDA:30,2,0,2
BRDA:30,2,1,9
BRDA:35,3,0,2
BRDA:35,3,1,9
BRDA:40,4,0,2
BRDA:40,4,1,9
BRDA:41,5,0,11
BRDA:41,5,1,2
BRDA:41,5,2,2
BRDA:41,5,3,2
BRDA:48,6,0,8
BRDA:48,6,1,3
BRDA:69,7,0,1
BRDA:69,7,1,2
BRDA:88,8,0,1
BRDA:88,8,1,3
BRDA:133,9,0,1
BRDA:133,9,1,1
BRDA:156,10,0,1
BRDA:156,10,1,2
BRF:24
BRH:24
end_of_record
TN:
SF:models\user.js
FN:11,(anonymous_0)
FN:39,(anonymous_1)
FN:96,(anonymous_2)
FN:106,(anonymous_3)
FN:138,(anonymous_4)
FN:156,(anonymous_5)
FNF:6
FNH:5
FNDA:0,(anonymous_0)
FNDA:3,(anonymous_1)
FNDA:1,(anonymous_2)
FNDA:3,(anonymous_3)
FNDA:4,(anonymous_4)
FNDA:5,(anonymous_5)
DA:1,4
DA:2,4
DA:3,4
DA:5,4
DA:13,0
DA:26,0
DA:27,0
DA:29,0
DA:30,0
DA:31,0
DA:34,0
DA:35,0
DA:36,0
DA:40,3
DA:46,3
DA:47,1
DA:50,1
DA:51,1
DA:53,2
DA:59,2
DA:60,1
DA:63,1
DA:64,1
DA:66,1
DA:67,1
DA:93,1
DA:97,1
DA:103,1
DA:107,3
DA:115,3
DA:116,3
DA:117,1
DA:118,1
DA:119,1
DA:121,2
DA:127,2
DA:128,2
DA:139,4
DA:140,2
DA:142,4
DA:143,4
DA:144,4
DA:146,4
DA:147,1
DA:148,1
DA:149,1
DA:151,3
DA:152,3
DA:153,3
DA:157,5
DA:165,5
DA:166,1
DA:167,1
DA:168,1
DA:173,4
LF:55
LH:46
BRDA:27,0,0,0
BRDA:27,0,1,0
BRDA:30,1,0,0
BRDA:30,1,1,0
BRDA:46,2,0,1
BRDA:46,2,1,2
BRDA:59,3,0,1
BRDA:59,3,1,1
BRDA:116,4,0,1
BRDA:116,4,1,2
BRDA:139,5,0,2
BRDA:139,5,1,2
BRDA:146,6,0,1
BRDA:146,6,1,3
BRDA:165,7,0,1
BRDA:165,7,1,4
BRF:16
BRH:12
end_of_record
TN:
SF:routes\auth.js
FN:11,(anonymous_0)
FN:17,(anonymous_1)
FNF:2
FNH:0
FNDA:0,(anonymous_0)
FNDA:0,(anonymous_1)
DA:3,4
DA:4,4
DA:5,4
DA:7,4
DA:8,4
DA:9,4
DA:11,4
DA:12,0
DA:13,0
DA:14,0
DA:15,0
DA:17,0
DA:20,0
DA:21,0
DA:22,0
DA:24,0
DA:28,4
LF:17
LH:8
BRDA:14,0,0,0
BRDA:14,0,1,0
BRF:2
BRH:0
end_of_record
TN:
SF:routes\distributors.js
FN:16,(anonymous_0)
FN:27,(anonymous_1)
FN:38,(anonymous_2)
FN:44,(anonymous_3)
FN:57,(anonymous_4)
FN:63,(anonymous_5)
FN:76,(anonymous_6)
FNF:7
FNH:6
FNDA:1,(anonymous_0)
FNDA:2,(anonymous_1)
FNDA:2,(anonymous_2)
FNDA:0,(anonymous_3)
FNDA:3,(anonymous_4)
FNDA:1,(anonymous_5)
FNDA:3,(anonymous_6)
DA:3,4
DA:4,4
DA:6,4
DA:8,4
DA:9,4
DA:11,4
DA:12,4
DA:16,4
DA:17,1
DA:18,1
DA:19,1
DA:21,0
DA:27,4
DA:28,2
DA:29,2
DA:30,1
DA:32,1
DA:38,4
DA:39,2
DA:40,2
DA:41,2
DA:42,0
DA:44,0
DA:48,2
DA:49,1
DA:51,1
DA:57,4
DA:58,3
DA:59,3
DA:60,3
DA:61,1
DA:63,1
DA:67,2
DA:68,1
DA:70,1
DA:76,4
DA:77,3
DA:78,3
DA:79,2
DA:81,1
DA:85,4
LF:41
LH:38
BRDA:41,0,0,0
BRDA:41,0,1,2
BRDA:60,1,0,1
BRDA:60,1,1,2
BRF:4
BRH:3
end_of_record
TN:
SF:routes\orders.js
FN:20,(anonymous_0)
FN:31,(anonymous_1)
FN:49,(anonymous_2)
FN:55,(anonymous_3)
FN:68,(anonymous_4)
FN:74,(anonymous_5)
FN:87,(anonymous_6)
FNF:7
FNH:7
FNDA:1,(anonymous_0)
FNDA:2,(anonymous_1)
FNDA:4,(anonymous_2)
FNDA:2,(anonymous_3)
FNDA:4,(anonymous_4)
FNDA:4,(anonymous_5)
FNDA:4,(anonymous_6)
DA:3,4
DA:4,4
DA:10,4
DA:12,4
DA:13,4
DA:15,4
DA:16,4
DA:20,4
DA:21,1
DA:22,1
DA:23,1
DA:25,0
DA:31,4
DA:32,2
DA:33,2
DA:35,1
DA:36,0
DA:37,0
DA:38,0
DA:41,1
DA:43,1
DA:49,4
DA:50,4
DA:51,4
DA:52,4
DA:53,1
DA:55,2
DA:59,3
DA:60,1
DA:62,2
DA:68,4
DA:69,4
DA:70,4
DA:71,4
DA:72,2
DA:74,4
DA:78,2
DA:79,1
DA:81,1
DA:87,4
DA:88,4
DA:89,4
DA:90,3
DA:92,1
DA:96,4
LF:45
LH:41
BRDA:35,0,0,0
BRDA:35,0,1,1
BRDA:35,1,0,1
BRDA:35,1,1,0
BRDA:52,2,0,1
BRDA:52,2,1,3
BRDA:71,3,0,2
BRDA:71,3,1,2
BRF:8
BRH:6
end_of_record
TN:
SF:routes\products.js
FN:16,(anonymous_0)
FN:27,(anonymous_1)
FN:38,(anonymous_2)
FN:45,(anonymous_3)
FN:58,(anonymous_4)
FN:64,(anonymous_5)
FN:77,(anonymous_6)
FNF:7
FNH:6
FNDA:11,(anonymous_0)
FNDA:3,(anonymous_1)
FNDA:4,(anonymous_2)
FNDA:0,(anonymous_3)
FNDA:3,(anonymous_4)
FNDA:1,(anonymous_5)
FNDA:3,(anonymous_6)
DA:3,4
DA:4,4
DA:6,4
DA:8,4
DA:9,4
DA:11,4
DA:12,4
DA:16,4
DA:17,11
DA:18,11
DA:19,11
DA:21,0
DA:27,4
DA:28,3
DA:29,3
DA:30,2
DA:32,1
DA:38,4
DA:39,4
DA:40,4
DA:42,4
DA:43,0
DA:45,0
DA:49,4
DA:50,3
DA:52,1
DA:58,4
DA:59,3
DA:60,3
DA:61,3
DA:62,1
DA:64,1
DA:68,2
DA:69,1
DA:71,1
DA:77,4
DA:78,3
DA:79,3
DA:80,2
DA:82,1
DA:86,4
LF:41
LH:38
BRDA:42,0,0,0
BRDA:42,0,1,4
BRDA:61,1,0,1
BRDA:61,1,1,2
BRF:4
BRH:3
end_of_record
TN:
SF:routes\users.js
FN:18,(anonymous_0)
FN:29,(anonymous_1)
FN:40,(anonymous_2)
FN:47,(anonymous_3)
FN:68,(anonymous_4)
FN:84,(anonymous_5)
FN:102,(anonymous_6)
FNF:7
FNH:7
FNDA:1,(anonymous_0)
FNDA:2,(anonymous_1)
FNDA:4,(anonymous_2)
FNDA:1,(anonymous_3)
FNDA:7,(anonymous_4)
FNDA:1,(anonymous_5)
FNDA:5,(anonymous_6)
DA:3,4
DA:4,4
DA:6,4
DA:8,4
DA:9,4
DA:11,4
DA:12,4
DA:14,4
DA:18,4
DA:19,1
DA:20,1
DA:21,1
DA:23,0
DA:29,4
DA:30,2
DA:31,2
DA:32,1
DA:34,1
DA:40,4
DA:41,4
DA:42,4
DA:44,4
DA:45,1
DA:47,1
DA:51,3
DA:52,1
DA:53,1
DA:55,2
DA:68,4
DA:69,7
DA:70,7
DA:71,2
DA:80,5
DA:81,5
DA:82,1
DA:84,1
DA:88,4
DA:91,3
DA:92,3
DA:94,3
DA:96,1
DA:102,4
DA:103,5
DA:104,5
DA:105,4
DA:107,1
DA:111,4
LF:47
LH:46
BRDA:44,0,0,1
BRDA:44,0,1,3
BRDA:70,1,0,2
BRDA:70,1,1,5
BRDA:70,2,0,7
BRDA:70,2,1,6
BRDA:81,3,0,1
BRDA:81,3,1,4
BRDA:91,4,0,3
BRDA:91,4,1,0
BRDA:94,5,0,3
BRDA:94,5,1,0
BRF:12
BRH:10
end_of_record
