TN:
SF:app.js
FN:28,(anonymous_0)
FN:38,(anonymous_1)
FNF:2
FNH:2
FNDA:1,(anonymous_0)
FNDA:63,(anonymous_1)
DA:3,7
DA:4,7
DA:5,7
DA:6,7
DA:7,7
DA:9,7
DA:10,7
DA:11,7
DA:12,7
DA:14,7
DA:15,7
DA:16,7
DA:17,7
DA:18,7
DA:20,7
DA:21,7
DA:22,7
DA:23,7
DA:24,7
DA:28,7
DA:29,1
DA:30,1
DA:33,1
DA:38,7
DA:45,63
DA:51,7
LF:26
LH:26
BRF:0
BRH:0
end_of_record
TN:
SF:braintreeGateway.js
FNF:0
FNH:0
DA:1,7
DA:3,7
DA:5,7
DA:11,7
LF:4
LH:4
BRF:0
BRH:0
end_of_record
TN:
SF:db.js
FNF:0
FNH:0
DA:3,7
DA:4,7
DA:16,7
DA:28,7
LF:4
LH:4
BRF:0
BRH:0
end_of_record
TN:
SF:middleware\auth.js
FN:15,authRequired
FN:39,adminRequired
FN:72,ensureCorrectUser
FNF:3
FNH:3
FNDA:5,authRequired
FNDA:41,adminRequired
FNDA:22,ensureCorrectUser
DA:3,7
DA:4,7
DA:16,5
DA:17,5
DA:18,5
DA:19,3
DA:20,3
DA:21,3
DA:22,3
DA:24,2
DA:25,2
DA:26,2
DA:40,41
DA:41,41
DA:43,41
DA:44,37
DA:45,37
DA:46,37
DA:48,37
DA:49,33
DA:52,4
DA:54,8
DA:55,8
DA:57,8
DA:73,22
DA:74,22
DA:76,22
DA:77,20
DA:78,20
DA:79,20
DA:81,20
DA:86,16
DA:89,4
DA:91,6
DA:92,6
DA:94,6
DA:98,7
LF:37
LH:37
BRDA:17,0,0,5
BRDA:17,0,1,2
BRDA:41,1,0,41
BRDA:41,1,1,4
BRDA:48,2,0,33
BRDA:48,2,1,4
BRDA:74,3,0,22
BRDA:74,3,1,2
BRDA:81,4,0,16
BRDA:81,4,1,4
BRDA:82,5,0,20
BRDA:82,5,1,4
BRDA:82,5,2,4
BRF:13
BRH:13
end_of_record
TN:
SF:models\distributor.js
FN:12,(anonymous_0)
FN:16,(anonymous_1)
FN:23,(anonymous_2)
FN:48,(anonymous_3)
FN:93,(anonymous_4)
FN:115,(anonymous_5)
FNF:6
FNH:6
FNDA:1,(anonymous_0)
FNDA:2,(anonymous_1)
FNDA:2,(anonymous_2)
FNDA:2,(anonymous_3)
FNDA:2,(anonymous_4)
FNDA:3,(anonymous_5)
DA:1,7
DA:2,7
DA:4,7
DA:13,1
DA:16,1
DA:17,2
DA:24,2
DA:31,2
DA:33,2
DA:34,1
DA:37,1
DA:38,1
DA:41,1
DA:43,1
DA:49,2
DA:56,2
DA:57,1
DA:60,1
DA:61,1
DA:64,1
DA:81,1
DA:94,2
DA:101,2
DA:102,2
DA:104,2
DA:105,1
DA:106,1
DA:107,1
DA:110,1
DA:116,3
DA:123,3
DA:124,1
DA:125,1
DA:126,1
DA:131,7
LF:35
LH:35
BRDA:17,0,0,1
BRDA:17,0,1,1
BRDA:33,1,0,1
BRDA:33,1,1,1
BRDA:41,2,0,1
BRDA:41,2,1,1
BRDA:56,3,0,1
BRDA:56,3,1,1
BRDA:104,4,0,1
BRDA:104,4,1,1
BRDA:123,5,0,1
BRDA:123,5,1,2
BRF:12
BRH:12
end_of_record
TN:
SF:models\order.js
FN:11,(anonymous_0)
FN:21,(anonymous_1)
FN:53,(anonymous_2)
FN:166,(anonymous_3)
FN:187,(anonymous_4)
FNF:5
FNH:5
FNDA:1,(anonymous_0)
FNDA:2,(anonymous_1)
FNDA:9,(anonymous_2)
FNDA:2,(anonymous_3)
FNDA:4,(anonymous_4)
DA:1,7
DA:2,7
DA:3,7
DA:4,7
DA:12,1
DA:16,1
DA:22,2
DA:32,2
DA:34,2
DA:35,1
DA:36,1
DA:37,1
DA:40,1
DA:66,9
DA:70,9
DA:72,9
DA:75,9
DA:85,4
DA:87,4
DA:88,4
DA:95,3
DA:98,3
DA:105,3
DA:108,2
DA:128,2
DA:131,2
DA:132,2
DA:139,2
DA:140,2
DA:143,7
DA:147,7
DA:151,7
DA:152,7
DA:153,7
DA:167,2
DA:173,2
DA:174,2
DA:176,2
DA:177,1
DA:178,1
DA:179,1
DA:182,1
DA:188,4
DA:195,4
DA:196,1
DA:197,1
DA:198,1
DA:203,7
LF:48
LH:48
BRDA:34,0,0,1
BRDA:34,0,1,1
BRDA:62,1,0,9
BRDA:63,2,0,9
BRDA:105,3,0,1
BRDA:105,3,1,2
BRDA:115,4,0,2
BRDA:115,4,1,1
BRDA:147,5,0,1
BRDA:147,5,1,6
BRDA:176,6,0,1
BRDA:176,6,1,1
BRDA:195,7,0,1
BRDA:195,7,1,3
BRF:14
BRH:14
end_of_record
TN:
SF:models\product.js
FN:9,(anonymous_0)
FN:63,(anonymous_1)
FN:86,(anonymous_2)
FN:127,(anonymous_3)
FN:151,(anonymous_4)
FNF:5
FNH:5
FNDA:11,(anonymous_0)
FNDA:2,(anonymous_1)
FNDA:3,(anonymous_2)
FNDA:2,(anonymous_3)
FNDA:3,(anonymous_4)
DA:1,7
DA:2,7
DA:10,11
DA:13,11
DA:14,11
DA:15,11
DA:20,11
DA:21,2
DA:22,2
DA:25,11
DA:26,2
DA:27,2
DA:30,11
DA:31,2
DA:32,2
DA:35,11
DA:36,2
DA:37,2
DA:40,11
DA:47,2
DA:49,9
DA:52,11
DA:56,11
DA:57,11
DA:58,11
DA:64,2
DA:71,2
DA:73,2
DA:74,1
DA:77,1
DA:78,1
DA:81,1
DA:88,3
DA:92,3
DA:93,1
DA:94,1
DA:95,1
DA:98,2
DA:115,2
DA:128,2
DA:135,2
DA:136,2
DA:138,2
DA:139,1
DA:142,1
DA:143,1
DA:146,1
DA:152,3
DA:161,3
DA:162,1
DA:163,1
DA:164,1
DA:169,7
LF:53
LH:53
BRDA:20,0,0,2
BRDA:20,0,1,9
BRDA:25,1,0,2
BRDA:25,1,1,9
BRDA:30,2,0,2
BRDA:30,2,1,9
BRDA:35,3,0,2
BRDA:35,3,1,9
BRDA:40,4,0,2
BRDA:40,4,1,9
BRDA:42,5,0,11
BRDA:42,5,1,2
BRDA:42,5,2,2
BRDA:42,5,3,2
BRDA:52,6,0,8
BRDA:52,6,1,3
BRDA:73,7,0,1
BRDA:73,7,1,1
BRDA:92,8,0,1
BRDA:92,8,1,2
BRDA:138,9,0,1
BRDA:138,9,1,1
BRDA:161,10,0,1
BRDA:161,10,1,2
BRF:24
BRH:24
end_of_record
TN:
SF:models\user.js
FN:11,(anonymous_0)
FN:40,(anonymous_1)
FN:95,(anonymous_2)
FN:107,(anonymous_3)
FN:141,(anonymous_4)
FN:161,(anonymous_5)
FNF:6
FNH:6
FNDA:6,(anonymous_0)
FNDA:3,(anonymous_1)
FNDA:2,(anonymous_2)
FNDA:3,(anonymous_3)
FNDA:4,(anonymous_4)
FNDA:5,(anonymous_5)
DA:1,7
DA:2,7
DA:3,7
DA:5,7
DA:13,6
DA:24,6
DA:25,6
DA:27,5
DA:28,5
DA:29,4
DA:30,4
DA:33,2
DA:34,2
DA:35,2
DA:41,3
DA:47,3
DA:48,1
DA:51,1
DA:52,1
DA:54,2
DA:60,2
DA:61,1
DA:64,1
DA:65,1
DA:67,1
DA:68,1
DA:90,1
DA:96,2
DA:102,2
DA:108,3
DA:116,3
DA:117,3
DA:118,1
DA:119,1
DA:120,1
DA:122,2
DA:128,2
DA:129,2
DA:142,4
DA:143,2
DA:145,4
DA:146,4
DA:147,4
DA:149,4
DA:150,1
DA:151,1
DA:152,1
DA:154,3
DA:155,3
DA:156,3
DA:162,5
DA:170,5
DA:171,1
DA:172,1
DA:173,1
DA:178,7
LF:56
LH:56
BRDA:25,0,0,5
BRDA:25,0,1,1
BRDA:28,1,0,4
BRDA:28,1,1,1
BRDA:47,2,0,1
BRDA:47,2,1,2
BRDA:60,3,0,1
BRDA:60,3,1,1
BRDA:117,4,0,1
BRDA:117,4,1,2
BRDA:142,5,0,2
BRDA:142,5,1,2
BRDA:149,6,0,1
BRDA:149,6,1,3
BRDA:170,7,0,1
BRDA:170,7,1,4
BRF:16
BRH:16
end_of_record
TN:
SF:routes\auth.js
FN:11,(anonymous_0)
FN:17,(anonymous_1)
FN:29,(anonymous_2)
FN:35,(anonymous_3)
FNF:4
FNH:4
FNDA:6,(anonymous_0)
FNDA:2,(anonymous_1)
FNDA:4,(anonymous_2)
FNDA:2,(anonymous_3)
DA:3,7
DA:4,7
DA:5,7
DA:7,7
DA:8,7
DA:9,7
DA:11,7
DA:12,6
DA:13,6
DA:14,6
DA:15,2
DA:17,2
DA:20,4
DA:21,2
DA:22,2
DA:23,2
DA:25,2
DA:29,7
DA:30,4
DA:31,4
DA:32,4
DA:33,2
DA:35,2
DA:38,2
DA:39,2
DA:40,1
DA:41,1
DA:42,1
DA:44,1
DA:45,1
DA:46,1
DA:48,1
DA:52,7
LF:33
LH:33
BRDA:14,0,0,2
BRDA:14,0,1,4
BRDA:32,1,0,2
BRDA:32,1,1,2
BRDA:39,2,0,1
BRDA:39,2,1,1
BRF:6
BRH:6
end_of_record
TN:
SF:routes\distributors.js
FN:16,(anonymous_0)
FN:23,(anonymous_1)
FN:34,(anonymous_2)
FN:40,(anonymous_3)
FN:53,(anonymous_4)
FN:59,(anonymous_5)
FN:72,(anonymous_6)
FNF:7
FNH:7
FNDA:1,(anonymous_0)
FNDA:2,(anonymous_1)
FNDA:3,(anonymous_2)
FNDA:1,(anonymous_3)
FNDA:3,(anonymous_4)
FNDA:1,(anonymous_5)
FNDA:3,(anonymous_6)
DA:3,7
DA:4,7
DA:6,7
DA:8,7
DA:9,7
DA:11,7
DA:12,7
DA:16,7
DA:17,1
DA:18,1
DA:23,7
DA:24,2
DA:25,2
DA:26,1
DA:28,1
DA:34,7
DA:35,3
DA:36,3
DA:37,3
DA:38,1
DA:40,1
DA:44,2
DA:45,1
DA:47,1
DA:53,7
DA:54,3
DA:55,3
DA:56,3
DA:57,1
DA:59,1
DA:63,2
DA:64,1
DA:66,1
DA:72,7
DA:73,3
DA:74,3
DA:75,2
DA:77,1
DA:81,7
LF:39
LH:39
BRDA:37,0,0,1
BRDA:37,0,1,2
BRDA:56,1,0,1
BRDA:56,1,1,2
BRF:4
BRH:4
end_of_record
TN:
SF:routes\orders.js
FN:16,(anonymous_0)
FN:23,(anonymous_1)
FN:43,(anonymous_2)
FN:49,(anonymous_3)
FN:62,(anonymous_4)
FN:68,(anonymous_5)
FN:81,(anonymous_6)
FNF:7
FNH:7
FNDA:1,(anonymous_0)
FNDA:2,(anonymous_1)
FNDA:12,(anonymous_2)
FNDA:3,(anonymous_3)
FNDA:4,(anonymous_4)
FNDA:2,(anonymous_5)
FNDA:4,(anonymous_6)
DA:3,7
DA:4,7
DA:6,7
DA:8,7
DA:9,7
DA:11,7
DA:12,7
DA:16,7
DA:17,1
DA:18,1
DA:23,7
DA:24,2
DA:25,2
DA:34,1
DA:35,1
DA:37,1
DA:43,7
DA:44,12
DA:45,12
DA:46,12
DA:47,3
DA:49,3
DA:53,9
DA:54,2
DA:56,7
DA:62,7
DA:63,4
DA:64,4
DA:65,4
DA:66,2
DA:68,2
DA:72,2
DA:73,1
DA:75,1
DA:81,7
DA:82,4
DA:83,4
DA:84,3
DA:86,1
DA:90,7
LF:40
LH:40
BRDA:46,0,0,3
BRDA:46,0,1,9
BRDA:65,1,0,2
BRDA:65,1,1,2
BRF:4
BRH:4
end_of_record
TN:
SF:routes\products.js
FN:16,(anonymous_0)
FN:23,(anonymous_1)
FN:34,(anonymous_2)
FN:41,(anonymous_3)
FN:54,(anonymous_4)
FN:60,(anonymous_5)
FN:73,(anonymous_6)
FNF:7
FNH:7
FNDA:11,(anonymous_0)
FNDA:2,(anonymous_1)
FNDA:7,(anonymous_2)
FNDA:4,(anonymous_3)
FNDA:3,(anonymous_4)
FNDA:1,(anonymous_5)
FNDA:3,(anonymous_6)
DA:3,7
DA:4,7
DA:6,7
DA:8,7
DA:9,7
DA:11,7
DA:12,7
DA:16,7
DA:17,11
DA:18,11
DA:23,7
DA:24,2
DA:25,2
DA:26,1
DA:28,1
DA:34,7
DA:35,7
DA:36,7
DA:38,7
DA:39,4
DA:41,4
DA:45,3
DA:46,2
DA:48,1
DA:54,7
DA:55,3
DA:56,3
DA:57,3
DA:58,1
DA:60,1
DA:64,2
DA:65,1
DA:67,1
DA:73,7
DA:74,3
DA:75,3
DA:76,2
DA:78,1
DA:82,7
LF:39
LH:39
BRDA:38,0,0,4
BRDA:38,0,1,3
BRDA:57,1,0,1
BRDA:57,1,1,2
BRF:4
BRH:4
end_of_record
TN:
SF:routes\users.js
FN:18,(anonymous_0)
FN:25,(anonymous_1)
FN:36,(anonymous_2)
FN:43,(anonymous_3)
FN:64,(anonymous_4)
FN:80,(anonymous_5)
FN:98,(anonymous_6)
FNF:7
FNH:7
FNDA:2,(anonymous_0)
FNDA:2,(anonymous_1)
FNDA:4,(anonymous_2)
FNDA:1,(anonymous_3)
FNDA:7,(anonymous_4)
FNDA:1,(anonymous_5)
FNDA:5,(anonymous_6)
DA:3,7
DA:4,7
DA:6,7
DA:8,7
DA:9,7
DA:11,7
DA:12,7
DA:14,7
DA:18,7
DA:19,2
DA:20,2
DA:25,7
DA:26,2
DA:27,2
DA:28,1
DA:30,1
DA:36,7
DA:37,4
DA:38,4
DA:40,4
DA:41,1
DA:43,1
DA:47,3
DA:48,1
DA:49,1
DA:51,2
DA:64,7
DA:65,7
DA:66,7
DA:67,2
DA:76,5
DA:77,5
DA:78,1
DA:80,1
DA:84,4
DA:87,3
DA:88,1
DA:90,3
DA:92,1
DA:98,7
DA:99,5
DA:100,5
DA:101,4
DA:103,1
DA:107,7
LF:45
LH:45
BRDA:40,0,0,1
BRDA:40,0,1,3
BRDA:66,1,0,2
BRDA:66,1,1,5
BRDA:66,2,0,7
BRDA:66,2,1,6
BRDA:77,3,0,1
BRDA:77,3,1,4
BRDA:87,4,0,1
BRDA:87,4,1,2
BRDA:87,5,0,3
BRDA:87,5,1,1
BRDA:90,6,0,1
BRDA:90,6,1,2
BRF:14
BRH:14
end_of_record
TN:
SF:utils\createToken.js
FN:6,createToken
FNF:1
FNH:1
FNDA:134,createToken
DA:1,7
DA:2,7
DA:7,134
DA:13,134
DA:16,7
LF:5
LH:5
BRF:0
BRH:0
end_of_record
TN:
SF:utils\moneyFuncts.js
FN:17,calculateDiscountPrice
FN:34,calculateSubtotal
FN:36,(anonymous_2)
FN:53,calculateTax
FN:69,calculateTotal
FNF:5
FNH:5
FNDA:14,calculateDiscountPrice
FNDA:12,calculateSubtotal
FNDA:12,(anonymous_2)
FNDA:24,calculateTax
FNDA:11,calculateTotal
DA:3,8
DA:5,8
DA:18,14
DA:19,4
DA:20,4
DA:35,12
DA:37,12
DA:38,12
DA:39,12
DA:54,24
DA:55,18
DA:56,18
DA:70,11
DA:71,11
DA:72,11
DA:73,11
DA:76,8
LF:17
LH:17
BRDA:18,0,0,10
BRDA:18,0,1,4
BRDA:54,1,0,6
BRDA:54,1,1,18
BRDA:72,2,0,11
BRDA:72,2,1,2
BRF:6
BRH:6
end_of_record
TN:
SF:utils\partialUpdate.js
FN:16,sqlForPartialUpdate
FNF:1
FNH:1
FNDA:12,sqlForPartialUpdate
DA:14,8
DA:20,12
DA:21,12
DA:24,12
DA:25,22
DA:26,10
DA:30,12
DA:31,12
DA:32,12
DA:37,12
DA:42,12
DA:43,12
DA:45,12
DA:46,12
DA:48,12
DA:51,8
LF:16
LH:16
BRDA:25,0,0,10
BRDA:25,0,1,12
BRDA:37,1,0,7
BRDA:37,1,1,5
BRF:4
BRH:4
end_of_record
TN:
SF:utils\verifyOrderDataValid.js
FN:22,verifyOrderDataValid
FN:65,assert
FNF:2
FNH:2
FNDA:9,verifyOrderDataValid
FNDA:35,assert
DA:1,7
DA:4,7
DA:9,7
DA:33,9
DA:35,9
DA:40,9
DA:41,9
DA:42,8
DA:46,7
DA:47,7
DA:48,7
DA:54,7
DA:55,7
DA:56,6
DA:57,5
DA:59,3
DA:60,3
DA:61,3
DA:66,35
DA:67,5
DA:71,7
LF:21
LH:21
BRDA:66,0,0,5
BRDA:66,0,1,30
BRDA:67,1,0,5
BRDA:67,1,1,5
BRF:4
BRH:4
end_of_record
